TpTrace Verbose: 0 : 6116, 1, 2022/06/16, 21:55:08.473, 1134654238306, vstest.console.dll, Version: 17.2.0-release-20220408-11 Current process architecture: X64
TpTrace Information: 0 : 6116, 1, 2022/06/16, 21:55:08.483, 1134654336192, vstest.console.dll, FilePatternParser: The given file C:\Users\Decagon\source\repos\Portfolio_DM\MyPortfolioest\bin\Debug\net5.0\fine-code-coverage\build-output\MyPortfolioTest.dll is a full path.
TpTrace Verbose: 0 : 6116, 1, 2022/06/16, 21:55:08.489, 1134654398985, vstest.console.dll, TestPluginCache.DiscoverTestExtensions: finding test extensions in assemblies ends with: RuntimeProvider.dll TPluginInfo: Microsoft.VisualStudio.TestPlatform.Common.ExtensionFramework.Utilities.TestRuntimePluginInformation TExtension: Microsoft.VisualStudio.TestPlatform.ObjectModel.Host.ITestRuntimeProvider
TpTrace Verbose: 0 : 6116, 1, 2022/06/16, 21:55:08.490, 1134654408271, vstest.console.dll, TestPluginCache.GetExtensionPaths: Filtered extension paths: 
TpTrace Verbose: 0 : 6116, 1, 2022/06/16, 21:55:08.490, 1134654409567, vstest.console.dll, TestPluginCache.GetExtensionPaths: Added default extension paths: C:\Program Files\dotnet\sdk\6.0.300\Extensions\DumpMinitool.exe
C:\Program Files\dotnet\sdk\6.0.300\Extensions\DumpMinitool.x86.exe
C:\Program Files\dotnet\sdk\6.0.300\Extensions\Microsoft.Diagnostics.NETCore.Client.dll
C:\Program Files\dotnet\sdk\6.0.300\Extensions\Microsoft.TestPlatform.Extensions.BlameDataCollector.dll
C:\Program Files\dotnet\sdk\6.0.300\Extensions\Microsoft.TestPlatform.Extensions.EventLogCollector.dll
C:\Program Files\dotnet\sdk\6.0.300\Extensions\Microsoft.TestPlatform.TestHostRuntimeProvider.dll
C:\Program Files\dotnet\sdk\6.0.300\Extensions\Microsoft.VisualStudio.TestPlatform.Extensions.Html.TestLogger.dll
C:\Program Files\dotnet\sdk\6.0.300\Extensions\Microsoft.VisualStudio.TestPlatform.Extensions.Trx.TestLogger.dll
TpTrace Verbose: 0 : 6116, 1, 2022/06/16, 21:55:08.491, 1134654409828, vstest.console.dll, TestPluginCache.GetExtensionPaths: Added unfilterableExtensionPaths: 
TpTrace Information: 0 : 6116, 1, 2022/06/16, 21:55:08.491, 1134654415003, vstest.console.dll, AssemblyResolver.ctor: Creating AssemblyResolver with searchDirectories C:\Program Files\dotnet\sdk\6.0.300\Extensions,C:\Program Files\dotnet\sdk\6.0.300
TpTrace Verbose: 0 : 6116, 1, 2022/06/16, 21:55:08.493, 1134654431482, vstest.console.dll, TestPluginCache.DiscoverTestExtensions: Discovering the extensions using extension path.
TpTrace Verbose: 0 : 6116, 1, 2022/06/16, 21:55:08.493, 1134654432431, vstest.console.dll, TestPluginCache.GetExtensionPaths: Filtered extension paths: 
TpTrace Verbose: 0 : 6116, 1, 2022/06/16, 21:55:08.493, 1134654432766, vstest.console.dll, TestPluginCache.GetExtensionPaths: Added default extension paths: C:\Program Files\dotnet\sdk\6.0.300\Extensions\DumpMinitool.exe
C:\Program Files\dotnet\sdk\6.0.300\Extensions\DumpMinitool.x86.exe
C:\Program Files\dotnet\sdk\6.0.300\Extensions\Microsoft.Diagnostics.NETCore.Client.dll
C:\Program Files\dotnet\sdk\6.0.300\Extensions\Microsoft.TestPlatform.Extensions.BlameDataCollector.dll
C:\Program Files\dotnet\sdk\6.0.300\Extensions\Microsoft.TestPlatform.Extensions.EventLogCollector.dll
C:\Program Files\dotnet\sdk\6.0.300\Extensions\Microsoft.TestPlatform.TestHostRuntimeProvider.dll
C:\Program Files\dotnet\sdk\6.0.300\Extensions\Microsoft.VisualStudio.TestPlatform.Extensions.Html.TestLogger.dll
C:\Program Files\dotnet\sdk\6.0.300\Extensions\Microsoft.VisualStudio.TestPlatform.Extensions.Trx.TestLogger.dll
TpTrace Verbose: 0 : 6116, 1, 2022/06/16, 21:55:08.493, 1134654432965, vstest.console.dll, TestPluginCache.GetExtensionPaths: Added unfilterableExtensionPaths: 
TpTrace Verbose: 0 : 6116, 1, 2022/06/16, 21:55:08.493, 1134654433373, vstest.console.dll, TestPluginCache.DiscoverTestExtensions: Discovering the extensions using allExtensionPaths: C:\Program Files\dotnet\sdk\6.0.300\Extensions\DumpMinitool.exe
C:\Program Files\dotnet\sdk\6.0.300\Extensions\DumpMinitool.x86.exe
C:\Program Files\dotnet\sdk\6.0.300\Extensions\Microsoft.Diagnostics.NETCore.Client.dll
C:\Program Files\dotnet\sdk\6.0.300\Extensions\Microsoft.TestPlatform.Extensions.BlameDataCollector.dll
C:\Program Files\dotnet\sdk\6.0.300\Extensions\Microsoft.TestPlatform.Extensions.EventLogCollector.dll
C:\Program Files\dotnet\sdk\6.0.300\Extensions\Microsoft.TestPlatform.TestHostRuntimeProvider.dll
C:\Program Files\dotnet\sdk\6.0.300\Extensions\Microsoft.VisualStudio.TestPlatform.Extensions.Html.TestLogger.dll
C:\Program Files\dotnet\sdk\6.0.300\Extensions\Microsoft.VisualStudio.TestPlatform.Extensions.Trx.TestLogger.dll
TpTrace Information: 0 : 6116, 1, 2022/06/16, 21:55:08.493, 1134654434603, vstest.console.dll, AssemblyResolver.AddSearchDirectories: Adding more searchDirectories C:\Program Files\dotnet\sdk\6.0.300\Extensions,C:\Program Files\dotnet\sdk\6.0.300
TpTrace Information: 0 : 6116, 1, 2022/06/16, 21:55:08.493, 1134654435004, vstest.console.dll, AssemblyResolver.AddSearchDirectories: Adding more searchDirectories C:\Program Files\dotnet\sdk\6.0.300\Extensions,C:\Program Files\dotnet\sdk\6.0.300
TpTrace Information: 0 : 6116, 1, 2022/06/16, 21:55:08.493, 1134654435306, vstest.console.dll, AssemblyResolver.AddSearchDirectories: Adding more searchDirectories C:\Program Files\dotnet\sdk\6.0.300\Extensions,C:\Program Files\dotnet\sdk\6.0.300
TpTrace Information: 0 : 6116, 1, 2022/06/16, 21:55:08.493, 1134654435509, vstest.console.dll, AssemblyResolver.AddSearchDirectories: Adding more searchDirectories C:\Program Files\dotnet\sdk\6.0.300\Extensions,C:\Program Files\dotnet\sdk\6.0.300
TpTrace Information: 0 : 6116, 1, 2022/06/16, 21:55:08.493, 1134654435679, vstest.console.dll, AssemblyResolver.AddSearchDirectories: Adding more searchDirectories C:\Program Files\dotnet\sdk\6.0.300\Extensions,C:\Program Files\dotnet\sdk\6.0.300
TpTrace Information: 0 : 6116, 1, 2022/06/16, 21:55:08.493, 1134654435845, vstest.console.dll, AssemblyResolver.AddSearchDirectories: Adding more searchDirectories C:\Program Files\dotnet\sdk\6.0.300\Extensions,C:\Program Files\dotnet\sdk\6.0.300
TpTrace Information: 0 : 6116, 1, 2022/06/16, 21:55:08.493, 1134654436008, vstest.console.dll, AssemblyResolver.AddSearchDirectories: Adding more searchDirectories C:\Program Files\dotnet\sdk\6.0.300\Extensions,C:\Program Files\dotnet\sdk\6.0.300
TpTrace Information: 0 : 6116, 1, 2022/06/16, 21:55:08.493, 1134654436219, vstest.console.dll, AssemblyResolver.AddSearchDirectories: Adding more searchDirectories C:\Program Files\dotnet\sdk\6.0.300\Extensions,C:\Program Files\dotnet\sdk\6.0.300
TpTrace Information: 0 : 6116, 1, 2022/06/16, 21:55:08.493, 1134654438695, vstest.console.dll, AssemblyResolver.OnResolve: DumpMinitool: Resolving assembly.
TpTrace Information: 0 : 6116, 1, 2022/06/16, 21:55:08.493, 1134654439396, vstest.console.dll, AssemblyResolver.OnResolve: DumpMinitool: Searching in: 'C:\Program Files\dotnet\sdk\6.0.300\Extensions'.
TpTrace Information: 0 : 6116, 1, 2022/06/16, 21:55:08.494, 1134654440781, vstest.console.dll, AssemblyResolver.OnResolve: DumpMinitool: Assembly path does not exist: 'C:\Program Files\dotnet\sdk\6.0.300\Extensions\DumpMinitool.dll', returning.
TpTrace Information: 0 : 6116, 1, 2022/06/16, 21:55:08.496, 1134654466259, vstest.console.dll, AssemblyResolver.OnResolve: DumpMinitool: Loading assembly 'C:\Program Files\dotnet\sdk\6.0.300\Extensions\DumpMinitool.exe'.
TpTrace Information: 0 : 6116, 1, 2022/06/16, 21:55:08.497, 1134654479586, vstest.console.dll, AssemblyResolver.OnResolve: Resolved assembly: DumpMinitool, from path: C:\Program Files\dotnet\sdk\6.0.300\Extensions\DumpMinitool.exe
TpTrace Verbose: 0 : 6116, 1, 2022/06/16, 21:55:08.503, 1134654534749, vstest.console.dll, MetadataReaderExtensionsHelper: Discovering extensions inside assembly 'DumpMinitool, Version=15.0.0.0, Culture=neutral, PublicKeyToken=b03f5f7f11d50a3a' file path 'C:\Program Files\dotnet\sdk\6.0.300\Extensions\DumpMinitool.exe'
TpTrace Information: 0 : 6116, 1, 2022/06/16, 21:55:08.512, 1134654623028, vstest.console.dll, AssemblyResolver.OnResolve: DumpMinitool.x86: Resolving assembly.
TpTrace Information: 0 : 6116, 1, 2022/06/16, 21:55:08.512, 1134654624709, vstest.console.dll, AssemblyResolver.OnResolve: DumpMinitool.x86: Searching in: 'C:\Program Files\dotnet\sdk\6.0.300\Extensions'.
TpTrace Information: 0 : 6116, 1, 2022/06/16, 21:55:08.512, 1134654625608, vstest.console.dll, AssemblyResolver.OnResolve: DumpMinitool.x86: Assembly path does not exist: 'C:\Program Files\dotnet\sdk\6.0.300\Extensions\DumpMinitool.x86.dll', returning.
TpTrace Information: 0 : 6116, 1, 2022/06/16, 21:55:08.513, 1134654631915, vstest.console.dll, AssemblyResolver.OnResolve: DumpMinitool.x86: Loading assembly 'C:\Program Files\dotnet\sdk\6.0.300\Extensions\DumpMinitool.x86.exe'.
TpTrace Information: 0 : 6116, 1, 2022/06/16, 21:55:08.514, 1134654644539, vstest.console.dll, AssemblyResolver.OnResolve: Resolved assembly: DumpMinitool.x86, from path: C:\Program Files\dotnet\sdk\6.0.300\Extensions\DumpMinitool.x86.exe
TpTrace Verbose: 0 : 6116, 1, 2022/06/16, 21:55:08.514, 1134654645452, vstest.console.dll, MetadataReaderExtensionsHelper: Discovering extensions inside assembly 'DumpMinitool.x86, Version=15.0.0.0, Culture=neutral, PublicKeyToken=b03f5f7f11d50a3a' file path 'C:\Program Files\dotnet\sdk\6.0.300\Extensions\DumpMinitool.x86.exe'
TpTrace Information: 0 : 6116, 1, 2022/06/16, 21:55:08.515, 1134654652334, vstest.console.dll, AssemblyResolver.OnResolve: Microsoft.Diagnostics.NETCore.Client: Resolving assembly.
TpTrace Information: 0 : 6116, 1, 2022/06/16, 21:55:08.515, 1134654652848, vstest.console.dll, AssemblyResolver.OnResolve: Microsoft.Diagnostics.NETCore.Client: Searching in: 'C:\Program Files\dotnet\sdk\6.0.300\Extensions'.
TpTrace Information: 0 : 6116, 1, 2022/06/16, 21:55:08.515, 1134654655853, vstest.console.dll, AssemblyResolver.OnResolve: Microsoft.Diagnostics.NETCore.Client: Loading assembly 'C:\Program Files\dotnet\sdk\6.0.300\Extensions\Microsoft.Diagnostics.NETCore.Client.dll'.
TpTrace Information: 0 : 6116, 1, 2022/06/16, 21:55:08.516, 1134654662323, vstest.console.dll, AssemblyResolver.OnResolve: Resolved assembly: Microsoft.Diagnostics.NETCore.Client, from path: C:\Program Files\dotnet\sdk\6.0.300\Extensions\Microsoft.Diagnostics.NETCore.Client.dll
TpTrace Verbose: 0 : 6116, 1, 2022/06/16, 21:55:08.516, 1134654663004, vstest.console.dll, MetadataReaderExtensionsHelper: Discovering extensions inside assembly 'Microsoft.Diagnostics.NETCore.Client, Version=0.2.5.801, Culture=neutral, PublicKeyToken=31bf3856ad364e35' file path 'C:\Program Files\dotnet\sdk\6.0.300\Extensions\Microsoft.Diagnostics.NETCore.Client.dll'
TpTrace Information: 0 : 6116, 1, 2022/06/16, 21:55:08.524, 1134654745960, vstest.console.dll, AssemblyResolver.OnResolve: Microsoft.Bcl.AsyncInterfaces: Resolving assembly.
TpTrace Information: 0 : 6116, 1, 2022/06/16, 21:55:08.524, 1134654747036, vstest.console.dll, AssemblyResolver.OnResolve: Microsoft.Bcl.AsyncInterfaces: Searching in: 'C:\Program Files\dotnet\sdk\6.0.300\Extensions'.
TpTrace Information: 0 : 6116, 1, 2022/06/16, 21:55:08.524, 1134654747633, vstest.console.dll, AssemblyResolver.OnResolve: Microsoft.Bcl.AsyncInterfaces: Assembly path does not exist: 'C:\Program Files\dotnet\sdk\6.0.300\Extensions\Microsoft.Bcl.AsyncInterfaces.dll', returning.
TpTrace Information: 0 : 6116, 1, 2022/06/16, 21:55:08.524, 1134654748084, vstest.console.dll, AssemblyResolver.OnResolve: Microsoft.Bcl.AsyncInterfaces: Assembly path does not exist: 'C:\Program Files\dotnet\sdk\6.0.300\Extensions\Microsoft.Bcl.AsyncInterfaces.exe', returning.
TpTrace Information: 0 : 6116, 1, 2022/06/16, 21:55:08.524, 1134654748292, vstest.console.dll, AssemblyResolver.OnResolve: Microsoft.Bcl.AsyncInterfaces: Searching in: 'C:\Program Files\dotnet\sdk\6.0.300'.
TpTrace Information: 0 : 6116, 1, 2022/06/16, 21:55:08.524, 1134654748700, vstest.console.dll, AssemblyResolver.OnResolve: Microsoft.Bcl.AsyncInterfaces: Assembly path does not exist: 'C:\Program Files\dotnet\sdk\6.0.300\Microsoft.Bcl.AsyncInterfaces.dll', returning.
TpTrace Information: 0 : 6116, 1, 2022/06/16, 21:55:08.524, 1134654749044, vstest.console.dll, AssemblyResolver.OnResolve: Microsoft.Bcl.AsyncInterfaces: Assembly path does not exist: 'C:\Program Files\dotnet\sdk\6.0.300\Microsoft.Bcl.AsyncInterfaces.exe', returning.
TpTrace Information: 0 : 6116, 1, 2022/06/16, 21:55:08.524, 1134654749286, vstest.console.dll, AssemblyResolver.OnResolve: Microsoft.Bcl.AsyncInterfaces: Failed to load assembly.
TpTrace Verbose: 0 : 6116, 1, 2022/06/16, 21:55:08.525, 1134654749671, vstest.console.dll, CurrentDomainAssemblyResolve: Resolving assembly 'Microsoft.Bcl.AsyncInterfaces'.
TpTrace Information: 0 : 6116, 1, 2022/06/16, 21:55:08.525, 1134654750186, vstest.console.dll, AssemblyResolver.OnResolve: Microsoft.Bcl.AsyncInterfaces: Resolving assembly.
TpTrace Information: 0 : 6116, 1, 2022/06/16, 21:55:08.525, 1134654750506, vstest.console.dll, AssemblyResolver.OnResolve: Microsoft.Bcl.AsyncInterfaces: Resolved from cache.
TpTrace Verbose: 0 : 6116, 1, 2022/06/16, 21:55:08.525, 1134654750729, vstest.console.dll, CurrentDomainAssemblyResolve: Resolving assembly 'Microsoft.Bcl.AsyncInterfaces'.
TpTrace Verbose: 0 : 6116, 1, 2022/06/16, 21:55:08.525, 1134654751027, vstest.console.dll, CurrentDomainAssemblyResolve: Failed to resolve assembly 'Microsoft.Bcl.AsyncInterfaces'.
TpTrace Verbose: 0 : 6116, 1, 2022/06/16, 21:55:08.525, 1134654755113, vstest.console.dll, CurrentDomainAssemblyResolve: Failed to resolve assembly 'Microsoft.Bcl.AsyncInterfaces'.
TpTrace Warning: 0 : 6116, 1, 2022/06/16, 21:55:08.541, 1134654917419, vstest.console.dll, TestPluginDiscoverer: Failed to get types from assembly 'Microsoft.Diagnostics.NETCore.Client, Version=0.2.5.801, Culture=neutral, PublicKeyToken=31bf3856ad364e35'. Error: System.Reflection.ReflectionTypeLoadException: Unable to load one or more of the requested types.
Could not load file or assembly 'Microsoft.Bcl.AsyncInterfaces, Version=1.0.0.0, Culture=neutral, PublicKeyToken=cc7b13ffcd2ddd51'. The system cannot find the file specified.
   at System.Reflection.RuntimeModule.GetTypes(RuntimeModule module)
   at System.Reflection.Assembly.GetTypes()
   at Microsoft.VisualStudio.TestPlatform.Common.ExtensionFramework.TestPluginDiscoverer.GetTestExtensionsFromAssembly[TPluginInfo,TExtension](Assembly assembly, Dictionary`2 pluginInfos, String filePath)
System.IO.FileNotFoundException: Could not load file or assembly 'Microsoft.Bcl.AsyncInterfaces, Version=1.0.0.0, Culture=neutral, PublicKeyToken=cc7b13ffcd2ddd51'. The system cannot find the file specified.
File name: 'Microsoft.Bcl.AsyncInterfaces, Version=1.0.0.0, Culture=neutral, PublicKeyToken=cc7b13ffcd2ddd51'
 ---> System.IO.FileNotFoundException: Could not load file or assembly 'Microsoft.Bcl.AsyncInterfaces, Culture=neutral, PublicKeyToken=null'. The system cannot find the file specified.
File name: 'Microsoft.Bcl.AsyncInterfaces, Culture=neutral, PublicKeyToken=null'
   at System.Reflection.RuntimeAssembly.InternalLoad(ObjectHandleOnStack assemblyName, ObjectHandleOnStack requestingAssembly, StackCrawlMarkHandle stackMark, Boolean throwOnFileNotFound, ObjectHandleOnStack assemblyLoadContext, ObjectHandleOnStack retAssembly)
   at System.Reflection.RuntimeAssembly.InternalLoad(AssemblyName assemblyName, RuntimeAssembly requestingAssembly, StackCrawlMark& stackMark, Boolean throwOnFileNotFound, AssemblyLoadContext assemblyLoadContext)
   at System.Reflection.Assembly.Load(AssemblyName assemblyRef)
   at Microsoft.VisualStudio.TestPlatform.Common.ExtensionFramework.TestPluginCache.CurrentDomainAssemblyResolve(Object sender, AssemblyResolveEventArgs args)
   at Microsoft.VisualStudio.TestPlatform.PlatformAbstractions.PlatformAssemblyResolver.AssemblyResolverEvent(Object sender, Object eventArgs)
   at System.Runtime.Loader.AssemblyLoadContext.GetFirstResolvedAssemblyFromResolvingEvent(AssemblyName assemblyName)
   at System.Runtime.Loader.AssemblyLoadContext.ResolveUsingEvent(AssemblyName assemblyName)
   at System.Runtime.Loader.AssemblyLoadContext.ResolveUsingResolvingEvent(IntPtr gchManagedAssemblyLoadContext, AssemblyName assemblyName)
TpTrace Warning: 0 : 6116, 1, 2022/06/16, 21:55:08.542, 1134654920641, vstest.console.dll, LoaderExceptions: System.IO.FileNotFoundException: Could not load file or assembly 'Microsoft.Bcl.AsyncInterfaces, Version=1.0.0.0, Culture=neutral, PublicKeyToken=cc7b13ffcd2ddd51'. The system cannot find the file specified.
File name: 'Microsoft.Bcl.AsyncInterfaces, Version=1.0.0.0, Culture=neutral, PublicKeyToken=cc7b13ffcd2ddd51'
 ---> System.IO.FileNotFoundException: Could not load file or assembly 'Microsoft.Bcl.AsyncInterfaces, Culture=neutral, PublicKeyToken=null'. The system cannot find the file specified.
File name: 'Microsoft.Bcl.AsyncInterfaces, Culture=neutral, PublicKeyToken=null'
   at System.Reflection.RuntimeAssembly.InternalLoad(ObjectHandleOnStack assemblyName, ObjectHandleOnStack requestingAssembly, StackCrawlMarkHandle stackMark, Boolean throwOnFileNotFound, ObjectHandleOnStack assemblyLoadContext, ObjectHandleOnStack retAssembly)
   at System.Reflection.RuntimeAssembly.InternalLoad(AssemblyName assemblyName, RuntimeAssembly requestingAssembly, StackCrawlMark& stackMark, Boolean throwOnFileNotFound, AssemblyLoadContext assemblyLoadContext)
   at System.Reflection.Assembly.Load(AssemblyName assemblyRef)
   at Microsoft.VisualStudio.TestPlatform.Common.ExtensionFramework.TestPluginCache.CurrentDomainAssemblyResolve(Object sender, AssemblyResolveEventArgs args)
   at Microsoft.VisualStudio.TestPlatform.PlatformAbstractions.PlatformAssemblyResolver.AssemblyResolverEvent(Object sender, Object eventArgs)
   at System.Runtime.Loader.AssemblyLoadContext.GetFirstResolvedAssemblyFromResolvingEvent(AssemblyName assemblyName)
   at System.Runtime.Loader.AssemblyLoadContext.ResolveUsingEvent(AssemblyName assemblyName)
   at System.Runtime.Loader.AssemblyLoadContext.ResolveUsingResolvingEvent(IntPtr gchManagedAssemblyLoadContext, AssemblyName assemblyName)
TpTrace Information: 0 : 6116, 1, 2022/06/16, 21:55:08.542, 1134654923030, vstest.console.dll, AssemblyResolver.OnResolve: Microsoft.TestPlatform.Extensions.BlameDataCollector: Resolving assembly.
TpTrace Information: 0 : 6116, 1, 2022/06/16, 21:55:08.542, 1134654923524, vstest.console.dll, AssemblyResolver.OnResolve: Microsoft.TestPlatform.Extensions.BlameDataCollector: Searching in: 'C:\Program Files\dotnet\sdk\6.0.300\Extensions'.
TpTrace Information: 0 : 6116, 1, 2022/06/16, 21:55:08.543, 1134654934013, vstest.console.dll, AssemblyResolver.OnResolve: Microsoft.TestPlatform.Extensions.BlameDataCollector: Loading assembly 'C:\Program Files\dotnet\sdk\6.0.300\Extensions\Microsoft.TestPlatform.Extensions.BlameDataCollector.dll'.
TpTrace Information: 0 : 6116, 1, 2022/06/16, 21:55:08.544, 1134654942633, vstest.console.dll, AssemblyResolver.OnResolve: Resolved assembly: Microsoft.TestPlatform.Extensions.BlameDataCollector, from path: C:\Program Files\dotnet\sdk\6.0.300\Extensions\Microsoft.TestPlatform.Extensions.BlameDataCollector.dll
TpTrace Verbose: 0 : 6116, 1, 2022/06/16, 21:55:08.544, 1134654944128, vstest.console.dll, MetadataReaderExtensionsHelper: Discovering extensions inside assembly 'Microsoft.TestPlatform.Extensions.BlameDataCollector, Version=15.0.0.0, Culture=neutral, PublicKeyToken=b03f5f7f11d50a3a' file path 'C:\Program Files\dotnet\sdk\6.0.300\Extensions\Microsoft.TestPlatform.Extensions.BlameDataCollector.dll'
TpTrace Information: 0 : 6116, 1, 2022/06/16, 21:55:08.546, 1134654962363, vstest.console.dll, AssemblyResolver.OnResolve: Microsoft.TestPlatform.Extensions.EventLogCollector: Resolving assembly.
TpTrace Information: 0 : 6116, 1, 2022/06/16, 21:55:08.546, 1134654963247, vstest.console.dll, AssemblyResolver.OnResolve: Microsoft.TestPlatform.Extensions.EventLogCollector: Searching in: 'C:\Program Files\dotnet\sdk\6.0.300\Extensions'.
TpTrace Information: 0 : 6116, 1, 2022/06/16, 21:55:08.547, 1134654972643, vstest.console.dll, AssemblyResolver.OnResolve: Microsoft.TestPlatform.Extensions.EventLogCollector: Loading assembly 'C:\Program Files\dotnet\sdk\6.0.300\Extensions\Microsoft.TestPlatform.Extensions.EventLogCollector.dll'.
TpTrace Information: 0 : 6116, 1, 2022/06/16, 21:55:08.548, 1134654982707, vstest.console.dll, AssemblyResolver.OnResolve: Resolved assembly: Microsoft.TestPlatform.Extensions.EventLogCollector, from path: C:\Program Files\dotnet\sdk\6.0.300\Extensions\Microsoft.TestPlatform.Extensions.EventLogCollector.dll
TpTrace Verbose: 0 : 6116, 1, 2022/06/16, 21:55:08.548, 1134654983468, vstest.console.dll, MetadataReaderExtensionsHelper: Discovering extensions inside assembly 'Microsoft.TestPlatform.Extensions.EventLogCollector, Version=15.0.0.0, Culture=neutral, PublicKeyToken=b03f5f7f11d50a3a' file path 'C:\Program Files\dotnet\sdk\6.0.300\Extensions\Microsoft.TestPlatform.Extensions.EventLogCollector.dll'
TpTrace Information: 0 : 6116, 1, 2022/06/16, 21:55:08.550, 1134655005281, vstest.console.dll, AssemblyResolver.OnResolve: Microsoft.TestPlatform.TestHostRuntimeProvider: Resolving assembly.
TpTrace Information: 0 : 6116, 1, 2022/06/16, 21:55:08.550, 1134655005838, vstest.console.dll, AssemblyResolver.OnResolve: Microsoft.TestPlatform.TestHostRuntimeProvider: Searching in: 'C:\Program Files\dotnet\sdk\6.0.300\Extensions'.
TpTrace Information: 0 : 6116, 1, 2022/06/16, 21:55:08.551, 1134655011300, vstest.console.dll, AssemblyResolver.OnResolve: Microsoft.TestPlatform.TestHostRuntimeProvider: Loading assembly 'C:\Program Files\dotnet\sdk\6.0.300\Extensions\Microsoft.TestPlatform.TestHostRuntimeProvider.dll'.
TpTrace Information: 0 : 6116, 1, 2022/06/16, 21:55:08.551, 1134655017417, vstest.console.dll, AssemblyResolver.OnResolve: Resolved assembly: Microsoft.TestPlatform.TestHostRuntimeProvider, from path: C:\Program Files\dotnet\sdk\6.0.300\Extensions\Microsoft.TestPlatform.TestHostRuntimeProvider.dll
TpTrace Verbose: 0 : 6116, 1, 2022/06/16, 21:55:08.551, 1134655018136, vstest.console.dll, MetadataReaderExtensionsHelper: Discovering extensions inside assembly 'Microsoft.TestPlatform.TestHostRuntimeProvider, Version=15.0.0.0, Culture=neutral, PublicKeyToken=b03f5f7f11d50a3a' file path 'C:\Program Files\dotnet\sdk\6.0.300\Extensions\Microsoft.TestPlatform.TestHostRuntimeProvider.dll'
TpTrace Information: 0 : 6116, 1, 2022/06/16, 21:55:08.553, 1134655038495, vstest.console.dll, GetTestExtensionFromType: Register extension with identifier data 'HostProvider://DefaultTestHost' and type 'Microsoft.VisualStudio.TestPlatform.CrossPlatEngine.Hosting.DefaultTestHostManager, Microsoft.TestPlatform.TestHostRuntimeProvider, Version=15.0.0.0, Culture=neutral, PublicKeyToken=b03f5f7f11d50a3a' inside file 'C:\Program Files\dotnet\sdk\6.0.300\Extensions\Microsoft.TestPlatform.TestHostRuntimeProvider.dll'
TpTrace Information: 0 : 6116, 1, 2022/06/16, 21:55:08.553, 1134655039313, vstest.console.dll, GetTestExtensionFromType: Register extension with identifier data 'HostProvider://DotnetTestHost' and type 'Microsoft.VisualStudio.TestPlatform.CrossPlatEngine.Hosting.DotnetTestHostManager, Microsoft.TestPlatform.TestHostRuntimeProvider, Version=15.0.0.0, Culture=neutral, PublicKeyToken=b03f5f7f11d50a3a' inside file 'C:\Program Files\dotnet\sdk\6.0.300\Extensions\Microsoft.TestPlatform.TestHostRuntimeProvider.dll'
TpTrace Information: 0 : 6116, 1, 2022/06/16, 21:55:08.554, 1134655039912, vstest.console.dll, AssemblyResolver.OnResolve: Microsoft.VisualStudio.TestPlatform.Extensions.Html.TestLogger: Resolving assembly.
TpTrace Information: 0 : 6116, 1, 2022/06/16, 21:55:08.554, 1134655040160, vstest.console.dll, AssemblyResolver.OnResolve: Microsoft.VisualStudio.TestPlatform.Extensions.Html.TestLogger: Searching in: 'C:\Program Files\dotnet\sdk\6.0.300\Extensions'.
TpTrace Information: 0 : 6116, 1, 2022/06/16, 21:55:08.555, 1134655050051, vstest.console.dll, AssemblyResolver.OnResolve: Microsoft.VisualStudio.TestPlatform.Extensions.Html.TestLogger: Loading assembly 'C:\Program Files\dotnet\sdk\6.0.300\Extensions\Microsoft.VisualStudio.TestPlatform.Extensions.Html.TestLogger.dll'.
TpTrace Information: 0 : 6116, 1, 2022/06/16, 21:55:08.556, 1134655060110, vstest.console.dll, AssemblyResolver.OnResolve: Resolved assembly: Microsoft.VisualStudio.TestPlatform.Extensions.Html.TestLogger, from path: C:\Program Files\dotnet\sdk\6.0.300\Extensions\Microsoft.VisualStudio.TestPlatform.Extensions.Html.TestLogger.dll
TpTrace Verbose: 0 : 6116, 1, 2022/06/16, 21:55:08.556, 1134655060823, vstest.console.dll, MetadataReaderExtensionsHelper: Discovering extensions inside assembly 'Microsoft.VisualStudio.TestPlatform.Extensions.Html.TestLogger, Version=15.0.0.0, Culture=neutral, PublicKeyToken=b03f5f7f11d50a3a' file path 'C:\Program Files\dotnet\sdk\6.0.300\Extensions\Microsoft.VisualStudio.TestPlatform.Extensions.Html.TestLogger.dll'
TpTrace Information: 0 : 6116, 1, 2022/06/16, 21:55:08.557, 1134655072744, vstest.console.dll, AssemblyResolver.OnResolve: Microsoft.VisualStudio.TestPlatform.Extensions.Trx.TestLogger: Resolving assembly.
TpTrace Information: 0 : 6116, 1, 2022/06/16, 21:55:08.557, 1134655073360, vstest.console.dll, AssemblyResolver.OnResolve: Microsoft.VisualStudio.TestPlatform.Extensions.Trx.TestLogger: Searching in: 'C:\Program Files\dotnet\sdk\6.0.300\Extensions'.
TpTrace Information: 0 : 6116, 1, 2022/06/16, 21:55:08.558, 1134655081340, vstest.console.dll, AssemblyResolver.OnResolve: Microsoft.VisualStudio.TestPlatform.Extensions.Trx.TestLogger: Loading assembly 'C:\Program Files\dotnet\sdk\6.0.300\Extensions\Microsoft.VisualStudio.TestPlatform.Extensions.Trx.TestLogger.dll'.
TpTrace Information: 0 : 6116, 1, 2022/06/16, 21:55:08.558, 1134655088774, vstest.console.dll, AssemblyResolver.OnResolve: Resolved assembly: Microsoft.VisualStudio.TestPlatform.Extensions.Trx.TestLogger, from path: C:\Program Files\dotnet\sdk\6.0.300\Extensions\Microsoft.VisualStudio.TestPlatform.Extensions.Trx.TestLogger.dll
TpTrace Verbose: 0 : 6116, 1, 2022/06/16, 21:55:08.558, 1134655089493, vstest.console.dll, MetadataReaderExtensionsHelper: Discovering extensions inside assembly 'Microsoft.VisualStudio.TestPlatform.Extensions.Trx.TestLogger, Version=15.0.0.0, Culture=neutral, PublicKeyToken=b03f5f7f11d50a3a' file path 'C:\Program Files\dotnet\sdk\6.0.300\Extensions\Microsoft.VisualStudio.TestPlatform.Extensions.Trx.TestLogger.dll'
TpTrace Verbose: 0 : 6116, 1, 2022/06/16, 21:55:08.560, 1134655105678, vstest.console.dll, TestPluginCache: Discovered the extensions using extension path ''.
TpTrace Verbose: 0 : 6116, 1, 2022/06/16, 21:55:08.560, 1134655106480, vstest.console.dll, TestPluginCache: Discoverers are ''.
TpTrace Verbose: 0 : 6116, 1, 2022/06/16, 21:55:08.560, 1134655106965, vstest.console.dll, TestPluginCache: Executors are ''.
TpTrace Verbose: 0 : 6116, 1, 2022/06/16, 21:55:08.560, 1134655107173, vstest.console.dll, TestPluginCache: Executors2 are ''.
TpTrace Verbose: 0 : 6116, 1, 2022/06/16, 21:55:08.560, 1134655107341, vstest.console.dll, TestPluginCache: Setting providers are ''.
TpTrace Verbose: 0 : 6116, 1, 2022/06/16, 21:55:08.560, 1134655107506, vstest.console.dll, TestPluginCache: Loggers are ''.
TpTrace Verbose: 0 : 6116, 1, 2022/06/16, 21:55:08.560, 1134655108779, vstest.console.dll, TestPluginCache: TestHosts are 'HostProvider://DefaultTestHost,HostProvider://DotnetTestHost'.
TpTrace Verbose: 0 : 6116, 1, 2022/06/16, 21:55:08.560, 1134655109332, vstest.console.dll, TestPluginCache: DataCollectors are ''.
TpTrace Information: 0 : 6116, 1, 2022/06/16, 21:55:08.574, 1134655244543, vstest.console.dll, RunTestsArgumentProcessor:Execute: Test run is starting.
TpTrace Verbose: 0 : 6116, 1, 2022/06/16, 21:55:08.574, 1134655245456, vstest.console.dll, RunTestsArgumentProcessor:Execute: Queuing Test run.
TpTrace Information: 0 : 6116, 1, 2022/06/16, 21:55:08.574, 1134655247264, vstest.console.dll, TestRequestManager.RunTests: run tests started.
TpTrace Information: 0 : 6116, 1, 2022/06/16, 21:55:08.578, 1134655279807, vstest.console.dll, AssemblyMetadataProvider.GetFrameWork: Determined framework:'.NETCoreApp,Version=v5.0' for source: 'C:\Users\Decagon\source\repos\Portfolio_DM\MyPortfolioest\bin\Debug\net5.0\fine-code-coverage\build-output\MyPortfolioTest.dll'
TpTrace Information: 0 : 6116, 1, 2022/06/16, 21:55:08.578, 1134655281936, vstest.console.dll, Determined framework for all sources: .NETCoreApp,Version=v5.0
TpTrace Verbose: 0 : 6116, 1, 2022/06/16, 21:55:08.578, 1134655287160, vstest.console.dll, TestRequestManager.UpdateRunSettingsIfRequired: Default architecture: X64 IsDefaultTargetArchitecture: True, Current process architecture: X64 OperatingSystem: Windows.
TpTrace Information: 0 : 6116, 1, 2022/06/16, 21:55:08.579, 1134655290750, vstest.console.dll, AssemblyMetadataProvider.GetArchitecture: Determined architecture:AnyCPU info for assembly: C:\Users\Decagon\source\repos\Portfolio_DM\MyPortfolioest\bin\Debug\net5.0\fine-code-coverage\build-output\MyPortfolioTest.dll
TpTrace Information: 0 : 6116, 1, 2022/06/16, 21:55:08.579, 1134655291218, vstest.console.dll, Determined platform for source 'C:\Users\Decagon\source\repos\Portfolio_DM\MyPortfolioest\bin\Debug\net5.0\fine-code-coverage\build-output\MyPortfolioTest.dll' is 'AnyCPU'
TpTrace Information: 0 : 6116, 1, 2022/06/16, 21:55:08.581, 1134655315709, vstest.console.dll, Determined platform for all sources: X64
TpTrace Information: 0 : 6116, 1, 2022/06/16, 21:55:08.581, 1134655316508, vstest.console.dll, Infered platform 'X64'.
TpTrace Information: 0 : 6116, 1, 2022/06/16, 21:55:08.581, 1134655316815, vstest.console.dll, Platform update to 'X64' required.
TpTrace Information: 0 : 6116, 1, 2022/06/16, 21:55:08.584, 1134655343311, vstest.console.dll, Compatible sources list: 
TpTrace Information: 0 : 6116, 1, 2022/06/16, 21:55:08.584, 1134655344126, vstest.console.dll, C:\Users\Decagon\source\repos\Portfolio_DM\MyPortfolioest\bin\Debug\net5.0\fine-code-coverage\build-output\MyPortfolioTest.dll
TpTrace Information: 0 : 6116, 1, 2022/06/16, 21:55:08.586, 1134655368137, vstest.console.dll, InferRunSettingsHelper.IsTestSettingsEnabled: Unable to navigate to RunSettings/MSTest. Current node: RunSettings
TpTrace Information: 0 : 6116, 1, 2022/06/16, 21:55:08.587, 1134655376546, vstest.console.dll, AssemblyResolver.OnResolve: Microsoft.VisualStudio.TestPlatform.Fakes: Resolving assembly.
TpTrace Information: 0 : 6116, 1, 2022/06/16, 21:55:08.587, 1134655377227, vstest.console.dll, AssemblyResolver.OnResolve: Microsoft.VisualStudio.TestPlatform.Fakes: Searching in: 'C:\Program Files\dotnet\sdk\6.0.300\Extensions'.
TpTrace Information: 0 : 6116, 1, 2022/06/16, 21:55:08.587, 1134655377927, vstest.console.dll, AssemblyResolver.OnResolve: Microsoft.VisualStudio.TestPlatform.Fakes: Assembly path does not exist: 'C:\Program Files\dotnet\sdk\6.0.300\Extensions\Microsoft.VisualStudio.TestPlatform.Fakes.dll', returning.
TpTrace Information: 0 : 6116, 1, 2022/06/16, 21:55:08.587, 1134655378384, vstest.console.dll, AssemblyResolver.OnResolve: Microsoft.VisualStudio.TestPlatform.Fakes: Assembly path does not exist: 'C:\Program Files\dotnet\sdk\6.0.300\Extensions\Microsoft.VisualStudio.TestPlatform.Fakes.exe', returning.
TpTrace Information: 0 : 6116, 1, 2022/06/16, 21:55:08.587, 1134655378614, vstest.console.dll, AssemblyResolver.OnResolve: Microsoft.VisualStudio.TestPlatform.Fakes: Searching in: 'C:\Program Files\dotnet\sdk\6.0.300'.
TpTrace Information: 0 : 6116, 1, 2022/06/16, 21:55:08.587, 1134655379030, vstest.console.dll, AssemblyResolver.OnResolve: Microsoft.VisualStudio.TestPlatform.Fakes: Assembly path does not exist: 'C:\Program Files\dotnet\sdk\6.0.300\Microsoft.VisualStudio.TestPlatform.Fakes.dll', returning.
TpTrace Information: 0 : 6116, 1, 2022/06/16, 21:55:08.588, 1134655379710, vstest.console.dll, AssemblyResolver.OnResolve: Microsoft.VisualStudio.TestPlatform.Fakes: Assembly path does not exist: 'C:\Program Files\dotnet\sdk\6.0.300\Microsoft.VisualStudio.TestPlatform.Fakes.exe', returning.
TpTrace Information: 0 : 6116, 1, 2022/06/16, 21:55:08.588, 1134655380176, vstest.console.dll, AssemblyResolver.OnResolve: Microsoft.VisualStudio.TestPlatform.Fakes: Failed to load assembly.
TpTrace Information: 0 : 6116, 1, 2022/06/16, 21:55:08.588, 1134655382789, vstest.console.dll, Failed to load assembly Microsoft.VisualStudio.TestPlatform.Fakes, Version=17.0.0.0, Culture=neutral. Reason:System.IO.FileNotFoundException: Could not load file or assembly 'Microsoft.VisualStudio.TestPlatform.Fakes, Version=17.0.0.0, Culture=neutral, PublicKeyToken=null'. The system cannot find the file specified.
File name: 'Microsoft.VisualStudio.TestPlatform.Fakes, Version=17.0.0.0, Culture=neutral, PublicKeyToken=null'
   at System.Reflection.RuntimeAssembly.InternalLoad(ObjectHandleOnStack assemblyName, ObjectHandleOnStack requestingAssembly, StackCrawlMarkHandle stackMark, Boolean throwOnFileNotFound, ObjectHandleOnStack assemblyLoadContext, ObjectHandleOnStack retAssembly)
   at System.Reflection.RuntimeAssembly.InternalLoad(AssemblyName assemblyName, RuntimeAssembly requestingAssembly, StackCrawlMark& stackMark, Boolean throwOnFileNotFound, AssemblyLoadContext assemblyLoadContext)
   at System.Reflection.Assembly.Load(AssemblyName assemblyRef)
   at Microsoft.VisualStudio.TestPlatform.Common.Utilities.FakesUtilities.LoadTestPlatformAssembly()
TpTrace Verbose: 0 : 6116, 1, 2022/06/16, 21:55:08.592, 1134655427814, vstest.console.dll, TestPluginCache.DiscoverTestExtensions: finding test extensions in assemblies ends with: TestLogger.dll TPluginInfo: Microsoft.VisualStudio.TestPlatform.Common.ExtensionFramework.Utilities.TestLoggerPluginInformation TExtension: Microsoft.VisualStudio.TestPlatform.ObjectModel.Client.ITestLogger
TpTrace Verbose: 0 : 6116, 1, 2022/06/16, 21:55:08.592, 1134655429172, vstest.console.dll, TestPluginCache.GetExtensionPaths: Filtered extension paths: 
TpTrace Verbose: 0 : 6116, 1, 2022/06/16, 21:55:08.593, 1134655429717, vstest.console.dll, TestPluginCache.GetExtensionPaths: Added default extension paths: C:\Program Files\dotnet\sdk\6.0.300\Extensions\DumpMinitool.exe
C:\Program Files\dotnet\sdk\6.0.300\Extensions\DumpMinitool.x86.exe
C:\Program Files\dotnet\sdk\6.0.300\Extensions\Microsoft.Diagnostics.NETCore.Client.dll
C:\Program Files\dotnet\sdk\6.0.300\Extensions\Microsoft.TestPlatform.Extensions.BlameDataCollector.dll
C:\Program Files\dotnet\sdk\6.0.300\Extensions\Microsoft.TestPlatform.Extensions.EventLogCollector.dll
C:\Program Files\dotnet\sdk\6.0.300\Extensions\Microsoft.TestPlatform.TestHostRuntimeProvider.dll
C:\Program Files\dotnet\sdk\6.0.300\Extensions\Microsoft.VisualStudio.TestPlatform.Extensions.Html.TestLogger.dll
C:\Program Files\dotnet\sdk\6.0.300\Extensions\Microsoft.VisualStudio.TestPlatform.Extensions.Trx.TestLogger.dll
TpTrace Verbose: 0 : 6116, 1, 2022/06/16, 21:55:08.593, 1134655430067, vstest.console.dll, TestPluginCache.GetExtensionPaths: Added unfilterableExtensionPaths: 
TpTrace Information: 0 : 6116, 1, 2022/06/16, 21:55:08.593, 1134655431600, vstest.console.dll, AssemblyResolver.AddSearchDirectories: Adding more searchDirectories C:\Program Files\dotnet\sdk\6.0.300\Extensions,C:\Program Files\dotnet\sdk\6.0.300
TpTrace Verbose: 0 : 6116, 1, 2022/06/16, 21:55:08.593, 1134655432098, vstest.console.dll, TestPluginCache.DiscoverTestExtensions: Discovering the extensions using extension path.
TpTrace Verbose: 0 : 6116, 1, 2022/06/16, 21:55:08.593, 1134655432551, vstest.console.dll, TestPluginCache.GetExtensionPaths: Filtered extension paths: 
TpTrace Verbose: 0 : 6116, 1, 2022/06/16, 21:55:08.593, 1134655432825, vstest.console.dll, TestPluginCache.GetExtensionPaths: Added default extension paths: C:\Program Files\dotnet\sdk\6.0.300\Extensions\DumpMinitool.exe
C:\Program Files\dotnet\sdk\6.0.300\Extensions\DumpMinitool.x86.exe
C:\Program Files\dotnet\sdk\6.0.300\Extensions\Microsoft.Diagnostics.NETCore.Client.dll
C:\Program Files\dotnet\sdk\6.0.300\Extensions\Microsoft.TestPlatform.Extensions.BlameDataCollector.dll
C:\Program Files\dotnet\sdk\6.0.300\Extensions\Microsoft.TestPlatform.Extensions.EventLogCollector.dll
C:\Program Files\dotnet\sdk\6.0.300\Extensions\Microsoft.TestPlatform.TestHostRuntimeProvider.dll
C:\Program Files\dotnet\sdk\6.0.300\Extensions\Microsoft.VisualStudio.TestPlatform.Extensions.Html.TestLogger.dll
C:\Program Files\dotnet\sdk\6.0.300\Extensions\Microsoft.VisualStudio.TestPlatform.Extensions.Trx.TestLogger.dll
TpTrace Verbose: 0 : 6116, 1, 2022/06/16, 21:55:08.593, 1134655433151, vstest.console.dll, TestPluginCache.GetExtensionPaths: Added unfilterableExtensionPaths: 
TpTrace Verbose: 0 : 6116, 1, 2022/06/16, 21:55:08.593, 1134655433492, vstest.console.dll, TestPluginCache.DiscoverTestExtensions: Discovering the extensions using allExtensionPaths: C:\Program Files\dotnet\sdk\6.0.300\Extensions\DumpMinitool.exe
C:\Program Files\dotnet\sdk\6.0.300\Extensions\DumpMinitool.x86.exe
C:\Program Files\dotnet\sdk\6.0.300\Extensions\Microsoft.Diagnostics.NETCore.Client.dll
C:\Program Files\dotnet\sdk\6.0.300\Extensions\Microsoft.TestPlatform.Extensions.BlameDataCollector.dll
C:\Program Files\dotnet\sdk\6.0.300\Extensions\Microsoft.TestPlatform.Extensions.EventLogCollector.dll
C:\Program Files\dotnet\sdk\6.0.300\Extensions\Microsoft.TestPlatform.TestHostRuntimeProvider.dll
C:\Program Files\dotnet\sdk\6.0.300\Extensions\Microsoft.VisualStudio.TestPlatform.Extensions.Html.TestLogger.dll
C:\Program Files\dotnet\sdk\6.0.300\Extensions\Microsoft.VisualStudio.TestPlatform.Extensions.Trx.TestLogger.dll
TpTrace Information: 0 : 6116, 1, 2022/06/16, 21:55:08.593, 1134655434050, vstest.console.dll, AssemblyResolver.AddSearchDirectories: Adding more searchDirectories C:\Program Files\dotnet\sdk\6.0.300\Extensions,C:\Program Files\dotnet\sdk\6.0.300
TpTrace Information: 0 : 6116, 1, 2022/06/16, 21:55:08.593, 1134655434375, vstest.console.dll, AssemblyResolver.AddSearchDirectories: Adding more searchDirectories C:\Program Files\dotnet\sdk\6.0.300\Extensions,C:\Program Files\dotnet\sdk\6.0.300
TpTrace Information: 0 : 6116, 1, 2022/06/16, 21:55:08.593, 1134655434660, vstest.console.dll, AssemblyResolver.AddSearchDirectories: Adding more searchDirectories C:\Program Files\dotnet\sdk\6.0.300\Extensions,C:\Program Files\dotnet\sdk\6.0.300
TpTrace Information: 0 : 6116, 1, 2022/06/16, 21:55:08.593, 1134655435021, vstest.console.dll, AssemblyResolver.AddSearchDirectories: Adding more searchDirectories C:\Program Files\dotnet\sdk\6.0.300\Extensions,C:\Program Files\dotnet\sdk\6.0.300
TpTrace Information: 0 : 6116, 1, 2022/06/16, 21:55:08.593, 1134655435269, vstest.console.dll, AssemblyResolver.AddSearchDirectories: Adding more searchDirectories C:\Program Files\dotnet\sdk\6.0.300\Extensions,C:\Program Files\dotnet\sdk\6.0.300
TpTrace Information: 0 : 6116, 1, 2022/06/16, 21:55:08.593, 1134655435509, vstest.console.dll, AssemblyResolver.AddSearchDirectories: Adding more searchDirectories C:\Program Files\dotnet\sdk\6.0.300\Extensions,C:\Program Files\dotnet\sdk\6.0.300
TpTrace Information: 0 : 6116, 1, 2022/06/16, 21:55:08.593, 1134655435783, vstest.console.dll, AssemblyResolver.AddSearchDirectories: Adding more searchDirectories C:\Program Files\dotnet\sdk\6.0.300\Extensions,C:\Program Files\dotnet\sdk\6.0.300
TpTrace Information: 0 : 6116, 1, 2022/06/16, 21:55:08.593, 1134655436024, vstest.console.dll, AssemblyResolver.AddSearchDirectories: Adding more searchDirectories C:\Program Files\dotnet\sdk\6.0.300\Extensions,C:\Program Files\dotnet\sdk\6.0.300
TpTrace Verbose: 0 : 6116, 1, 2022/06/16, 21:55:08.593, 1134655437350, vstest.console.dll, MetadataReaderExtensionsHelper: Discovering extensions inside assembly 'DumpMinitool, Version=15.0.0.0, Culture=neutral, PublicKeyToken=b03f5f7f11d50a3a' file path 'C:\Program Files\dotnet\sdk\6.0.300\Extensions\DumpMinitool.exe'
TpTrace Verbose: 0 : 6116, 1, 2022/06/16, 21:55:08.594, 1134655444577, vstest.console.dll, MetadataReaderExtensionsHelper: Discovering extensions inside assembly 'DumpMinitool.x86, Version=15.0.0.0, Culture=neutral, PublicKeyToken=b03f5f7f11d50a3a' file path 'C:\Program Files\dotnet\sdk\6.0.300\Extensions\DumpMinitool.x86.exe'
TpTrace Verbose: 0 : 6116, 1, 2022/06/16, 21:55:08.595, 1134655450102, vstest.console.dll, MetadataReaderExtensionsHelper: Discovering extensions inside assembly 'Microsoft.Diagnostics.NETCore.Client, Version=0.2.5.801, Culture=neutral, PublicKeyToken=31bf3856ad364e35' file path 'C:\Program Files\dotnet\sdk\6.0.300\Extensions\Microsoft.Diagnostics.NETCore.Client.dll'
TpTrace Information: 0 : 6116, 1, 2022/06/16, 21:55:08.595, 1134655456440, vstest.console.dll, AssemblyResolver.OnResolve: Microsoft.Bcl.AsyncInterfaces: Resolving assembly.
TpTrace Information: 0 : 6116, 1, 2022/06/16, 21:55:08.595, 1134655457519, vstest.console.dll, AssemblyResolver.OnResolve: Microsoft.Bcl.AsyncInterfaces: Resolved from cache.
TpTrace Verbose: 0 : 6116, 1, 2022/06/16, 21:55:08.595, 1134655458099, vstest.console.dll, CurrentDomainAssemblyResolve: Resolving assembly 'Microsoft.Bcl.AsyncInterfaces'.
TpTrace Information: 0 : 6116, 1, 2022/06/16, 21:55:08.595, 1134655458844, vstest.console.dll, AssemblyResolver.OnResolve: Microsoft.Bcl.AsyncInterfaces: Resolving assembly.
TpTrace Information: 0 : 6116, 1, 2022/06/16, 21:55:08.595, 1134655459257, vstest.console.dll, AssemblyResolver.OnResolve: Microsoft.Bcl.AsyncInterfaces: Resolved from cache.
TpTrace Verbose: 0 : 6116, 1, 2022/06/16, 21:55:08.596, 1134655459683, vstest.console.dll, CurrentDomainAssemblyResolve: Resolving assembly 'Microsoft.Bcl.AsyncInterfaces'.
TpTrace Verbose: 0 : 6116, 1, 2022/06/16, 21:55:08.596, 1134655460008, vstest.console.dll, CurrentDomainAssemblyResolve: Failed to resolve assembly 'Microsoft.Bcl.AsyncInterfaces'.
TpTrace Verbose: 0 : 6116, 1, 2022/06/16, 21:55:08.596, 1134655462024, vstest.console.dll, CurrentDomainAssemblyResolve: Failed to resolve assembly 'Microsoft.Bcl.AsyncInterfaces'.
TpTrace Warning: 0 : 6116, 1, 2022/06/16, 21:55:08.596, 1134655466607, vstest.console.dll, TestPluginDiscoverer: Failed to get types from assembly 'Microsoft.Diagnostics.NETCore.Client, Version=0.2.5.801, Culture=neutral, PublicKeyToken=31bf3856ad364e35'. Error: System.Reflection.ReflectionTypeLoadException: Unable to load one or more of the requested types.
Could not load file or assembly 'Microsoft.Bcl.AsyncInterfaces, Version=1.0.0.0, Culture=neutral, PublicKeyToken=cc7b13ffcd2ddd51'. The system cannot find the file specified.
   at System.Reflection.RuntimeModule.GetTypes(RuntimeModule module)
   at System.Reflection.Assembly.GetTypes()
   at Microsoft.VisualStudio.TestPlatform.Common.ExtensionFramework.TestPluginDiscoverer.GetTestExtensionsFromAssembly[TPluginInfo,TExtension](Assembly assembly, Dictionary`2 pluginInfos, String filePath)
System.IO.FileNotFoundException: Could not load file or assembly 'Microsoft.Bcl.AsyncInterfaces, Version=1.0.0.0, Culture=neutral, PublicKeyToken=cc7b13ffcd2ddd51'. The system cannot find the file specified.
File name: 'Microsoft.Bcl.AsyncInterfaces, Version=1.0.0.0, Culture=neutral, PublicKeyToken=cc7b13ffcd2ddd51'
 ---> System.IO.FileNotFoundException: Could not load file or assembly 'Microsoft.Bcl.AsyncInterfaces, Culture=neutral, PublicKeyToken=null'. The system cannot find the file specified.
File name: 'Microsoft.Bcl.AsyncInterfaces, Culture=neutral, PublicKeyToken=null'
   at System.Reflection.RuntimeAssembly.InternalLoad(ObjectHandleOnStack assemblyName, ObjectHandleOnStack requestingAssembly, StackCrawlMarkHandle stackMark, Boolean throwOnFileNotFound, ObjectHandleOnStack assemblyLoadContext, ObjectHandleOnStack retAssembly)
   at System.Reflection.RuntimeAssembly.InternalLoad(AssemblyName assemblyName, RuntimeAssembly requestingAssembly, StackCrawlMark& stackMark, Boolean throwOnFileNotFound, AssemblyLoadContext assemblyLoadContext)
   at System.Reflection.Assembly.Load(AssemblyName assemblyRef)
   at Microsoft.VisualStudio.TestPlatform.Common.ExtensionFramework.TestPluginCache.CurrentDomainAssemblyResolve(Object sender, AssemblyResolveEventArgs args)
   at Microsoft.VisualStudio.TestPlatform.PlatformAbstractions.PlatformAssemblyResolver.AssemblyResolverEvent(Object sender, Object eventArgs)
   at System.Runtime.Loader.AssemblyLoadContext.GetFirstResolvedAssemblyFromResolvingEvent(AssemblyName assemblyName)
   at System.Runtime.Loader.AssemblyLoadContext.ResolveUsingEvent(AssemblyName assemblyName)
   at System.Runtime.Loader.AssemblyLoadContext.ResolveUsingResolvingEvent(IntPtr gchManagedAssemblyLoadContext, AssemblyName assemblyName)
TpTrace Warning: 0 : 6116, 1, 2022/06/16, 21:55:08.596, 1134655469525, vstest.console.dll, LoaderExceptions: System.IO.FileNotFoundException: Could not load file or assembly 'Microsoft.Bcl.AsyncInterfaces, Version=1.0.0.0, Culture=neutral, PublicKeyToken=cc7b13ffcd2ddd51'. The system cannot find the file specified.
File name: 'Microsoft.Bcl.AsyncInterfaces, Version=1.0.0.0, Culture=neutral, PublicKeyToken=cc7b13ffcd2ddd51'
 ---> System.IO.FileNotFoundException: Could not load file or assembly 'Microsoft.Bcl.AsyncInterfaces, Culture=neutral, PublicKeyToken=null'. The system cannot find the file specified.
File name: 'Microsoft.Bcl.AsyncInterfaces, Culture=neutral, PublicKeyToken=null'
   at System.Reflection.RuntimeAssembly.InternalLoad(ObjectHandleOnStack assemblyName, ObjectHandleOnStack requestingAssembly, StackCrawlMarkHandle stackMark, Boolean throwOnFileNotFound, ObjectHandleOnStack assemblyLoadContext, ObjectHandleOnStack retAssembly)
   at System.Reflection.RuntimeAssembly.InternalLoad(AssemblyName assemblyName, RuntimeAssembly requestingAssembly, StackCrawlMark& stackMark, Boolean throwOnFileNotFound, AssemblyLoadContext assemblyLoadContext)
   at System.Reflection.Assembly.Load(AssemblyName assemblyRef)
   at Microsoft.VisualStudio.TestPlatform.Common.ExtensionFramework.TestPluginCache.CurrentDomainAssemblyResolve(Object sender, AssemblyResolveEventArgs args)
   at Microsoft.VisualStudio.TestPlatform.PlatformAbstractions.PlatformAssemblyResolver.AssemblyResolverEvent(Object sender, Object eventArgs)
   at System.Runtime.Loader.AssemblyLoadContext.GetFirstResolvedAssemblyFromResolvingEvent(AssemblyName assemblyName)
   at System.Runtime.Loader.AssemblyLoadContext.ResolveUsingEvent(AssemblyName assemblyName)
   at System.Runtime.Loader.AssemblyLoadContext.ResolveUsingResolvingEvent(IntPtr gchManagedAssemblyLoadContext, AssemblyName assemblyName)
TpTrace Verbose: 0 : 6116, 1, 2022/06/16, 21:55:08.597, 1134655470844, vstest.console.dll, MetadataReaderExtensionsHelper: Discovering extensions inside assembly 'Microsoft.TestPlatform.Extensions.BlameDataCollector, Version=15.0.0.0, Culture=neutral, PublicKeyToken=b03f5f7f11d50a3a' file path 'C:\Program Files\dotnet\sdk\6.0.300\Extensions\Microsoft.TestPlatform.Extensions.BlameDataCollector.dll'
TpTrace Information: 0 : 6116, 1, 2022/06/16, 21:55:08.597, 1134655478695, vstest.console.dll, GetTestExtensionFromType: Register extension with identifier data 'logger://Microsoft/TestPlatform/Extensions/Blame/v1' and type 'Microsoft.TestPlatform.Extensions.BlameDataCollector.BlameLogger, Microsoft.TestPlatform.Extensions.BlameDataCollector, Version=15.0.0.0, Culture=neutral, PublicKeyToken=b03f5f7f11d50a3a' inside file 'C:\Program Files\dotnet\sdk\6.0.300\Extensions\Microsoft.TestPlatform.Extensions.BlameDataCollector.dll'
TpTrace Verbose: 0 : 6116, 1, 2022/06/16, 21:55:08.597, 1134655479521, vstest.console.dll, MetadataReaderExtensionsHelper: Discovering extensions inside assembly 'Microsoft.TestPlatform.Extensions.EventLogCollector, Version=15.0.0.0, Culture=neutral, PublicKeyToken=b03f5f7f11d50a3a' file path 'C:\Program Files\dotnet\sdk\6.0.300\Extensions\Microsoft.TestPlatform.Extensions.EventLogCollector.dll'
TpTrace Verbose: 0 : 6116, 1, 2022/06/16, 21:55:08.598, 1134655486430, vstest.console.dll, MetadataReaderExtensionsHelper: Discovering extensions inside assembly 'Microsoft.TestPlatform.TestHostRuntimeProvider, Version=15.0.0.0, Culture=neutral, PublicKeyToken=b03f5f7f11d50a3a' file path 'C:\Program Files\dotnet\sdk\6.0.300\Extensions\Microsoft.TestPlatform.TestHostRuntimeProvider.dll'
TpTrace Verbose: 0 : 6116, 1, 2022/06/16, 21:55:08.599, 1134655493072, vstest.console.dll, MetadataReaderExtensionsHelper: Discovering extensions inside assembly 'Microsoft.VisualStudio.TestPlatform.Extensions.Html.TestLogger, Version=15.0.0.0, Culture=neutral, PublicKeyToken=b03f5f7f11d50a3a' file path 'C:\Program Files\dotnet\sdk\6.0.300\Extensions\Microsoft.VisualStudio.TestPlatform.Extensions.Html.TestLogger.dll'
TpTrace Information: 0 : 6116, 1, 2022/06/16, 21:55:08.599, 1134655499401, vstest.console.dll, GetTestExtensionFromType: Register extension with identifier data 'logger://Microsoft/TestPlatform/HtmlLogger/v1' and type 'Microsoft.VisualStudio.TestPlatform.Extensions.HtmlLogger.HtmlLogger, Microsoft.VisualStudio.TestPlatform.Extensions.Html.TestLogger, Version=15.0.0.0, Culture=neutral, PublicKeyToken=b03f5f7f11d50a3a' inside file 'C:\Program Files\dotnet\sdk\6.0.300\Extensions\Microsoft.VisualStudio.TestPlatform.Extensions.Html.TestLogger.dll'
TpTrace Verbose: 0 : 6116, 1, 2022/06/16, 21:55:08.600, 1134655500447, vstest.console.dll, MetadataReaderExtensionsHelper: Discovering extensions inside assembly 'Microsoft.VisualStudio.TestPlatform.Extensions.Trx.TestLogger, Version=15.0.0.0, Culture=neutral, PublicKeyToken=b03f5f7f11d50a3a' file path 'C:\Program Files\dotnet\sdk\6.0.300\Extensions\Microsoft.VisualStudio.TestPlatform.Extensions.Trx.TestLogger.dll'
TpTrace Information: 0 : 6116, 1, 2022/06/16, 21:55:08.600, 1134655508214, vstest.console.dll, GetTestExtensionFromType: Register extension with identifier data 'logger://Microsoft/TestPlatform/TrxLogger/v1' and type 'Microsoft.VisualStudio.TestPlatform.Extensions.TrxLogger.TrxLogger, Microsoft.VisualStudio.TestPlatform.Extensions.Trx.TestLogger, Version=15.0.0.0, Culture=neutral, PublicKeyToken=b03f5f7f11d50a3a' inside file 'C:\Program Files\dotnet\sdk\6.0.300\Extensions\Microsoft.VisualStudio.TestPlatform.Extensions.Trx.TestLogger.dll'
TpTrace Verbose: 0 : 6116, 1, 2022/06/16, 21:55:08.600, 1134655509036, vstest.console.dll, TestPluginCache: Discovered the extensions using extension path ''.
TpTrace Verbose: 0 : 6116, 1, 2022/06/16, 21:55:08.600, 1134655509324, vstest.console.dll, TestPluginCache: Discoverers are ''.
TpTrace Verbose: 0 : 6116, 1, 2022/06/16, 21:55:08.600, 1134655509597, vstest.console.dll, TestPluginCache: Executors are ''.
TpTrace Verbose: 0 : 6116, 1, 2022/06/16, 21:55:08.601, 1134655509857, vstest.console.dll, TestPluginCache: Executors2 are ''.
TpTrace Verbose: 0 : 6116, 1, 2022/06/16, 21:55:08.601, 1134655510063, vstest.console.dll, TestPluginCache: Setting providers are ''.
TpTrace Verbose: 0 : 6116, 1, 2022/06/16, 21:55:08.601, 1134655510783, vstest.console.dll, TestPluginCache: Loggers are 'logger://Microsoft/TestPlatform/Extensions/Blame/v1,logger://Microsoft/TestPlatform/HtmlLogger/v1,logger://Microsoft/TestPlatform/TrxLogger/v1'.
TpTrace Verbose: 0 : 6116, 1, 2022/06/16, 21:55:08.601, 1134655511199, vstest.console.dll, TestPluginCache: TestHosts are 'HostProvider://DefaultTestHost,HostProvider://DotnetTestHost'.
TpTrace Verbose: 0 : 6116, 1, 2022/06/16, 21:55:08.601, 1134655511433, vstest.console.dll, TestPluginCache: DataCollectors are ''.
TpTrace Information: 0 : 6116, 1, 2022/06/16, 21:55:08.601, 1134655517901, vstest.console.dll, TestPluginManager.CreateTestExtension: Attempting to load test extension: Microsoft.TestPlatform.Extensions.BlameDataCollector.BlameLogger
TpTrace Information: 0 : 6116, 1, 2022/06/16, 21:55:08.606, 1134655560653, vstest.console.dll, TestPluginManager.CreateTestExtension: Attempting to load test extension: Microsoft.VisualStudio.TestPlatform.CrossPlatEngine.Hosting.DefaultTestHostManager
TpTrace Information: 0 : 6116, 1, 2022/06/16, 21:55:08.607, 1134655575510, vstest.console.dll, TestPluginManager.CreateTestExtension: Attempting to load test extension: Microsoft.VisualStudio.TestPlatform.CrossPlatEngine.Hosting.DotnetTestHostManager
TpTrace Verbose: 0 : 6116, 1, 2022/06/16, 21:55:08.608, 1134655581140, vstest.console.dll, TestEngine: Initializing Parallel Execution as MaxCpuCount is set to: 1
TpTrace Information: 0 : 6116, 1, 2022/06/16, 21:55:08.608, 1134655585629, vstest.console.dll, InferRunSettingsHelper.IsTestSettingsEnabled: Unable to navigate to RunSettings/MSTest. Current node: RunSettings
TpTrace Verbose: 0 : 6116, 1, 2022/06/16, 21:55:08.609, 1134655593281, vstest.console.dll, TestRequestSender is acting as server.
TpTrace Verbose: 0 : 6116, 1, 2022/06/16, 21:55:08.610, 1134655601133, vstest.console.dll, TestEngine.GetExecutionManager: Chosen execution manager 'Microsoft.VisualStudio.TestPlatform.CrossPlatEngine.Client.Parallel.ParallelProxyExecutionManager, Microsoft.TestPlatform.CrossPlatEngine, Version=15.0.0.0, Culture=neutral, PublicKeyToken=b03f5f7f11d50a3a' ParallelLevel '1' Shared host 'False'
TpTrace Verbose: 0 : 6116, 5, 2022/06/16, 21:55:08.612, 1134655629156, vstest.console.dll, DataCollectionRequestSender.InitializeCommunication : Initialize communication. 
TpTrace Information: 0 : 6116, 5, 2022/06/16, 21:55:08.617, 1134655675457, vstest.console.dll, Listening on Endpoint : 127.0.0.1:12681
TpTrace Verbose: 0 : 6116, 5, 2022/06/16, 21:55:08.623, 1134655738574, vstest.console.dll, DotnetDataCollectionLauncher: Full path of dotnet.exe is C:\Program Files\dotnet\dotnet.exe
TpTrace Verbose: 0 : 6116, 5, 2022/06/16, 21:55:08.624, 1134655739770, vstest.console.dll, DotnetDataCollectionLauncher: Adding  --runtimeconfig "C:\Program Files\dotnet\sdk\6.0.300\datacollector.runtimeconfig.json" in args
TpTrace Verbose: 0 : 6116, 5, 2022/06/16, 21:55:08.624, 1134655740214, vstest.console.dll, DotnetDataCollectionLauncher: Adding  --depsfile "C:\Program Files\dotnet\sdk\6.0.300\datacollector.deps.json" in args
TpTrace Information: 0 : 6116, 5, 2022/06/16, 21:55:08.632, 1134655825356, vstest.console.dll, ProxyDataCollectionManager.Initialize: Launched datacollector processId: 34088 port: 12681
TpTrace Information: 0 : 6116, 5, 2022/06/16, 21:55:08.632, 1134655827115, vstest.console.dll, ProxyDataCollectionManager.Initialize: waiting for connection with timeout: 90 seconds
TpTrace Verbose: 0 : 6116, 5, 2022/06/16, 21:55:08.632, 1134655827707, vstest.console.dll, DataCollectionRequestSender.WaitForRequestHandlerConnection : Waiting for connection with timeout: 90000
TpTrace Information: 0 : 6116, 8, 2022/06/16, 21:55:08.793, 1134657436044, vstest.console.dll, Using the buffer size of 16384 bytes
TpTrace Verbose: 0 : 6116, 5, 2022/06/16, 21:55:08.793, 1134657436175, vstest.console.dll, SocketCommunicationManager.WaitForClientConnection took: 160 ms, with 90000 ms timeout, and finished with True.
TpTrace Information: 0 : 6116, 8, 2022/06/16, 21:55:08.793, 1134657437438, vstest.console.dll, Accepted Client request and set the flag
TpTrace Verbose: 0 : 6116, 5, 2022/06/16, 21:55:08.793, 1134657438641, vstest.console.dll, ProxyDataCollectionManager.InvokeDataCollectionServiceAction: Starting.
TpTrace Information: 0 : 6116, 5, 2022/06/16, 21:55:08.793, 1134657439643, vstest.console.dll, ProxyDataCollectionManager.BeforeTestRunStart: Get environment variable and port for datacollector processId: 34088 port: 12681
TpTrace Verbose: 0 : 6116, 5, 2022/06/16, 21:55:08.794, 1134657442443, vstest.console.dll, DataCollectionRequestSender.SendBeforeTestRunStartAndGetResult: Send BeforeTestRunStart message with settingsXml <RunSettings><RunConfiguration><ResultsDirectory>C:\Users\Decagon\source\repos\Portfolio_DM\MyPortfolioest\bin\Debug\net5.0\fine-code-coverage\coverage-tool-output</ResultsDirectory><TargetPlatform>X64</TargetPlatform><TargetFrameworkVersion>.NETCoreApp,Version=v5.0</TargetFrameworkVersion><DesignMode>False</DesignMode><CollectSourceInformation>False</CollectSourceInformation><TestAdaptersPaths>C:\Program Files\dotnet\sdk\6.0.300\Extensions</TestAdaptersPaths></RunConfiguration><LoggerRunSettings><Loggers><Logger friendlyName="blame" enabled="True" /><Logger friendlyName="Console" uri="logger://microsoft/TestPlatform/ConsoleLogger/v1" assemblyQualifiedName="Microsoft.VisualStudio.TestPlatform.CommandLine.Internal.ConsoleLogger, vstest.console, Version=15.0.0.0, Culture=neutral, PublicKeyToken=b03f5f7f11d50a3a" codeBase="C:\Program Files\dotnet\sdk\6.0.300\vstest.console.dll" enabled="True" /></Loggers></LoggerRunSettings><DataCollectionRunSettings><DataCollectors><DataCollector friendlyName="blame" enabled="True"><Configuration><ResultsDirectory>C:\Users\Decagon\source\repos\Portfolio_DM\MyPortfolioest\bin\Debug\net5.0\fine-code-coverage\coverage-tool-output</ResultsDirectory></Configuration></DataCollector></DataCollectors></DataCollectionRunSettings></RunSettings> and sources System.Linq.Enumerable+Concat2Iterator`1[System.String]: 
TpTrace Verbose: 0 : 6116, 5, 2022/06/16, 21:55:08.876, 1134658262406, vstest.console.dll, DataCollectionRequestSender.SendBeforeTestRunStartAndGetResult: Received message: (DataCollection.SendMessage) -> {
  "FriendlyName": null,
  "Uri": null,
  "TestCaseId": "00000000-0000-0000-0000-000000000000",
  "Message": "Logging DataCollector Diagnostics in file: C:\\Users\\Decagon\\source\\repos\\Portfolio_DM\\MyPortfolioest\\bin\\Debug\\net5.0\\fine-code-coverage\\coverage-tool-output\\diagnostics.datacollector.22-06-16_21-55-08_62369_5.log",
  "Level": 0
}
TpTrace Verbose: 0 : 6116, 5, 2022/06/16, 21:55:08.979, 1134659291039, vstest.console.dll, DataCollectionRequestSender.SendBeforeTestRunStartAndGetResult: Received message: (DataCollection.BeforeTestRunStartResult) -> {
  "EnvironmentVariables": {},
  "DataCollectionEventsPort": 12683
}
TpTrace Information: 0 : 6116, 5, 2022/06/16, 21:55:08.985, 1134659353215, vstest.console.dll, ProxyDataCollectionManager.BeforeTestRunStart: SendBeforeTestRunStartAndGetResult successful, env variable from datacollector:   and testhost port: 12683
TpTrace Information: 0 : 6116, 5, 2022/06/16, 21:55:08.985, 1134659354276, vstest.console.dll, ProxyDataCollectionManager.InvokeDataCollectionServiceAction: Completed.
TpTrace Verbose: 0 : 6116, 1, 2022/06/16, 21:55:08.986, 1134659360751, vstest.console.dll, TestRunRequest.ExecuteAsync: Creating test run request.
TpTrace Verbose: 0 : 6116, 1, 2022/06/16, 21:55:08.986, 1134659365172, vstest.console.dll, TestRunRequest.ExecuteAsync: Starting.
TpTrace Information: 0 : 6116, 1, 2022/06/16, 21:55:08.986, 1134659368358, vstest.console.dll, TestRunRequest.ExecuteAsync: Starting run with settings:TestRunCriteria:
   KeepAlive=False,FrequencyOfRunStatsChangeEvent=10,RunStatsChangeEventTimeout=00:00:01.5000000,TestCaseFilter=,TestExecutorLauncher=
   Settingsxml=<RunSettings>
  <RunConfiguration>
    <ResultsDirectory>C:\Users\Decagon\source\repos\Portfolio_DM\MyPortfolioest\bin\Debug\net5.0\fine-code-coverage\coverage-tool-output</ResultsDirectory>
    <TargetPlatform>X64</TargetPlatform>
    <TargetFrameworkVersion>.NETCoreApp,Version=v5.0</TargetFrameworkVersion>
    <DesignMode>False</DesignMode>
    <CollectSourceInformation>False</CollectSourceInformation>
  </RunConfiguration>
  <LoggerRunSettings>
    <Loggers>
      <Logger friendlyName="blame" enabled="True" />
      <Logger friendlyName="Console" uri="logger://microsoft/TestPlatform/ConsoleLogger/v1" assemblyQualifiedName="Microsoft.VisualStudio.TestPlatform.CommandLine.Internal.ConsoleLogger, vstest.console, Version=15.0.0.0, Culture=neutral, PublicKeyToken=b03f5f7f11d50a3a" codeBase="C:\Program Files\dotnet\sdk\6.0.300\vstest.console.dll" enabled="True" />
    </Loggers>
  </LoggerRunSettings>
  <DataCollectionRunSettings>
    <DataCollectors>
      <DataCollector friendlyName="blame" enabled="True">
        <Configuration>
          <ResultsDirectory>C:\Users\Decagon\source\repos\Portfolio_DM\MyPortfolioest\bin\Debug\net5.0\fine-code-coverage\coverage-tool-output</ResultsDirectory>
        </Configuration>
      </DataCollector>
    </DataCollectors>
  </DataCollectionRunSettings>
</RunSettings>

TpTrace Verbose: 0 : 6116, 1, 2022/06/16, 21:55:08.986, 1134659368890, vstest.console.dll, TestRunRequest.ExecuteAsync: Wait for the first run request is over.
TpTrace Verbose: 0 : 6116, 1, 2022/06/16, 21:55:08.987, 1134659371905, vstest.console.dll, MulticastDelegateUtilities.SafeInvoke: TestRun.TestRunStart: Invoking callbacks was skipped because there are no subscribers.
TpTrace Verbose: 0 : 6116, 4, 2022/06/16, 21:55:08.987, 1134659374227, vstest.console.dll, MulticastDelegateUtilities.SafeInvoke: InternalTestLoggerEvents.SendTestRunStart: Invoking callback 1/1 for Microsoft.VisualStudio.TestPlatform.CommandLine.Internal.ConsoleLogger.TestRunStartHandler, took 0 ms.
TpTrace Verbose: 0 : 6116, 1, 2022/06/16, 21:55:08.987, 1134659374725, vstest.console.dll, ParallelProxyExecutionManager: Start execution. Total sources: 1
TpTrace Information: 0 : 6116, 1, 2022/06/16, 21:55:08.988, 1134659385148, vstest.console.dll, ProxyParallelExecutionManager: Triggering test run for next source: C:\Users\Decagon\source\repos\Portfolio_DM\MyPortfolioest\bin\Debug\net5.0\fine-code-coverage\build-output\MyPortfolioTest.dll
TpTrace Verbose: 0 : 6116, 5, 2022/06/16, 21:55:08.988, 1134659387170, vstest.console.dll, ParallelProxyExecutionManager: Execution started. Started clients: 1
TpTrace Verbose: 0 : 6116, 1, 2022/06/16, 21:55:08.988, 1134659388643, vstest.console.dll, ProxyParallelExecutionManager: No sources available for execution.
TpTrace Information: 0 : 6116, 1, 2022/06/16, 21:55:08.988, 1134659389267, vstest.console.dll, TestRunRequest.ExecuteAsync: Started.
TpTrace Verbose: 0 : 6116, 1, 2022/06/16, 21:55:08.989, 1134659390324, vstest.console.dll, TestRunRequest.WaitForCompletion: Waiting with timeout -1.
TpTrace Verbose: 0 : 6116, 5, 2022/06/16, 21:55:08.989, 1134659391840, vstest.console.dll, TestRunRequest:SendTestRunMessage: Starting.
TpTrace Verbose: 0 : 6116, 5, 2022/06/16, 21:55:08.989, 1134659393363, vstest.console.dll, MulticastDelegateUtilities.SafeInvoke: TestRun.LogMessages: Invoking callback 1/1 for Microsoft.VisualStudio.TestPlatform.CommandLine.TestRunResultAggregator.TestRunMessageHandler, took 0 ms.
TpTrace Verbose: 0 : 6116, 4, 2022/06/16, 21:55:08.989, 1134659393376, vstest.console.dll, MulticastDelegateUtilities.SafeInvoke: InternalTestLoggerEvents.SendTestRunMessage: Invoking callback 1/1 for Microsoft.VisualStudio.TestPlatform.CommandLine.Internal.ConsoleLogger.TestMessageHandler, took 0 ms.
TpTrace Information: 0 : 6116, 5, 2022/06/16, 21:55:08.989, 1134659393888, vstest.console.dll, TestRunRequest:SendTestRunMessage: Completed.
TpTrace Verbose: 0 : 6116, 5, 2022/06/16, 21:55:08.989, 1134659396429, vstest.console.dll, ProxyExecutionManager: Test host is always Lazy initialize.
TpTrace Verbose: 0 : 6116, 5, 2022/06/16, 21:55:08.989, 1134659398211, vstest.console.dll, TestRequestSender.InitializeCommunication: initialize communication. 
TpTrace Information: 0 : 6116, 5, 2022/06/16, 21:55:08.990, 1134659402878, vstest.console.dll, SocketServer.Start: Listening on endpoint : 127.0.0.1:12684
TpTrace Verbose: 0 : 6116, 5, 2022/06/16, 21:55:08.991, 1134659410156, vstest.console.dll, DotnetTestHostmanager.GetTestHostProcessStartInfo: Platform environment 'X64' target architecture 'X64' framework '.NETCoreApp,Version=v5.0' OS 'Windows'
TpTrace Verbose: 0 : 6116, 5, 2022/06/16, 21:55:08.991, 1134659412447, vstest.console.dll, DotnetTestHostmanager: Adding  --runtimeconfig "C:\Users\Decagon\source\repos\Portfolio_DM\MyPortfolioest\bin\Debug\net5.0\fine-code-coverage\build-output\MyPortfolioTest.runtimeconfig.json" in args
TpTrace Verbose: 0 : 6116, 5, 2022/06/16, 21:55:08.991, 1134659413427, vstest.console.dll, DotnetTestHostmanager: Adding  --depsfile "C:\Users\Decagon\source\repos\Portfolio_DM\MyPortfolioest\bin\Debug\net5.0\fine-code-coverage\build-output\MyPortfolioTest.deps.json" in args
TpTrace Verbose: 0 : 6116, 5, 2022/06/16, 21:55:08.991, 1134659416915, vstest.console.dll, DotnetTestHostmanager.IsWinOnArm: Current PROCESSOR_ARCHITECTURE from environment variable 'AMD64'
TpTrace Verbose: 0 : 6116, 5, 2022/06/16, 21:55:08.991, 1134659417661, vstest.console.dll, DotnetTestHostmanager.IsWinOnArm: Is Windows on ARM 'False'
TpTrace Verbose: 0 : 6116, 5, 2022/06/16, 21:55:08.991, 1134659418599, vstest.console.dll, DotnetTestHostManager: testhost.exe found at path: C:\Users\Decagon\source\repos\Portfolio_DM\MyPortfolioest\bin\Debug\net5.0\fine-code-coverage\build-output\testhost.exe
TpTrace Verbose: 0 : 6116, 5, 2022/06/16, 21:55:08.991, 1134659419079, vstest.console.dll, DotnetTestHostmanager: Full path of host exe is C:\Users\Decagon\source\repos\Portfolio_DM\MyPortfolioest\bin\Debug\net5.0\fine-code-coverage\build-output\testhost.exe
TpTrace Verbose: 0 : 6116, 5, 2022/06/16, 21:55:08.992, 1134659420468, vstest.console.dll, DotnetTestHostmanager.LaunchTestHostAsync: Found 'VSTEST_WINAPPHOST_DOTNET_ROOT' in env variables, value 'C:\Program Files\dotnet', forwarding to 'DOTNET_ROOT'
TpTrace Verbose: 0 : 6116, 7, 2022/06/16, 21:55:08.993, 1134659430905, vstest.console.dll, DotnetTestHostManager: Starting process 'C:\Users\Decagon\source\repos\Portfolio_DM\MyPortfolioest\bin\Debug\net5.0\fine-code-coverage\build-output\testhost.exe' with command line ' --runtimeconfig "C:\Users\Decagon\source\repos\Portfolio_DM\MyPortfolioest\bin\Debug\net5.0\fine-code-coverage\build-output\MyPortfolioTest.runtimeconfig.json" --depsfile "C:\Users\Decagon\source\repos\Portfolio_DM\MyPortfolioest\bin\Debug\net5.0\fine-code-coverage\build-output\MyPortfolioTest.deps.json" --port 12684 --endpoint 127.0.0.1:012684 --role client --parentprocessid 6116 --diag "C:\Users\Decagon\source\repos\Portfolio_DM\MyPortfolioest\bin\Debug\net5.0\fine-code-coverage\coverage-tool-output\diagnostics.host.22-06-16_21-55-08_99068_5.log" --tracelevel 4 --datacollectionport 12683 --telemetryoptedin false'
TpTrace Verbose: 0 : 6116, 7, 2022/06/16, 21:55:09.000, 1134659507239, vstest.console.dll, MulticastDelegateUtilities.SafeInvoke: HostProviderEvents.OnHostLaunched: Invoking callback 1/2 for Microsoft.VisualStudio.TestPlatform.CrossPlatEngine.Client.ProxyExecutionManagerWithDataCollection.TestHostLaunchedHandler, took 1 ms.
TpTrace Verbose: 0 : 6116, 7, 2022/06/16, 21:55:09.000, 1134659508631, vstest.console.dll, Test Runtime launched
TpTrace Verbose: 0 : 6116, 7, 2022/06/16, 21:55:09.000, 1134659509172, vstest.console.dll, MulticastDelegateUtilities.SafeInvoke: HostProviderEvents.OnHostLaunched: Invoking callback 2/2 for Microsoft.VisualStudio.TestPlatform.CrossPlatEngine.Client.ProxyOperationManager.TestHostManagerHostLaunched, took 0 ms.
TpTrace Verbose: 0 : 6116, 5, 2022/06/16, 21:55:09.001, 1134659518108, vstest.console.dll, TestRequestSender.WaitForRequestHandlerConnection: waiting for connection with timeout: 90000.
TpTrace Verbose: 0 : 6116, 5, 2022/06/16, 21:55:09.216, 1134661663371, vstest.console.dll, TestRequestSender.WaitForRequestHandlerConnection: waiting took 214 ms, with timeout 90000 ms, and result 0, which is success.
TpTrace Verbose: 0 : 6116, 7, 2022/06/16, 21:55:09.216, 1134661663130, vstest.console.dll, MulticastDelegateUtilities.SafeInvoke: SocketServer: ClientConnected: Invoking callback 1/1 for Microsoft.VisualStudio.TestPlatform.CommunicationUtilities.TestRequestSender.<InitializeCommunication>b__23_0, took 0 ms.
TpTrace Verbose: 0 : 6116, 7, 2022/06/16, 21:55:09.216, 1134661665735, vstest.console.dll, SocketServer.OnClientConnected: Client connected for endPoint: 127.0.0.1:12684, starting MessageLoopAsync:
TpTrace Verbose: 0 : 6116, 14, 2022/06/16, 21:55:09.216, 1134661668284, vstest.console.dll, TcpClientExtensions.MessageLoopAsync: Polling on remoteEndPoint: 127.0.0.1:12685 localEndPoint: 127.0.0.1:12684
TpTrace Verbose: 0 : 6116, 5, 2022/06/16, 21:55:09.217, 1134661676774, vstest.console.dll, TestRequestSender.CheckVersionWithTestHost: Sending check version message: {"MessageType":"ProtocolVersion","Payload":6}
TpTrace Verbose: 0 : 6116, 14, 2022/06/16, 21:55:09.392, 1134663423630, vstest.console.dll, TcpClientExtensions.MessageLoopAsync: NotifyDataAvailable remoteEndPoint: 127.0.0.1:12685 localEndPoint: 127.0.0.1:12684
TpTrace Verbose: 0 : 6116, 14, 2022/06/16, 21:55:09.392, 1134663427899, vstest.console.dll, TestRequestSender.CheckVersionWithTestHost: onMessageReceived received message: (ProtocolVersion) -> 5
TpTrace Verbose: 0 : 6116, 14, 2022/06/16, 21:55:09.393, 1134663432762, vstest.console.dll, MulticastDelegateUtilities.SafeInvoke: LengthPrefixCommunicationChannel: MessageReceived: Invoking callback 1/1 for Microsoft.VisualStudio.TestPlatform.CommunicationUtilities.TestRequestSender+<>c__DisplayClass25_0.<CheckVersionWithTestHost>b__0, took 0 ms.
TpTrace Verbose: 0 : 6116, 14, 2022/06/16, 21:55:09.393, 1134663433495, vstest.console.dll, TcpClientExtensions.MessageLoopAsync: Polling on remoteEndPoint: 127.0.0.1:12685 localEndPoint: 127.0.0.1:12684
TpTrace Verbose: 0 : 6116, 5, 2022/06/16, 21:55:09.393, 1134663435021, vstest.console.dll, TestPluginCache.GetExtensionPaths: Filtered extension paths: 
TpTrace Verbose: 0 : 6116, 5, 2022/06/16, 21:55:09.393, 1134663437323, vstest.console.dll, TestPluginCache.GetExtensionPaths: Added default extension paths: C:\Program Files\dotnet\sdk\6.0.300\Extensions\DumpMinitool.exe
C:\Program Files\dotnet\sdk\6.0.300\Extensions\DumpMinitool.x86.exe
C:\Program Files\dotnet\sdk\6.0.300\Extensions\Microsoft.Diagnostics.NETCore.Client.dll
C:\Program Files\dotnet\sdk\6.0.300\Extensions\Microsoft.TestPlatform.Extensions.BlameDataCollector.dll
C:\Program Files\dotnet\sdk\6.0.300\Extensions\Microsoft.TestPlatform.Extensions.EventLogCollector.dll
C:\Program Files\dotnet\sdk\6.0.300\Extensions\Microsoft.TestPlatform.TestHostRuntimeProvider.dll
C:\Program Files\dotnet\sdk\6.0.300\Extensions\Microsoft.VisualStudio.TestPlatform.Extensions.Html.TestLogger.dll
C:\Program Files\dotnet\sdk\6.0.300\Extensions\Microsoft.VisualStudio.TestPlatform.Extensions.Trx.TestLogger.dll
TpTrace Verbose: 0 : 6116, 5, 2022/06/16, 21:55:09.393, 1134663437835, vstest.console.dll, TestPluginCache.GetExtensionPaths: Added unfilterableExtensionPaths: 
TpTrace Verbose: 0 : 6116, 5, 2022/06/16, 21:55:09.399, 1134663490195, vstest.console.dll, TestRequestSender.InitializeExecution: Sending initialize execution with message: {"Version":5,"MessageType":"TestExecution.Initialize","Payload":["C:\\Users\\Decagon\\source\\repos\\Portfolio_DM\\MyPortfolioest\\bin\\Debug\\net5.0\\fine-code-coverage\\build-output\\xunit.runner.visualstudio.dotnetcore.testadapter.dll"]}
TpTrace Warning: 0 : 6116, 5, 2022/06/16, 21:55:09.404, 1134663547764, vstest.console.dll, InferRunSettingsHelper.MakeRunsettingsCompatible: Removing the following settings: TargetPlatform from RunSettings file. To use those settings please move to latest version of Microsoft.NET.Test.Sdk
TpTrace Verbose: 0 : 6116, 14, 2022/06/16, 21:55:09.409, 1134663595614, vstest.console.dll, TcpClientExtensions.MessageLoopAsync: NotifyDataAvailable remoteEndPoint: 127.0.0.1:12685 localEndPoint: 127.0.0.1:12684
TpTrace Verbose: 0 : 6116, 14, 2022/06/16, 21:55:09.409, 1134663598024, vstest.console.dll, TestRequestSender.OnExecutionMessageReceived: Received message: {"Version":5,"MessageType":"TestSession.Message","Payload":{"MessageLevel":0,"Message":"Logging TestHost Diagnostics in file: C:\\Users\\Decagon\\source\\repos\\Portfolio_DM\\MyPortfolioest\\bin\\Debug\\net5.0\\fine-code-coverage\\coverage-tool-output\\diagnostics.host.22-06-16_21-55-08_99068_5.log"}}
TpTrace Verbose: 0 : 6116, 14, 2022/06/16, 21:55:09.411, 1134663617306, vstest.console.dll, TestRunRequest:SendTestRunMessage: Starting.
TpTrace Verbose: 0 : 6116, 14, 2022/06/16, 21:55:09.411, 1134663618409, vstest.console.dll, MulticastDelegateUtilities.SafeInvoke: TestRun.LogMessages: Invoking callback 1/1 for Microsoft.VisualStudio.TestPlatform.CommandLine.TestRunResultAggregator.TestRunMessageHandler, took 0 ms.
TpTrace Information: 0 : 6116, 14, 2022/06/16, 21:55:09.411, 1134663618821, vstest.console.dll, TestRunRequest:SendTestRunMessage: Completed.
TpTrace Verbose: 0 : 6116, 4, 2022/06/16, 21:55:09.411, 1134663619105, vstest.console.dll, MulticastDelegateUtilities.SafeInvoke: InternalTestLoggerEvents.SendTestRunMessage: Invoking callback 1/1 for Microsoft.VisualStudio.TestPlatform.CommandLine.Internal.ConsoleLogger.TestMessageHandler, took 0 ms.
TpTrace Verbose: 0 : 6116, 14, 2022/06/16, 21:55:09.411, 1134663619300, vstest.console.dll, MulticastDelegateUtilities.SafeInvoke: LengthPrefixCommunicationChannel: MessageReceived: Invoking callback 1/1 for Microsoft.VisualStudio.TestPlatform.CommunicationUtilities.TestRequestSender+<>c__DisplayClass30_0.<StartTestRun>b__1, took 2 ms.
TpTrace Verbose: 0 : 6116, 14, 2022/06/16, 21:55:09.412, 1134663619939, vstest.console.dll, TcpClientExtensions.MessageLoopAsync: Polling on remoteEndPoint: 127.0.0.1:12685 localEndPoint: 127.0.0.1:12684
TpTrace Verbose: 0 : 6116, 5, 2022/06/16, 21:55:09.415, 1134663649976, vstest.console.dll, TestRequestSender.StartTestRun: Sending test run with message: {"Version":5,"MessageType":"TestExecution.StartWithSources","Payload":{"AdapterSourceMap":{"_none_":["C:\\Users\\Decagon\\source\\repos\\Portfolio_DM\\MyPortfolioest\\bin\\Debug\\net5.0\\fine-code-coverage\\build-output\\MyPortfolioTest.dll"]},"RunSettings":"<RunSettings>\r\n  <RunConfiguration>\r\n    <ResultsDirectory>C:\\Users\\Decagon\\source\\repos\\Portfolio_DM\\MyPortfolioest\\bin\\Debug\\net5.0\\fine-code-coverage\\coverage-tool-output</ResultsDirectory>\r\n    <TargetFrameworkVersion>.NETCoreApp,Version=v5.0</TargetFrameworkVersion>\r\n    <DesignMode>False</DesignMode>\r\n    <CollectSourceInformation>False</CollectSourceInformation>\r\n  </RunConfiguration>\r\n  <LoggerRunSettings>\r\n    <Loggers>\r\n      <Logger friendlyName=\"blame\" enabled=\"True\" />\r\n      <Logger friendlyName=\"Console\" uri=\"logger://microsoft/TestPlatform/ConsoleLogger/v1\" assemblyQualifiedName=\"Microsoft.VisualStudio.TestPlatform.CommandLine.Internal.ConsoleLogger, vstest.console, Version=15.0.0.0, Culture=neutral, PublicKeyToken=b03f5f7f11d50a3a\" codeBase=\"C:\\Program Files\\dotnet\\sdk\\6.0.300\\vstest.console.dll\" enabled=\"True\" />\r\n    </Loggers>\r\n  </LoggerRunSettings>\r\n  <DataCollectionRunSettings>\r\n    <DataCollectors>\r\n      <DataCollector friendlyName=\"blame\" enabled=\"True\">\r\n        <Configuration>\r\n          <ResultsDirectory>C:\\Users\\Decagon\\source\\repos\\Portfolio_DM\\MyPortfolioest\\bin\\Debug\\net5.0\\fine-code-coverage\\coverage-tool-output</ResultsDirectory>\r\n        </Configuration>\r\n      </DataCollector>\r\n    </DataCollectors>\r\n  </DataCollectionRunSettings>\r\n</RunSettings>","TestExecutionContext":{"FrequencyOfRunStatsChangeEvent":10,"RunStatsChangeEventTimeout":"00:00:01.5000000","InIsolation":false,"KeepAlive":false,"AreTestCaseLevelEventsRequired":false,"IsDebug":false,"TestCaseFilter":null,"FilterOptions":null},"Package":null}}
TpTrace Verbose: 0 : 6116, 14, 2022/06/16, 21:55:09.584, 1134665342072, vstest.console.dll, TcpClientExtensions.MessageLoopAsync: NotifyDataAvailable remoteEndPoint: 127.0.0.1:12685 localEndPoint: 127.0.0.1:12684
TpTrace Verbose: 0 : 6116, 14, 2022/06/16, 21:55:09.584, 1134665343926, vstest.console.dll, TestRequestSender.OnExecutionMessageReceived: Received message: {"Version":5,"MessageType":"TestSession.Message","Payload":{"MessageLevel":0,"Message":"[xUnit.net 00:00:00.00] xUnit.net VSTest Adapter v2.4.3+1b45f5407b (64-bit .NET 5.0.17)"}}
TpTrace Verbose: 0 : 6116, 14, 2022/06/16, 21:55:09.584, 1134665347376, vstest.console.dll, TestRunRequest:SendTestRunMessage: Starting.
TpTrace Verbose: 0 : 6116, 14, 2022/06/16, 21:55:09.584, 1134665348449, vstest.console.dll, MulticastDelegateUtilities.SafeInvoke: TestRun.LogMessages: Invoking callback 1/1 for Microsoft.VisualStudio.TestPlatform.CommandLine.TestRunResultAggregator.TestRunMessageHandler, took 0 ms.
TpTrace Verbose: 0 : 6116, 4, 2022/06/16, 21:55:09.584, 1134665348736, vstest.console.dll, MulticastDelegateUtilities.SafeInvoke: InternalTestLoggerEvents.SendTestRunMessage: Invoking callback 1/1 for Microsoft.VisualStudio.TestPlatform.CommandLine.Internal.ConsoleLogger.TestMessageHandler, took 0 ms.
TpTrace Information: 0 : 6116, 14, 2022/06/16, 21:55:09.584, 1134665348960, vstest.console.dll, TestRunRequest:SendTestRunMessage: Completed.
TpTrace Verbose: 0 : 6116, 14, 2022/06/16, 21:55:09.585, 1134665350541, vstest.console.dll, MulticastDelegateUtilities.SafeInvoke: LengthPrefixCommunicationChannel: MessageReceived: Invoking callback 1/1 for Microsoft.VisualStudio.TestPlatform.CommunicationUtilities.TestRequestSender+<>c__DisplayClass30_0.<StartTestRun>b__1, took 0 ms.
TpTrace Verbose: 0 : 6116, 14, 2022/06/16, 21:55:09.585, 1134665351132, vstest.console.dll, TcpClientExtensions.MessageLoopAsync: Polling on remoteEndPoint: 127.0.0.1:12685 localEndPoint: 127.0.0.1:12684
TpTrace Verbose: 0 : 6116, 14, 2022/06/16, 21:55:10.189, 1134671394406, vstest.console.dll, TcpClientExtensions.MessageLoopAsync: NotifyDataAvailable remoteEndPoint: 127.0.0.1:12685 localEndPoint: 127.0.0.1:12684
TpTrace Verbose: 0 : 6116, 14, 2022/06/16, 21:55:10.189, 1134671397903, vstest.console.dll, TestRequestSender.OnExecutionMessageReceived: Received message: {"Version":5,"MessageType":"TestSession.Message","Payload":{"MessageLevel":0,"Message":"[xUnit.net 00:00:00.61]   Discovering: MyPortfolioTest"}}
TpTrace Verbose: 0 : 6116, 14, 2022/06/16, 21:55:10.190, 1134671399975, vstest.console.dll, TestRunRequest:SendTestRunMessage: Starting.
TpTrace Verbose: 0 : 6116, 14, 2022/06/16, 21:55:10.190, 1134671400581, vstest.console.dll, MulticastDelegateUtilities.SafeInvoke: TestRun.LogMessages: Invoking callback 1/1 for Microsoft.VisualStudio.TestPlatform.CommandLine.TestRunResultAggregator.TestRunMessageHandler, took 0 ms.
TpTrace Information: 0 : 6116, 14, 2022/06/16, 21:55:10.190, 1134671400853, vstest.console.dll, TestRunRequest:SendTestRunMessage: Completed.
TpTrace Verbose: 0 : 6116, 14, 2022/06/16, 21:55:10.190, 1134671401149, vstest.console.dll, MulticastDelegateUtilities.SafeInvoke: LengthPrefixCommunicationChannel: MessageReceived: Invoking callback 1/1 for Microsoft.VisualStudio.TestPlatform.CommunicationUtilities.TestRequestSender+<>c__DisplayClass30_0.<StartTestRun>b__1, took 0 ms.
TpTrace Verbose: 0 : 6116, 14, 2022/06/16, 21:55:10.190, 1134671401405, vstest.console.dll, TcpClientExtensions.MessageLoopAsync: Polling on remoteEndPoint: 127.0.0.1:12685 localEndPoint: 127.0.0.1:12684
TpTrace Verbose: 0 : 6116, 4, 2022/06/16, 21:55:10.190, 1134671401454, vstest.console.dll, MulticastDelegateUtilities.SafeInvoke: InternalTestLoggerEvents.SendTestRunMessage: Invoking callback 1/1 for Microsoft.VisualStudio.TestPlatform.CommandLine.Internal.ConsoleLogger.TestMessageHandler, took 0 ms.
TpTrace Verbose: 0 : 6116, 14, 2022/06/16, 21:55:10.242, 1134671926154, vstest.console.dll, TcpClientExtensions.MessageLoopAsync: NotifyDataAvailable remoteEndPoint: 127.0.0.1:12685 localEndPoint: 127.0.0.1:12684
TpTrace Verbose: 0 : 6116, 14, 2022/06/16, 21:55:10.242, 1134671928109, vstest.console.dll, TestRequestSender.OnExecutionMessageReceived: Received message: {"Version":5,"MessageType":"TestSession.Message","Payload":{"MessageLevel":0,"Message":"[xUnit.net 00:00:00.66]   Discovered:  MyPortfolioTest"}}
TpTrace Verbose: 0 : 6116, 14, 2022/06/16, 21:55:10.243, 1134671929829, vstest.console.dll, TestRunRequest:SendTestRunMessage: Starting.
TpTrace Verbose: 0 : 6116, 14, 2022/06/16, 21:55:10.243, 1134671930546, vstest.console.dll, MulticastDelegateUtilities.SafeInvoke: TestRun.LogMessages: Invoking callback 1/1 for Microsoft.VisualStudio.TestPlatform.CommandLine.TestRunResultAggregator.TestRunMessageHandler, took 0 ms.
TpTrace Verbose: 0 : 6116, 4, 2022/06/16, 21:55:10.243, 1134671930794, vstest.console.dll, MulticastDelegateUtilities.SafeInvoke: InternalTestLoggerEvents.SendTestRunMessage: Invoking callback 1/1 for Microsoft.VisualStudio.TestPlatform.CommandLine.Internal.ConsoleLogger.TestMessageHandler, took 0 ms.
TpTrace Information: 0 : 6116, 14, 2022/06/16, 21:55:10.243, 1134671930976, vstest.console.dll, TestRunRequest:SendTestRunMessage: Completed.
TpTrace Verbose: 0 : 6116, 14, 2022/06/16, 21:55:10.243, 1134671931951, vstest.console.dll, MulticastDelegateUtilities.SafeInvoke: LengthPrefixCommunicationChannel: MessageReceived: Invoking callback 1/1 for Microsoft.VisualStudio.TestPlatform.CommunicationUtilities.TestRequestSender+<>c__DisplayClass30_0.<StartTestRun>b__1, took 0 ms.
TpTrace Verbose: 0 : 6116, 14, 2022/06/16, 21:55:10.243, 1134671932652, vstest.console.dll, TcpClientExtensions.MessageLoopAsync: Polling on remoteEndPoint: 127.0.0.1:12685 localEndPoint: 127.0.0.1:12684
TpTrace Verbose: 0 : 6116, 14, 2022/06/16, 21:55:10.245, 1134671955162, vstest.console.dll, TcpClientExtensions.MessageLoopAsync: NotifyDataAvailable remoteEndPoint: 127.0.0.1:12685 localEndPoint: 127.0.0.1:12684
TpTrace Verbose: 0 : 6116, 14, 2022/06/16, 21:55:10.245, 1134671956536, vstest.console.dll, TestRequestSender.OnExecutionMessageReceived: Received message: {"Version":5,"MessageType":"TestSession.Message","Payload":{"MessageLevel":0,"Message":"[xUnit.net 00:00:00.67]   Starting:    MyPortfolioTest"}}
TpTrace Verbose: 0 : 6116, 14, 2022/06/16, 21:55:10.245, 1134671958472, vstest.console.dll, TestRunRequest:SendTestRunMessage: Starting.
TpTrace Verbose: 0 : 6116, 14, 2022/06/16, 21:55:10.245, 1134671959229, vstest.console.dll, MulticastDelegateUtilities.SafeInvoke: TestRun.LogMessages: Invoking callback 1/1 for Microsoft.VisualStudio.TestPlatform.CommandLine.TestRunResultAggregator.TestRunMessageHandler, took 0 ms.
TpTrace Information: 0 : 6116, 14, 2022/06/16, 21:55:10.245, 1134671959576, vstest.console.dll, TestRunRequest:SendTestRunMessage: Completed.
TpTrace Verbose: 0 : 6116, 14, 2022/06/16, 21:55:10.246, 1134671959893, vstest.console.dll, MulticastDelegateUtilities.SafeInvoke: LengthPrefixCommunicationChannel: MessageReceived: Invoking callback 1/1 for Microsoft.VisualStudio.TestPlatform.CommunicationUtilities.TestRequestSender+<>c__DisplayClass30_0.<StartTestRun>b__1, took 0 ms.
TpTrace Verbose: 0 : 6116, 14, 2022/06/16, 21:55:10.246, 1134671960212, vstest.console.dll, TcpClientExtensions.MessageLoopAsync: Polling on remoteEndPoint: 127.0.0.1:12685 localEndPoint: 127.0.0.1:12684
TpTrace Verbose: 0 : 6116, 4, 2022/06/16, 21:55:10.246, 1134671960731, vstest.console.dll, MulticastDelegateUtilities.SafeInvoke: InternalTestLoggerEvents.SendTestRunMessage: Invoking callback 1/1 for Microsoft.VisualStudio.TestPlatform.CommandLine.Internal.ConsoleLogger.TestMessageHandler, took 0 ms.
TpTrace Verbose: 0 : 6116, 14, 2022/06/16, 21:55:10.483, 1134674330611, vstest.console.dll, TcpClientExtensions.MessageLoopAsync: NotifyDataAvailable remoteEndPoint: 127.0.0.1:12685 localEndPoint: 127.0.0.1:12684
TpTrace Verbose: 0 : 6116, 14, 2022/06/16, 21:55:10.483, 1134674332392, vstest.console.dll, TestRequestSender.OnExecutionMessageReceived: Received message: {"Version":5,"MessageType":"TestSession.Message","Payload":{"MessageLevel":0,"Message":"[xUnit.net 00:00:00.90]   Finished:    MyPortfolioTest"}}
TpTrace Verbose: 0 : 6116, 14, 2022/06/16, 21:55:10.483, 1134674335202, vstest.console.dll, TestRunRequest:SendTestRunMessage: Starting.
TpTrace Verbose: 0 : 6116, 14, 2022/06/16, 21:55:10.483, 1134674336272, vstest.console.dll, MulticastDelegateUtilities.SafeInvoke: TestRun.LogMessages: Invoking callback 1/1 for Microsoft.VisualStudio.TestPlatform.CommandLine.TestRunResultAggregator.TestRunMessageHandler, took 0 ms.
TpTrace Information: 0 : 6116, 14, 2022/06/16, 21:55:10.483, 1134674336740, vstest.console.dll, TestRunRequest:SendTestRunMessage: Completed.
TpTrace Verbose: 0 : 6116, 14, 2022/06/16, 21:55:10.483, 1134674337417, vstest.console.dll, MulticastDelegateUtilities.SafeInvoke: LengthPrefixCommunicationChannel: MessageReceived: Invoking callback 1/1 for Microsoft.VisualStudio.TestPlatform.CommunicationUtilities.TestRequestSender+<>c__DisplayClass30_0.<StartTestRun>b__1, took 0 ms.
TpTrace Verbose: 0 : 6116, 4, 2022/06/16, 21:55:10.483, 1134674338193, vstest.console.dll, MulticastDelegateUtilities.SafeInvoke: InternalTestLoggerEvents.SendTestRunMessage: Invoking callback 1/1 for Microsoft.VisualStudio.TestPlatform.CommandLine.Internal.ConsoleLogger.TestMessageHandler, took 0 ms.
TpTrace Verbose: 0 : 6116, 14, 2022/06/16, 21:55:10.483, 1134674338264, vstest.console.dll, TcpClientExtensions.MessageLoopAsync: Polling on remoteEndPoint: 127.0.0.1:12685 localEndPoint: 127.0.0.1:12684
TpTrace Verbose: 0 : 6116, 14, 2022/06/16, 21:55:10.527, 1134674772161, vstest.console.dll, TcpClientExtensions.MessageLoopAsync: NotifyDataAvailable remoteEndPoint: 127.0.0.1:12685 localEndPoint: 127.0.0.1:12684
TpTrace Verbose: 0 : 6116, 14, 2022/06/16, 21:55:10.527, 1134674774308, vstest.console.dll, TestRequestSender.OnExecutionMessageReceived: Received message: {"Version":5,"MessageType":"TestExecution.Completed","Payload":{"TestRunCompleteArgs":{"TestRunStatistics":{"ExecutedTests":3,"Stats":{"Passed":3}},"IsCanceled":false,"IsAborted":false,"Error":null,"AttachmentSets":[],"ElapsedTimeInRunningTests":"00:00:00.9206550","Metrics":{}},"LastRunTests":{"NewTestResults":[{"TestCase":{"Id":"c37a4a35-a1e5-bd90-9e98-dca42a1239bd","FullyQualifiedName":"MyPortfolioTest.SeederTest.WriteToJsonTest","DisplayName":"MyPortfolioTest.SeederTest.WriteToJsonTest(name: \"Bond\", email: \"Bond1@gmail.com\", subject: \"Grateful God\", message: \"Feeling vibe just now\")","ExecutorUri":"executor://xunit/VsTestRunner2/netcoreapp","Source":"C:\\Users\\Decagon\\source\\repos\\Portfolio_DM\\MyPortfolioest\\bin\\Debug\\net5.0\\fine-code-coverage\\build-output\\MyPortfolioTest.dll","CodeFilePath":null,"LineNumber":0,"Properties":[]},"Attachments":[],"Outcome":1,"ErrorMessage":null,"ErrorStackTrace":null,"DisplayName":"MyPortfolioTest.SeederTest.WriteToJsonTest(name: \"Bond\", email: \"Bond1@gmail.com\", subject: \"Grateful God\", message: \"Feeling vibe just now\")","Messages":[],"ComputerName":"LAPTOP-OKIKVU38","Duration":"00:00:00.1242897","StartTime":"2022-06-16T20:55:10.4442226+00:00","EndTime":"2022-06-16T20:55:10.4443198+00:00","Properties":[]},{"TestCase":{"Id":"56c57bd4-8f0b-ce0a-6604-0f77742a899c","FullyQualifiedName":"MyPortfolioTest.SeederTest.WriteToJsonTest","DisplayName":"MyPortfolioTest.SeederTest.WriteToJsonTest(name: \"Kunle\", email: \"favourblessing1@gmail.com\", subject: \"Good\", message: \"Awesome good God\")","ExecutorUri":"executor://xunit/VsTestRunner2/netcoreapp","Source":"C:\\Users\\Decagon\\source\\repos\\Portfolio_DM\\MyPortfolioest\\bin\\Debug\\net5.0\\fine-code-coverage\\build-output\\MyPortfolioTest.dll","CodeFilePath":null,"LineNumber":0,"Properties":[]},"Attachments":[],"Outcome":1,"ErrorMessage":null,"ErrorStackTrace":null,"DisplayName":"MyPortfolioTest.SeederTest.WriteToJsonTest(name: \"Kunle\", email: \"favourblessing1@gmail.com\", subject: \"Good\", message: \"Awesome good God\")","Messages":[],"ComputerName":"LAPTOP-OKIKVU38","Duration":"00:00:00.0016099","StartTime":"2022-06-16T20:55:10.476846+00:00","EndTime":"2022-06-16T20:55:10.4768479+00:00","Properties":[]},{"TestCase":{"Id":"488d7e6f-8cd3-43d3-d9e0-ad8dabf321ae","FullyQualifiedName":"MyPortfolioTest.SeederTest.WriteToJsonTest","DisplayName":"MyPortfolioTest.SeederTest.WriteToJsonTest(name: \"Favour\", email: \"favourblessing1@gmail.com\", subject: \"Doing Good\", message: \"Awesome good God\")","ExecutorUri":"executor://xunit/VsTestRunner2/netcoreapp","Source":"C:\\Users\\Decagon\\source\\repos\\Portfolio_DM\\MyPortfolioest\\bin\\Debug\\net5.0\\fine-code-coverage\\build-output\\MyPortfolioTest.dll","CodeFilePath":null,"LineNumber":0,"Properties":[]},"Attachments":[],"Outcome":1,"ErrorMessage":null,"ErrorStackTrace":null,"DisplayName":"MyPortfolioTest.SeederTest.WriteToJsonTest(name: \"Favour\", email: \"favourblessing1@gmail.com\", subject: \"Doing Good\", message: \"Awesome good God\")","Messages":[],"ComputerName":"LAPTOP-OKIKVU38","Duration":"00:00:00.0012019","StartTime":"2022-06-16T20:55:10.4795477+00:00","EndTime":"2022-06-16T20:55:10.4795498+00:00","Properties":[]}],"TestRunStatistics":{"ExecutedTests":3,"Stats":{"Passed":3}},"ActiveTests":[]},"RunAttachments":[],"ExecutorUris":["executor://xunit/VsTestRunner2/netcoreapp"]}}
TpTrace Verbose: 0 : 6116, 14, 2022/06/16, 21:55:10.528, 1134674787173, vstest.console.dll, TestRequestSender.EndSession: Sending end session.
TpTrace Verbose: 0 : 6116, 14, 2022/06/16, 21:55:10.528, 1134674788617, vstest.console.dll, ProxyOperationManager.Close: waiting for test host to exit for 100 ms
TpTrace Warning: 0 : 6116, 13, 2022/06/16, 21:55:10.568, 1134675180099, vstest.console.dll, TestHostManagerCallbacks.ErrorReceivedCallback Test host standard error line: 
TpTrace Verbose: 0 : 6116, 13, 2022/06/16, 21:55:10.584, 1134675340713, vstest.console.dll, TestHostProvider.ExitCallBack: Host exited starting callback.
TpTrace Information: 0 : 6116, 13, 2022/06/16, 21:55:10.585, 1134675352488, vstest.console.dll, TestHostManagerCallbacks.ExitCallBack: Testhost processId: 40604 exited with exitcode: 0 error: ''
TpTrace Verbose: 0 : 6116, 13, 2022/06/16, 21:55:10.585, 1134675355127, vstest.console.dll, DotnetTestHostManager.OnHostExited: invoking OnHostExited callback
TpTrace Verbose: 0 : 6116, 13, 2022/06/16, 21:55:10.585, 1134675357186, vstest.console.dll, CrossPlatEngine.TestHostManagerHostExited: calling on client process exit callback.
TpTrace Information: 0 : 6116, 13, 2022/06/16, 21:55:10.585, 1134675358232, vstest.console.dll, TestRequestSender.OnClientProcessExit: Test host process exited. Standard error: 
TpTrace Information: 0 : 6116, 13, 2022/06/16, 21:55:10.585, 1134675358748, vstest.console.dll, SocketServer.Stop: Stop server endPoint: 127.0.0.1:12684
TpTrace Information: 0 : 6116, 13, 2022/06/16, 21:55:10.585, 1134675358981, vstest.console.dll, SocketServer.Stop: Cancellation requested. Stopping message loop.
TpTrace Information: 0 : 6116, 14, 2022/06/16, 21:55:10.586, 1134675360022, vstest.console.dll, SocketServer.Stop: Stop server endPoint: 127.0.0.1:12684
TpTrace Information: 0 : 6116, 14, 2022/06/16, 21:55:10.586, 1134675360813, vstest.console.dll, SocketServer.Stop: Cancellation requested. Stopping message loop.
TpTrace Verbose: 0 : 6116, 13, 2022/06/16, 21:55:10.586, 1134675360278, vstest.console.dll, MulticastDelegateUtilities.SafeInvoke: HostProviderEvents.OnHostExited: Invoking callback 1/1 for Microsoft.VisualStudio.TestPlatform.CrossPlatEngine.Client.ProxyOperationManager.TestHostManagerHostExited, took 0 ms.
TpTrace Information: 0 : 6116, 14, 2022/06/16, 21:55:10.586, 1134675361503, vstest.console.dll, Closing the connection
TpTrace Verbose: 0 : 6116, 14, 2022/06/16, 21:55:10.586, 1134675368735, vstest.console.dll, ProxyDataCollectionManager.InvokeDataCollectionServiceAction: Starting.
TpTrace Information: 0 : 6116, 14, 2022/06/16, 21:55:10.586, 1134675369351, vstest.console.dll, ProxyDataCollectionManager.AfterTestRunEnd: Get attachment set and invoked data collectors processId: 34088 port: 12681
TpTrace Verbose: 0 : 6116, 14, 2022/06/16, 21:55:10.587, 1134675370140, vstest.console.dll, DataCollectionRequestSender.SendAfterTestRunStartAndGetResult: Send AfterTestRunEnd message with isCancelled: False
TpTrace Verbose: 0 : 6116, 14, 2022/06/16, 21:55:10.594, 1134675447851, vstest.console.dll, DataCollectionRequestSender.SendAfterTestRunStartAndGetResult: Received message: (DataCollection.AfterTestRunEndResult) -> {
  "AttachmentSets": [],
  "InvokedDataCollectors": [
    {
      "Uri": "datacollector://Microsoft/TestPlatform/Extensions/Blame/v1",
      "FriendlyName": "Blame",
      "AssemblyQualifiedName": "Microsoft.TestPlatform.Extensions.BlameDataCollector.BlameCollector, Microsoft.TestPlatform.Extensions.BlameDataCollector, Version=15.0.0.0, Culture=neutral, PublicKeyToken=b03f5f7f11d50a3a",
      "FilePath": "C:\\Program Files\\dotnet\\sdk\\6.0.300\\Extensions\\Microsoft.TestPlatform.Extensions.BlameDataCollector.dll",
      "HasAttachmentProcessor": false
    }
  ],
  "Metrics": {}
}
TpTrace Information: 0 : 6116, 14, 2022/06/16, 21:55:10.602, 1134675525069, vstest.console.dll, ProxyDataCollectionManager.InvokeDataCollectionServiceAction: Completed.
TpTrace Warning: 0 : 6116, 10, 2022/06/16, 21:55:10.620, 1134675704064, vstest.console.dll, DataCollectionLauncher.ErrorReceivedCallback datacollector standard error line: 
TpTrace Information: 0 : 6116, 10, 2022/06/16, 21:55:10.628, 1134675782012, vstest.console.dll, DataCollectionLauncher.ExitCallBack: Data collector exited with exitcode: 0 error: ''
TpTrace Verbose: 0 : 6116, 14, 2022/06/16, 21:55:10.661, 1134676111669, vstest.console.dll, TestRunRequest:SendTestRunStatsChange: Starting.
TpTrace Verbose: 0 : 6116, 14, 2022/06/16, 21:55:10.661, 1134676113925, vstest.console.dll, MulticastDelegateUtilities.SafeInvoke: TestRun.RunStatsChanged: Invoking callbacks was skipped because there are no subscribers.
TpTrace Information: 0 : 6116, 14, 2022/06/16, 21:55:10.661, 1134676114265, vstest.console.dll, TestRunRequest:SendTestRunStatsChange: Completed.
TpTrace Verbose: 0 : 6116, 14, 2022/06/16, 21:55:10.661, 1134676116566, vstest.console.dll, ParallelProxyExecutionManager: HandlePartialRunComplete: Total completed clients = 1, Run complete = True, Run canceled: False.
TpTrace Verbose: 0 : 6116, 4, 2022/06/16, 21:55:10.665, 1134676151274, vstest.console.dll, MulticastDelegateUtilities.SafeInvoke: InternalTestLoggerEvents.SendTestResult: Invoking callback 1/1 for Microsoft.VisualStudio.TestPlatform.CommandLine.Internal.ConsoleLogger.TestResultHandler, took 3 ms.
TpTrace Verbose: 0 : 6116, 4, 2022/06/16, 21:55:10.665, 1134676152274, vstest.console.dll, MulticastDelegateUtilities.SafeInvoke: InternalTestLoggerEvents.SendTestResult: Invoking callback 1/1 for Microsoft.VisualStudio.TestPlatform.CommandLine.Internal.ConsoleLogger.TestResultHandler, took 0 ms.
TpTrace Verbose: 0 : 6116, 4, 2022/06/16, 21:55:10.665, 1134676152702, vstest.console.dll, MulticastDelegateUtilities.SafeInvoke: InternalTestLoggerEvents.SendTestResult: Invoking callback 1/1 for Microsoft.VisualStudio.TestPlatform.CommandLine.Internal.ConsoleLogger.TestResultHandler, took 0 ms.
TpTrace Verbose: 0 : 6116, 4, 2022/06/16, 21:55:10.676, 1134676262056, vstest.console.dll, MulticastDelegateUtilities.SafeInvoke: InternalTestLoggerEvents.SendTestRunComplete: Invoking callback 1/2 for Microsoft.TestPlatform.Extensions.BlameDataCollector.BlameLogger.TestRunCompleteHandler, took 0 ms.
TpTrace Verbose: 0 : 6116, 4, 2022/06/16, 21:55:10.684, 1134676346869, vstest.console.dll, MulticastDelegateUtilities.SafeInvoke: InternalTestLoggerEvents.SendTestRunComplete: Invoking callback 2/2 for Microsoft.VisualStudio.TestPlatform.CommandLine.Internal.ConsoleLogger.TestRunCompleteHandler, took 8 ms.
TpTrace Verbose: 0 : 6116, 14, 2022/06/16, 21:55:10.685, 1134676351646, vstest.console.dll, TestRunRequest:TestRunComplete: Starting. IsAborted:False IsCanceled:False.
TpTrace Verbose: 0 : 6116, 14, 2022/06/16, 21:55:10.686, 1134676366812, vstest.console.dll, TestLoggerManager.HandleTestRunComplete: Ignoring as the object is disposed.
TpTrace Verbose: 0 : 6116, 14, 2022/06/16, 21:55:10.687, 1134676371266, vstest.console.dll, MulticastDelegateUtilities.SafeInvoke: TestRun.TestRunComplete: Invoking callback 1/2 for Microsoft.VisualStudio.TestPlatform.CommandLine.TestRunResultAggregator.TestRunCompletionHandler, took 0 ms.
TpTrace Verbose: 0 : 6116, 14, 2022/06/16, 21:55:10.687, 1134676372165, vstest.console.dll, MulticastDelegateUtilities.SafeInvoke: TestRun.TestRunComplete: Invoking callback 2/2 for Microsoft.VisualStudio.TestPlatform.CommandLine.Processors.RunTestsArgumentExecutor+TestRunRequestEventsRegistrar.TestRunRequest_OnRunCompletion, took 0 ms.
TpTrace Information: 0 : 6116, 14, 2022/06/16, 21:55:10.687, 1134676373887, vstest.console.dll, TestRunRequest:TestRunComplete: Completed.
TpTrace Verbose: 0 : 6116, 1, 2022/06/16, 21:55:10.687, 1134676374349, vstest.console.dll, TestRunRequest.Dispose: Starting.
TpTrace Verbose: 0 : 6116, 14, 2022/06/16, 21:55:10.687, 1134676374425, vstest.console.dll, TestRequestSender.SetOperationComplete: Setting operation complete.
TpTrace Information: 0 : 6116, 14, 2022/06/16, 21:55:10.687, 1134676375856, vstest.console.dll, SocketServer.Stop: Stop server endPoint: 127.0.0.1:12684
TpTrace Information: 0 : 6116, 1, 2022/06/16, 21:55:10.687, 1134676375549, vstest.console.dll, TestRunRequest.Dispose: Completed.
TpTrace Information: 0 : 6116, 14, 2022/06/16, 21:55:10.687, 1134676376817, vstest.console.dll, SocketServer.Stop: Cancellation requested. Stopping message loop.
TpTrace Information: 0 : 6116, 1, 2022/06/16, 21:55:10.687, 1134676377309, vstest.console.dll, TestRequestManager.RunTests: run tests completed.
TpTrace Verbose: 0 : 6116, 14, 2022/06/16, 21:55:10.687, 1134676377746, vstest.console.dll, MulticastDelegateUtilities.SafeInvoke: LengthPrefixCommunicationChannel: MessageReceived: Invoking callback 1/1 for Microsoft.VisualStudio.TestPlatform.CommunicationUtilities.TestRequestSender+<>c__DisplayClass30_0.<StartTestRun>b__1, took 160 ms.
TpTrace Information: 0 : 6116, 1, 2022/06/16, 21:55:10.687, 1134676378133, vstest.console.dll, RunTestsArgumentProcessor:Execute: Test run is completed.
TpTrace Information: 0 : 6116, 14, 2022/06/16, 21:55:10.687, 1134676378318, vstest.console.dll, SocketServer.PrivateStop: Stopping server endPoint: 127.0.0.1:12684 error: 
TpTrace Verbose: 0 : 6116, 1, 2022/06/16, 21:55:10.688, 1134676382120, vstest.console.dll, Executor.Execute: Exiting with exit code of 0
TpTrace Verbose: 0 : 6116, 14, 2022/06/16, 21:55:10.688, 1134676385987, vstest.console.dll, LengthPrefixCommunicationChannel.Dispose: Dispose reader and writer.
TpTrace Information: 0 : 6116, 14, 2022/06/16, 21:55:10.688, 1134676387259, vstest.console.dll, SocketServer.Stop: Raise disconnected event endPoint: 127.0.0.1:12684 error: 
TpTrace Verbose: 0 : 6116, 14, 2022/06/16, 21:55:10.688, 1134676388358, vstest.console.dll, TestRequestSender: OnTestRunAbort: Operation is already complete. Skip error message.
TpTrace Verbose: 0 : 6116, 14, 2022/06/16, 21:55:10.688, 1134676389187, vstest.console.dll, MulticastDelegateUtilities.SafeInvoke: SocketServer: ClientDisconnected: Invoking callback 1/1 for Microsoft.VisualStudio.TestPlatform.CommunicationUtilities.TestRequestSender.<InitializeCommunication>b__23_1, took 0 ms.
TpTrace Verbose: 0 : 6116, 14, 2022/06/16, 21:55:10.688, 1134676389584, vstest.console.dll, TcpClientExtensions.MessageLoopAsync: exiting MessageLoopAsync remoteEndPoint: 127.0.0.1:12685 localEndPoint: 127.0.0.1:12684
