TpTrace Verbose: 0 : 22156, 1, 2022/06/19, 00:55:08.235, 18600361664, testhost.dll, Version: 16.9.4
TpTrace Information: 0 : 22156, 1, 2022/06/19, 00:55:08.241, 18600417528, testhost.dll, DefaultEngineInvoker.Invoke: Testhost process started with args :[--port, 1739],[--endpoint, 127.0.0.1:01739],[--role, client],[--parentprocessid, 1948],[--diag, C:\Users\Decagon\source\repos\Portfolio_DM\MyPortfolioest\bin\Debug\net5.0\fine-code-coverage\coverage-tool-output\diagnostics.host.22-06-19_00-55-08_07063_5.log],[--tracelevel, 4],[--datacollectionport, 1738],[--telemetryoptedin, false]
TpTrace Information: 0 : 22156, 1, 2022/06/19, 00:55:08.245, 18600449959, testhost.dll, Setting up debug trace listener.
TpTrace Verbose: 0 : 22156, 1, 2022/06/19, 00:55:08.245, 18600452560, testhost.dll, TestPlatformTraceListener.Setup: Replacing listener 0 with TestHostTraceListener.
TpTrace Verbose: 0 : 22156, 1, 2022/06/19, 00:55:08.245, 18600453007, testhost.dll, TestPlatformTraceListener.Setup: Added test platform trace listener.
TpTrace Information: 0 : 22156, 1, 2022/06/19, 00:55:08.245, 18600457871, testhost.dll, DefaultEngineInvoker.SetParentProcessExitCallback: Monitoring parent process with id: '1948'
TpTrace Information: 0 : 22156, 1, 2022/06/19, 00:55:08.253, 18600536612, testhost.dll, DefaultEngineInvoker.GetConnectionInfo: Initialize communication on endpoint address: '127.0.0.1:01739'
TpTrace Information: 0 : 22156, 1, 2022/06/19, 00:55:08.271, 18600711969, testhost.dll, SocketClient.Start: connecting to server endpoint: 127.0.0.1:01739
TpTrace Information: 0 : 22156, 1, 2022/06/19, 00:55:08.282, 18600825719, testhost.dll, DefaultEngineInvoker.ConnectToDatacollector: Connecting to datacollector, port: 1738
TpTrace Information: 0 : 22156, 6, 2022/06/19, 00:55:08.284, 18600841507, testhost.dll, SocketClient.OnServerConnected: connected to server endpoint: 127.0.0.1:01739
TpTrace Verbose: 0 : 22156, 6, 2022/06/19, 00:55:08.286, 18600867138, testhost.dll, Connected to server, and starting MessageLoopAsync
TpTrace Information: 0 : 22156, 1, 2022/06/19, 00:55:08.287, 18600874815, testhost.dll, Trying to connect to server on socket : 127.0.0.1:1738 
TpTrace Verbose: 0 : 22156, 1, 2022/06/19, 00:55:08.288, 18600878576, testhost.dll, SocketCommunicationManager : SetupClientAsync : Attempting to connect to the server.
TpTrace Information: 0 : 22156, 10, 2022/06/19, 00:55:08.290, 18600899272, testhost.dll, Connected to the server successfully 
TpTrace Information: 0 : 22156, 10, 2022/06/19, 00:55:08.290, 18600900439, testhost.dll, Using the buffer size of 16384 bytes
TpTrace Information: 0 : 22156, 1, 2022/06/19, 00:55:08.291, 18600909616, testhost.dll, DefaultEngineInvoker.Invoke: Start Request Processing.
TpTrace Verbose: 0 : 22156, 6, 2022/06/19, 00:55:08.291, 18600910338, testhost.dll, TcpClientExtensions.MessageLoopAsync: Polling on remoteEndPoint: [::ffff:127.0.0.1]:1739 localEndPoint: [::ffff:127.0.0.1]:1741
TpTrace Verbose: 0 : 22156, 6, 2022/06/19, 00:55:08.291, 18600915986, testhost.dll, TcpClientExtensions.MessageLoopAsync: NotifyDataAvailable remoteEndPoint: [::ffff:127.0.0.1]:1739 localEndPoint: [::ffff:127.0.0.1]:1741
TpTrace Information: 0 : 22156, 11, 2022/06/19, 00:55:08.292, 18600921544, testhost.dll, DefaultEngineInvoker.StartProcessingAsync: Connected to vstest.console, Starting process requests.
TpTrace Information: 0 : 22156, 6, 2022/06/19, 00:55:08.427, 18602271817, testhost.dll, TestRequestHandler.ProcessRequests: received message: (ProtocolVersion) -> 6
TpTrace Verbose: 0 : 22156, 6, 2022/06/19, 00:55:08.465, 18602648925, testhost.dll, TestRequestHandler.SendData:  sending data from testhost: {"Version":5,"MessageType":"TestSession.Message","Payload":{"MessageLevel":0,"Message":"Logging TestHost Diagnostics in file: C:\\Users\\Decagon\\source\\repos\\Portfolio_DM\\MyPortfolioest\\bin\\Debug\\net5.0\\fine-code-coverage\\coverage-tool-output\\diagnostics.host.22-06-19_00-55-08_07063_5.log"}}
TpTrace Verbose: 0 : 22156, 6, 2022/06/19, 00:55:08.465, 18602651579, testhost.dll, TcpClientExtensions.MessageLoopAsync: Polling on remoteEndPoint: [::ffff:127.0.0.1]:1739 localEndPoint: [::ffff:127.0.0.1]:1741
TpTrace Verbose: 0 : 22156, 6, 2022/06/19, 00:55:08.465, 18602653176, testhost.dll, TcpClientExtensions.MessageLoopAsync: NotifyDataAvailable remoteEndPoint: [::ffff:127.0.0.1]:1739 localEndPoint: [::ffff:127.0.0.1]:1741
TpTrace Information: 0 : 22156, 6, 2022/06/19, 00:55:08.473, 18602730181, testhost.dll, TestRequestHandler.ProcessRequests: received message: (TestExecution.Initialize) -> [
  "C:\\Users\\Decagon\\source\\repos\\Portfolio_DM\\MyPortfolioest\\bin\\Debug\\net5.0\\fine-code-coverage\\build-output\\xunit.runner.visualstudio.dotnetcore.testadapter.dll"
]
TpTrace Information: 0 : 22156, 6, 2022/06/19, 00:55:08.473, 18602731916, testhost.dll, Execution Session Initialize.
TpTrace Verbose: 0 : 22156, 6, 2022/06/19, 00:55:08.483, 18602830767, testhost.dll, TcpClientExtensions.MessageLoopAsync: Polling on remoteEndPoint: [::ffff:127.0.0.1]:1739 localEndPoint: [::ffff:127.0.0.1]:1741
TpTrace Verbose: 0 : 22156, 6, 2022/06/19, 00:55:08.483, 18602831983, testhost.dll, TcpClientExtensions.MessageLoopAsync: NotifyDataAvailable remoteEndPoint: [::ffff:127.0.0.1]:1739 localEndPoint: [::ffff:127.0.0.1]:1741
TpTrace Verbose: 0 : 22156, 4, 2022/06/19, 00:55:08.486, 18602866192, testhost.dll, TestExecutorService: Loading the extensions
TpTrace Information: 0 : 22156, 6, 2022/06/19, 00:55:08.487, 18602876018, testhost.dll, TestRequestHandler.ProcessRequests: received message: (TestExecution.StartWithSources) -> {
  "AdapterSourceMap": {
    "_none_": [
      "C:\\Users\\Decagon\\source\\repos\\Portfolio_DM\\MyPortfolioest\\bin\\Debug\\net5.0\\fine-code-coverage\\build-output\\MyPortfolioTest.dll"
    ]
  },
  "RunSettings": "<RunSettings>\r\n  <RunConfiguration>\r\n    <ResultsDirectory>C:\\Users\\Decagon\\source\\repos\\Portfolio_DM\\MyPortfolioest\\bin\\Debug\\net5.0\\fine-code-coverage\\coverage-tool-output</ResultsDirectory>\r\n    <TargetFrameworkVersion>.NETCoreApp,Version=v5.0</TargetFrameworkVersion>\r\n    <DesignMode>False</DesignMode>\r\n    <CollectSourceInformation>False</CollectSourceInformation>\r\n  </RunConfiguration>\r\n  <LoggerRunSettings>\r\n    <Loggers>\r\n      <Logger friendlyName=\"blame\" enabled=\"True\" />\r\n      <Logger friendlyName=\"Console\" uri=\"logger://microsoft/TestPlatform/ConsoleLogger/v1\" assemblyQualifiedName=\"Microsoft.VisualStudio.TestPlatform.CommandLine.Internal.ConsoleLogger, vstest.console, Version=15.0.0.0, Culture=neutral, PublicKeyToken=b03f5f7f11d50a3a\" codeBase=\"C:\\Program Files\\dotnet\\sdk\\6.0.300\\vstest.console.dll\" enabled=\"True\" />\r\n    </Loggers>\r\n  </LoggerRunSettings>\r\n  <DataCollectionRunSettings>\r\n    <DataCollectors>\r\n      <DataCollector friendlyName=\"blame\" enabled=\"True\">\r\n        <Configuration>\r\n          <ResultsDirectory>C:\\Users\\Decagon\\source\\repos\\Portfolio_DM\\MyPortfolioest\\bin\\Debug\\net5.0\\fine-code-coverage\\coverage-tool-output</ResultsDirectory>\r\n        </Configuration>\r\n      </DataCollector>\r\n    </DataCollectors>\r\n  </DataCollectionRunSettings>\r\n</RunSettings>",
  "TestExecutionContext": {
    "FrequencyOfRunStatsChangeEvent": 10,
    "RunStatsChangeEventTimeout": "00:00:01.5000000",
    "InIsolation": false,
    "KeepAlive": false,
    "AreTestCaseLevelEventsRequired": false,
    "IsDebug": false,
    "TestCaseFilter": null,
    "FilterOptions": null
  },
  "Package": null
}
TpTrace Information: 0 : 22156, 6, 2022/06/19, 00:55:08.487, 18602877405, testhost.dll, Execution started.
TpTrace Verbose: 0 : 22156, 4, 2022/06/19, 00:55:08.488, 18602882421, testhost.dll, TestPluginCache.DiscoverTestExtensions: finding test extensions in assemblies ends with: TestAdapter.dll TPluginInfo: Microsoft.VisualStudio.TestPlatform.Common.ExtensionFramework.Utilities.TestExecutorPluginInformation TExtension: Microsoft.VisualStudio.TestPlatform.ObjectModel.Adapter.ITestExecutor
TpTrace Verbose: 0 : 22156, 4, 2022/06/19, 00:55:08.489, 18602891720, testhost.dll, TestPluginCache.GetExtensionPaths: Filtered extension paths: 
TpTrace Verbose: 0 : 22156, 4, 2022/06/19, 00:55:08.489, 18602895250, testhost.dll, TestPluginCache.GetExtensionPaths: Added default extension paths: C:\Users\Decagon\source\repos\Portfolio_DM\MyPortfolioest\bin\Debug\net5.0\fine-code-coverage\build-output\xunit.runner.visualstudio.dotnetcore.testadapter.dll
TpTrace Verbose: 0 : 22156, 4, 2022/06/19, 00:55:08.489, 18602895677, testhost.dll, TestPluginCache.GetExtensionPaths: Added unfilterableExtensionPaths: 
TpTrace Information: 0 : 22156, 4, 2022/06/19, 00:55:08.494, 18602942207, testhost.dll, AssemblyResolver.ctor: Creating AssemblyResolver with searchDirectories C:\Users\Decagon\source\repos\Portfolio_DM\MyPortfolioest\bin\Debug\net5.0\fine-code-coverage\build-output
TpTrace Verbose: 0 : 22156, 4, 2022/06/19, 00:55:08.497, 18602974595, testhost.dll, TestPluginCache.DiscoverTestExtensions: Discovering the extensions using extension path.
TpTrace Verbose: 0 : 22156, 4, 2022/06/19, 00:55:08.497, 18602976774, testhost.dll, TestPluginCache.GetExtensionPaths: Filtered extension paths: 
TpTrace Verbose: 0 : 22156, 4, 2022/06/19, 00:55:08.497, 18602977592, testhost.dll, TestPluginCache.GetExtensionPaths: Added default extension paths: C:\Users\Decagon\source\repos\Portfolio_DM\MyPortfolioest\bin\Debug\net5.0\fine-code-coverage\build-output\xunit.runner.visualstudio.dotnetcore.testadapter.dll
TpTrace Verbose: 0 : 22156, 4, 2022/06/19, 00:55:08.498, 18602978411, testhost.dll, TestPluginCache.GetExtensionPaths: Added unfilterableExtensionPaths: 
TpTrace Verbose: 0 : 22156, 4, 2022/06/19, 00:55:08.498, 18602979570, testhost.dll, TestPluginCache.DiscoverTestExtensions: Discovering the extensions using allExtensionPaths: C:\Users\Decagon\source\repos\Portfolio_DM\MyPortfolioest\bin\Debug\net5.0\fine-code-coverage\build-output\xunit.runner.visualstudio.dotnetcore.testadapter.dll
TpTrace Information: 0 : 22156, 4, 2022/06/19, 00:55:08.499, 18602997994, testhost.dll, AssemblyResolver.AddSearchDirectories: Adding more searchDirectories C:\Users\Decagon\source\repos\Portfolio_DM\MyPortfolioest\bin\Debug\net5.0\fine-code-coverage\build-output
TpTrace Information: 0 : 22156, 4, 2022/06/19, 00:55:08.509, 18603096932, testhost.dll, AssemblyResolver.OnResolve: xunit.runner.visualstudio.dotnetcore.testadapter: Resolving assembly.
TpTrace Information: 0 : 22156, 4, 2022/06/19, 00:55:08.512, 18603127654, testhost.dll, AssemblyResolver.OnResolve: Resolved assembly: xunit.runner.visualstudio.dotnetcore.testadapter, from path: C:\Users\Decagon\source\repos\Portfolio_DM\MyPortfolioest\bin\Debug\net5.0\fine-code-coverage\build-output\xunit.runner.visualstudio.dotnetcore.testadapter.dll
TpTrace Information: 0 : 22156, 4, 2022/06/19, 00:55:08.518, 18603186806, testhost.dll, AssemblyResolver.OnResolve: xunit.runner.utility.netcoreapp10: Resolving assembly.
TpTrace Information: 0 : 22156, 4, 2022/06/19, 00:55:08.519, 18603197326, testhost.dll, AssemblyResolver.OnResolve: Resolved assembly: xunit.runner.utility.netcoreapp10, from path: C:\Users\Decagon\source\repos\Portfolio_DM\MyPortfolioest\bin\Debug\net5.0\fine-code-coverage\build-output\xunit.runner.utility.netcoreapp10.dll
TpTrace Verbose: 0 : 22156, 6, 2022/06/19, 00:55:08.529, 18603290769, testhost.dll, TcpClientExtensions.MessageLoopAsync: Polling on remoteEndPoint: [::ffff:127.0.0.1]:1739 localEndPoint: [::ffff:127.0.0.1]:1741
TpTrace Verbose: 0 : 22156, 4, 2022/06/19, 00:55:08.531, 18603310233, testhost.dll, TestPluginCache: Discovered the extensions using extension path ''.
TpTrace Verbose: 0 : 22156, 4, 2022/06/19, 00:55:08.532, 18603319801, testhost.dll, TestPluginCache: Discoverers are ''.
TpTrace Verbose: 0 : 22156, 4, 2022/06/19, 00:55:08.532, 18603322000, testhost.dll, TestPluginCache: Executors are 'executor://xunit/VsTestRunner2/netcoreapp'.
TpTrace Verbose: 0 : 22156, 4, 2022/06/19, 00:55:08.532, 18603323827, testhost.dll, TestPluginCache: Executors2 are ''.
TpTrace Verbose: 0 : 22156, 4, 2022/06/19, 00:55:08.532, 18603324987, testhost.dll, TestPluginCache: Setting providers are ''.
TpTrace Verbose: 0 : 22156, 4, 2022/06/19, 00:55:08.532, 18603326181, testhost.dll, TestPluginCache: Loggers are ''.
TpTrace Verbose: 0 : 22156, 4, 2022/06/19, 00:55:08.536, 18603365006, testhost.dll, TestPluginCache.DiscoverTestExtensions: finding test extensions in assemblies ends with: TestAdapter.dll TPluginInfo: Microsoft.VisualStudio.TestPlatform.Common.ExtensionFramework.Utilities.TestExecutorPluginInformation2 TExtension: Microsoft.VisualStudio.TestPlatform.ObjectModel.Adapter.ITestExecutor2
TpTrace Verbose: 0 : 22156, 4, 2022/06/19, 00:55:08.536, 18603367702, testhost.dll, TestPluginCache.GetExtensionPaths: Filtered extension paths: 
TpTrace Verbose: 0 : 22156, 4, 2022/06/19, 00:55:08.537, 18603368138, testhost.dll, TestPluginCache.GetExtensionPaths: Added default extension paths: C:\Users\Decagon\source\repos\Portfolio_DM\MyPortfolioest\bin\Debug\net5.0\fine-code-coverage\build-output\xunit.runner.visualstudio.dotnetcore.testadapter.dll
TpTrace Verbose: 0 : 22156, 4, 2022/06/19, 00:55:08.537, 18603368370, testhost.dll, TestPluginCache.GetExtensionPaths: Added unfilterableExtensionPaths: 
TpTrace Information: 0 : 22156, 4, 2022/06/19, 00:55:08.537, 18603369784, testhost.dll, AssemblyResolver.AddSearchDirectories: Adding more searchDirectories C:\Users\Decagon\source\repos\Portfolio_DM\MyPortfolioest\bin\Debug\net5.0\fine-code-coverage\build-output
TpTrace Verbose: 0 : 22156, 4, 2022/06/19, 00:55:08.537, 18603370239, testhost.dll, TestPluginCache.DiscoverTestExtensions: Discovering the extensions using extension path.
TpTrace Verbose: 0 : 22156, 4, 2022/06/19, 00:55:08.537, 18603370488, testhost.dll, TestPluginCache.GetExtensionPaths: Filtered extension paths: 
TpTrace Verbose: 0 : 22156, 4, 2022/06/19, 00:55:08.537, 18603370898, testhost.dll, TestPluginCache.GetExtensionPaths: Added default extension paths: C:\Users\Decagon\source\repos\Portfolio_DM\MyPortfolioest\bin\Debug\net5.0\fine-code-coverage\build-output\xunit.runner.visualstudio.dotnetcore.testadapter.dll
TpTrace Verbose: 0 : 22156, 4, 2022/06/19, 00:55:08.537, 18603371104, testhost.dll, TestPluginCache.GetExtensionPaths: Added unfilterableExtensionPaths: 
TpTrace Verbose: 0 : 22156, 4, 2022/06/19, 00:55:08.537, 18603371421, testhost.dll, TestPluginCache.DiscoverTestExtensions: Discovering the extensions using allExtensionPaths: C:\Users\Decagon\source\repos\Portfolio_DM\MyPortfolioest\bin\Debug\net5.0\fine-code-coverage\build-output\xunit.runner.visualstudio.dotnetcore.testadapter.dll
TpTrace Information: 0 : 22156, 4, 2022/06/19, 00:55:08.537, 18603372133, testhost.dll, AssemblyResolver.AddSearchDirectories: Adding more searchDirectories C:\Users\Decagon\source\repos\Portfolio_DM\MyPortfolioest\bin\Debug\net5.0\fine-code-coverage\build-output
TpTrace Verbose: 0 : 22156, 4, 2022/06/19, 00:55:08.537, 18603375182, testhost.dll, TestPluginCache: Discovered the extensions using extension path ''.
TpTrace Verbose: 0 : 22156, 4, 2022/06/19, 00:55:08.537, 18603375616, testhost.dll, TestPluginCache: Discoverers are ''.
TpTrace Verbose: 0 : 22156, 4, 2022/06/19, 00:55:08.537, 18603375926, testhost.dll, TestPluginCache: Executors are 'executor://xunit/VsTestRunner2/netcoreapp'.
TpTrace Verbose: 0 : 22156, 4, 2022/06/19, 00:55:08.537, 18603376445, testhost.dll, TestPluginCache: Executors2 are ''.
TpTrace Verbose: 0 : 22156, 4, 2022/06/19, 00:55:08.537, 18603376837, testhost.dll, TestPluginCache: Setting providers are ''.
TpTrace Verbose: 0 : 22156, 4, 2022/06/19, 00:55:08.537, 18603377044, testhost.dll, TestPluginCache: Loggers are ''.
TpTrace Information: 0 : 22156, 4, 2022/06/19, 00:55:08.544, 18603444884, testhost.dll, TestPluginManager.CreateTestExtension: Attempting to load test extension: Xunit.Runner.VisualStudio.VsTestRunner
TpTrace Verbose: 0 : 22156, 4, 2022/06/19, 00:55:08.545, 18603450227, testhost.dll, TestExecutorExtensionManager: Loading executor Xunit.Runner.VisualStudio.VsTestRunner
TpTrace Verbose: 0 : 22156, 4, 2022/06/19, 00:55:08.545, 18603451104, testhost.dll, TestExecutorService: Loaded the executors
TpTrace Verbose: 0 : 22156, 4, 2022/06/19, 00:55:08.546, 18603465034, testhost.dll, TestPluginCache.DiscoverTestExtensions: finding test extensions in assemblies ends with: TestAdapter.dll TPluginInfo: Microsoft.VisualStudio.TestPlatform.Common.ExtensionFramework.Utilities.TestSettingsProviderPluginInformation TExtension: Microsoft.VisualStudio.TestPlatform.ObjectModel.Adapter.ISettingsProvider
TpTrace Verbose: 0 : 22156, 4, 2022/06/19, 00:55:08.546, 18603467209, testhost.dll, TestPluginCache.GetExtensionPaths: Filtered extension paths: 
TpTrace Verbose: 0 : 22156, 4, 2022/06/19, 00:55:08.546, 18603467966, testhost.dll, TestPluginCache.GetExtensionPaths: Added default extension paths: C:\Users\Decagon\source\repos\Portfolio_DM\MyPortfolioest\bin\Debug\net5.0\fine-code-coverage\build-output\xunit.runner.visualstudio.dotnetcore.testadapter.dll
TpTrace Verbose: 0 : 22156, 4, 2022/06/19, 00:55:08.547, 18603468280, testhost.dll, TestPluginCache.GetExtensionPaths: Added unfilterableExtensionPaths: 
TpTrace Information: 0 : 22156, 4, 2022/06/19, 00:55:08.547, 18603469679, testhost.dll, AssemblyResolver.AddSearchDirectories: Adding more searchDirectories C:\Users\Decagon\source\repos\Portfolio_DM\MyPortfolioest\bin\Debug\net5.0\fine-code-coverage\build-output
TpTrace Verbose: 0 : 22156, 4, 2022/06/19, 00:55:08.547, 18603470188, testhost.dll, TestPluginCache.DiscoverTestExtensions: Discovering the extensions using extension path.
TpTrace Verbose: 0 : 22156, 4, 2022/06/19, 00:55:08.547, 18603470498, testhost.dll, TestPluginCache.GetExtensionPaths: Filtered extension paths: 
TpTrace Verbose: 0 : 22156, 4, 2022/06/19, 00:55:08.547, 18603470770, testhost.dll, TestPluginCache.GetExtensionPaths: Added default extension paths: C:\Users\Decagon\source\repos\Portfolio_DM\MyPortfolioest\bin\Debug\net5.0\fine-code-coverage\build-output\xunit.runner.visualstudio.dotnetcore.testadapter.dll
TpTrace Verbose: 0 : 22156, 4, 2022/06/19, 00:55:08.547, 18603471039, testhost.dll, TestPluginCache.GetExtensionPaths: Added unfilterableExtensionPaths: 
TpTrace Verbose: 0 : 22156, 4, 2022/06/19, 00:55:08.547, 18603471335, testhost.dll, TestPluginCache.DiscoverTestExtensions: Discovering the extensions using allExtensionPaths: C:\Users\Decagon\source\repos\Portfolio_DM\MyPortfolioest\bin\Debug\net5.0\fine-code-coverage\build-output\xunit.runner.visualstudio.dotnetcore.testadapter.dll
TpTrace Information: 0 : 22156, 4, 2022/06/19, 00:55:08.547, 18603471798, testhost.dll, AssemblyResolver.AddSearchDirectories: Adding more searchDirectories C:\Users\Decagon\source\repos\Portfolio_DM\MyPortfolioest\bin\Debug\net5.0\fine-code-coverage\build-output
TpTrace Verbose: 0 : 22156, 4, 2022/06/19, 00:55:08.547, 18603475312, testhost.dll, TestPluginCache: Discovered the extensions using extension path ''.
TpTrace Verbose: 0 : 22156, 4, 2022/06/19, 00:55:08.547, 18603475808, testhost.dll, TestPluginCache: Discoverers are ''.
TpTrace Verbose: 0 : 22156, 4, 2022/06/19, 00:55:08.547, 18603476088, testhost.dll, TestPluginCache: Executors are 'executor://xunit/VsTestRunner2/netcoreapp'.
TpTrace Verbose: 0 : 22156, 4, 2022/06/19, 00:55:08.547, 18603476353, testhost.dll, TestPluginCache: Executors2 are ''.
TpTrace Verbose: 0 : 22156, 4, 2022/06/19, 00:55:08.547, 18603476782, testhost.dll, TestPluginCache: Setting providers are ''.
TpTrace Verbose: 0 : 22156, 4, 2022/06/19, 00:55:08.547, 18603477087, testhost.dll, TestPluginCache: Loggers are ''.
TpTrace Verbose: 0 : 22156, 4, 2022/06/19, 00:55:08.549, 18603489591, testhost.dll, TestExecutorService: Loaded the settings providers
TpTrace Information: 0 : 22156, 4, 2022/06/19, 00:55:08.549, 18603490537, testhost.dll, TestExecutorService: Loaded the extensions
TpTrace Information: 0 : 22156, 4, 2022/06/19, 00:55:08.669, 18604695579, testhost.dll, TestDiscoveryManager: Discovering tests from sources C:\Users\Decagon\source\repos\Portfolio_DM\MyPortfolioest\bin\Debug\net5.0\fine-code-coverage\build-output\MyPortfolioTest.dll
TpTrace Verbose: 0 : 22156, 4, 2022/06/19, 00:55:08.671, 18604717985, testhost.dll, TestPluginCache.DiscoverTestExtensions: finding test extensions in assemblies ends with: TestAdapter.dll TPluginInfo: Microsoft.VisualStudio.TestPlatform.Common.ExtensionFramework.Utilities.TestDiscovererPluginInformation TExtension: Microsoft.VisualStudio.TestPlatform.ObjectModel.Adapter.ITestDiscoverer
TpTrace Verbose: 0 : 22156, 4, 2022/06/19, 00:55:08.672, 18604719424, testhost.dll, TestPluginCache.GetExtensionPaths: Filtered extension paths: 
TpTrace Verbose: 0 : 22156, 4, 2022/06/19, 00:55:08.672, 18604719797, testhost.dll, TestPluginCache.GetExtensionPaths: Added default extension paths: C:\Users\Decagon\source\repos\Portfolio_DM\MyPortfolioest\bin\Debug\net5.0\fine-code-coverage\build-output\xunit.runner.visualstudio.dotnetcore.testadapter.dll
TpTrace Verbose: 0 : 22156, 4, 2022/06/19, 00:55:08.672, 18604720006, testhost.dll, TestPluginCache.GetExtensionPaths: Added unfilterableExtensionPaths: 
TpTrace Information: 0 : 22156, 4, 2022/06/19, 00:55:08.672, 18604721107, testhost.dll, AssemblyResolver.AddSearchDirectories: Adding more searchDirectories C:\Users\Decagon\source\repos\Portfolio_DM\MyPortfolioest\bin\Debug\net5.0\fine-code-coverage\build-output
TpTrace Verbose: 0 : 22156, 4, 2022/06/19, 00:55:08.672, 18604721464, testhost.dll, TestPluginCache.DiscoverTestExtensions: Discovering the extensions using extension path.
TpTrace Verbose: 0 : 22156, 4, 2022/06/19, 00:55:08.672, 18604721682, testhost.dll, TestPluginCache.GetExtensionPaths: Filtered extension paths: 
TpTrace Verbose: 0 : 22156, 4, 2022/06/19, 00:55:08.672, 18604721863, testhost.dll, TestPluginCache.GetExtensionPaths: Added default extension paths: C:\Users\Decagon\source\repos\Portfolio_DM\MyPortfolioest\bin\Debug\net5.0\fine-code-coverage\build-output\xunit.runner.visualstudio.dotnetcore.testadapter.dll
TpTrace Verbose: 0 : 22156, 4, 2022/06/19, 00:55:08.672, 18604722056, testhost.dll, TestPluginCache.GetExtensionPaths: Added unfilterableExtensionPaths: 
TpTrace Verbose: 0 : 22156, 4, 2022/06/19, 00:55:08.672, 18604722346, testhost.dll, TestPluginCache.DiscoverTestExtensions: Discovering the extensions using allExtensionPaths: C:\Users\Decagon\source\repos\Portfolio_DM\MyPortfolioest\bin\Debug\net5.0\fine-code-coverage\build-output\xunit.runner.visualstudio.dotnetcore.testadapter.dll
TpTrace Information: 0 : 22156, 4, 2022/06/19, 00:55:08.672, 18604722870, testhost.dll, AssemblyResolver.AddSearchDirectories: Adding more searchDirectories C:\Users\Decagon\source\repos\Portfolio_DM\MyPortfolioest\bin\Debug\net5.0\fine-code-coverage\build-output
TpTrace Verbose: 0 : 22156, 4, 2022/06/19, 00:55:08.675, 18604749690, testhost.dll, TestPluginCache: Discovered the extensions using extension path ''.
TpTrace Verbose: 0 : 22156, 4, 2022/06/19, 00:55:08.675, 18604753092, testhost.dll, TestPluginCache: Discoverers are 'Xunit.Runner.VisualStudio.VsTestRunner, xunit.runner.visualstudio.dotnetcore.testadapter, Version=2.4.0.0, Culture=neutral, PublicKeyToken=8d05b1bb7a6fdb6c'.
TpTrace Verbose: 0 : 22156, 4, 2022/06/19, 00:55:08.675, 18604753410, testhost.dll, TestPluginCache: Executors are 'executor://xunit/VsTestRunner2/netcoreapp'.
TpTrace Verbose: 0 : 22156, 4, 2022/06/19, 00:55:08.675, 18604754052, testhost.dll, TestPluginCache: Executors2 are ''.
TpTrace Verbose: 0 : 22156, 4, 2022/06/19, 00:55:08.675, 18604754280, testhost.dll, TestPluginCache: Setting providers are ''.
TpTrace Verbose: 0 : 22156, 4, 2022/06/19, 00:55:08.675, 18604754492, testhost.dll, TestPluginCache: Loggers are ''.
TpTrace Information: 0 : 22156, 4, 2022/06/19, 00:55:08.688, 18604879879, testhost.dll, PEReaderHelper.GetAssemblyType: Determined assemblyType:'Managed' for source: 'C:\Users\Decagon\source\repos\Portfolio_DM\MyPortfolioest\bin\Debug\net5.0\fine-code-coverage\build-output\MyPortfolioTest.dll'
TpTrace Verbose: 0 : 22156, 4, 2022/06/19, 00:55:08.697, 18604972302, testhost.dll, BaseRunTests.RunTestInternalWithExecutors: Running tests for executor://xunit/VsTestRunner2/netcoreapp
TpTrace Information: 0 : 22156, 4, 2022/06/19, 00:55:08.716, 18605165810, testhost.dll, [xUnit.net 00:00:00.01] xUnit.net VSTest Adapter v2.4.3+1b45f5407b (64-bit .NET 5.0.17)
TpTrace Verbose: 0 : 22156, 4, 2022/06/19, 00:55:08.717, 18605169055, testhost.dll, TestRequestHandler.SendData:  sending data from testhost: {"Version":5,"MessageType":"TestSession.Message","Payload":{"MessageLevel":0,"Message":"[xUnit.net 00:00:00.01] xUnit.net VSTest Adapter v2.4.3+1b45f5407b (64-bit .NET 5.0.17)"}}
TpTrace Information: 0 : 22156, 4, 2022/06/19, 00:55:09.393, 18611934233, testhost.dll, AssemblyResolver.OnResolve: MyPortfolio.Views: Resolving assembly.
TpTrace Information: 0 : 22156, 4, 2022/06/19, 00:55:09.394, 18611945280, testhost.dll, AssemblyResolver.OnResolve: Resolved assembly: MyPortfolio.Views, from path: C:\Users\Decagon\source\repos\Portfolio_DM\MyPortfolioest\bin\Debug\net5.0\fine-code-coverage\build-output\MyPortfolio.Views.dll
TpTrace Information: 0 : 22156, 4, 2022/06/19, 00:55:09.397, 18611968437, testhost.dll, AssemblyResolver.OnResolve: xunit.runner.reporters.netcoreapp10: Resolving assembly.
TpTrace Information: 0 : 22156, 4, 2022/06/19, 00:55:09.397, 18611975116, testhost.dll, AssemblyResolver.OnResolve: Resolved assembly: xunit.runner.reporters.netcoreapp10, from path: C:\Users\Decagon\source\repos\Portfolio_DM\MyPortfolioest\bin\Debug\net5.0\fine-code-coverage\build-output\xunit.runner.reporters.netcoreapp10.dll
TpTrace Information: 0 : 22156, 4, 2022/06/19, 00:55:09.468, 18612678102, testhost.dll, [xUnit.net 00:00:00.76]   Discovering: MyPortfolioTest
TpTrace Verbose: 0 : 22156, 4, 2022/06/19, 00:55:09.468, 18612679665, testhost.dll, TestRequestHandler.SendData:  sending data from testhost: {"Version":5,"MessageType":"TestSession.Message","Payload":{"MessageLevel":0,"Message":"[xUnit.net 00:00:00.76]   Discovering: MyPortfolioTest"}}
TpTrace Information: 0 : 22156, 4, 2022/06/19, 00:55:09.522, 18613219714, testhost.dll, [xUnit.net 00:00:00.82]   Discovered:  MyPortfolioTest
TpTrace Verbose: 0 : 22156, 4, 2022/06/19, 00:55:09.522, 18613221318, testhost.dll, TestRequestHandler.SendData:  sending data from testhost: {"Version":5,"MessageType":"TestSession.Message","Payload":{"MessageLevel":0,"Message":"[xUnit.net 00:00:00.82]   Discovered:  MyPortfolioTest"}}
TpTrace Information: 0 : 22156, 4, 2022/06/19, 00:55:09.524, 18613244842, testhost.dll, [xUnit.net 00:00:00.82]   Starting:    MyPortfolioTest
TpTrace Verbose: 0 : 22156, 4, 2022/06/19, 00:55:09.524, 18613245740, testhost.dll, TestRequestHandler.SendData:  sending data from testhost: {"Version":5,"MessageType":"TestSession.Message","Payload":{"MessageLevel":0,"Message":"[xUnit.net 00:00:00.82]   Starting:    MyPortfolioTest"}}
TpTrace Verbose: 0 : 22156, 6, 2022/06/19, 00:55:09.535, 18613353328, testhost.dll, TcpClientExtensions.MessageLoopAsync: Polling on remoteEndPoint: [::ffff:127.0.0.1]:1739 localEndPoint: [::ffff:127.0.0.1]:1741
TpTrace Verbose: 0 : 22156, 15, 2022/06/19, 00:55:09.574, 18613747660, testhost.dll, TestExecutionRecorder.RecordStart: Starting test: MyPortfolioTest.SeederTest.WriteToJsonTest.
TpTrace Verbose: 0 : 22156, 15, 2022/06/19, 00:55:09.678, 18614783887, testhost.dll, TestExecutionRecorder.RecordResult: Received result for test: MyPortfolioTest.SeederTest.WriteToJsonTest.
TpTrace Verbose: 0 : 22156, 15, 2022/06/19, 00:55:09.705, 18615053064, testhost.dll, TestExecutionRecorder.RecordEnd: test: MyPortfolioTest.SeederTest.WriteToJsonTest execution completed.
TpTrace Warning: 0 : 22156, 15, 2022/06/19, 00:55:09.705, 18615055305, testhost.dll, TestRunCache: InProgressTests is null
TpTrace Verbose: 0 : 22156, 15, 2022/06/19, 00:55:09.705, 18615056428, testhost.dll, TestExecutionRecorder.RecordStart: Starting test: MyPortfolioTest.SeederTest.WriteToJsonTest.
TpTrace Verbose: 0 : 22156, 15, 2022/06/19, 00:55:09.707, 18615075067, testhost.dll, TestExecutionRecorder.RecordResult: Received result for test: MyPortfolioTest.SeederTest.WriteToJsonTest.
TpTrace Verbose: 0 : 22156, 15, 2022/06/19, 00:55:09.709, 18615097193, testhost.dll, TestExecutionRecorder.RecordEnd: test: MyPortfolioTest.SeederTest.WriteToJsonTest execution completed.
TpTrace Warning: 0 : 22156, 15, 2022/06/19, 00:55:09.709, 18615098012, testhost.dll, TestRunCache: InProgressTests is null
TpTrace Verbose: 0 : 22156, 15, 2022/06/19, 00:55:09.710, 18615098438, testhost.dll, TestExecutionRecorder.RecordStart: Starting test: MyPortfolioTest.SeederTest.WriteToJsonTest.
TpTrace Verbose: 0 : 22156, 15, 2022/06/19, 00:55:09.711, 18615109140, testhost.dll, TestExecutionRecorder.RecordResult: Received result for test: MyPortfolioTest.SeederTest.WriteToJsonTest.
TpTrace Verbose: 0 : 22156, 15, 2022/06/19, 00:55:09.711, 18615117667, testhost.dll, TestExecutionRecorder.RecordEnd: test: MyPortfolioTest.SeederTest.WriteToJsonTest execution completed.
TpTrace Warning: 0 : 22156, 15, 2022/06/19, 00:55:09.712, 18615118134, testhost.dll, TestRunCache: InProgressTests is null
TpTrace Verbose: 0 : 22156, 15, 2022/06/19, 00:55:09.712, 18615118791, testhost.dll, TestExecutionRecorder.RecordStart: Starting test: MyPortfolioTest.SeederTest.ReadToJsonTest.
TpTrace Verbose: 0 : 22156, 15, 2022/06/19, 00:55:09.712, 18615126694, testhost.dll, TestExecutionRecorder.RecordResult: Received result for test: MyPortfolioTest.SeederTest.ReadToJsonTest.
TpTrace Verbose: 0 : 22156, 15, 2022/06/19, 00:55:09.713, 18615133803, testhost.dll, TestExecutionRecorder.RecordEnd: test: MyPortfolioTest.SeederTest.ReadToJsonTest execution completed.
TpTrace Warning: 0 : 22156, 15, 2022/06/19, 00:55:09.713, 18615134225, testhost.dll, TestRunCache: InProgressTests is null
TpTrace Verbose: 0 : 22156, 15, 2022/06/19, 00:55:09.713, 18615134545, testhost.dll, TestExecutionRecorder.RecordStart: Starting test: MyPortfolioTest.SeederTest.ReadToJsonTest.
TpTrace Verbose: 0 : 22156, 15, 2022/06/19, 00:55:09.714, 18615143576, testhost.dll, TestExecutionRecorder.RecordResult: Received result for test: MyPortfolioTest.SeederTest.ReadToJsonTest.
TpTrace Verbose: 0 : 22156, 15, 2022/06/19, 00:55:09.715, 18615157544, testhost.dll, TestExecutionRecorder.RecordEnd: test: MyPortfolioTest.SeederTest.ReadToJsonTest execution completed.
TpTrace Warning: 0 : 22156, 15, 2022/06/19, 00:55:09.716, 18615159014, testhost.dll, TestRunCache: InProgressTests is null
TpTrace Verbose: 0 : 22156, 15, 2022/06/19, 00:55:09.716, 18615159475, testhost.dll, TestExecutionRecorder.RecordStart: Starting test: MyPortfolioTest.SeederTest.ReadToJsonTest.
TpTrace Verbose: 0 : 22156, 15, 2022/06/19, 00:55:09.717, 18615171793, testhost.dll, TestExecutionRecorder.RecordResult: Received result for test: MyPortfolioTest.SeederTest.ReadToJsonTest.
TpTrace Verbose: 0 : 22156, 15, 2022/06/19, 00:55:09.718, 18615185323, testhost.dll, TestExecutionRecorder.RecordEnd: test: MyPortfolioTest.SeederTest.ReadToJsonTest execution completed.
TpTrace Warning: 0 : 22156, 15, 2022/06/19, 00:55:09.718, 18615186225, testhost.dll, TestRunCache: InProgressTests is null
TpTrace Information: 0 : 22156, 4, 2022/06/19, 00:55:09.720, 18615201546, testhost.dll, [xUnit.net 00:00:01.02]   Finished:    MyPortfolioTest
TpTrace Verbose: 0 : 22156, 4, 2022/06/19, 00:55:09.720, 18615203044, testhost.dll, TestRequestHandler.SendData:  sending data from testhost: {"Version":5,"MessageType":"TestSession.Message","Payload":{"MessageLevel":0,"Message":"[xUnit.net 00:00:01.02]   Finished:    MyPortfolioTest"}}
TpTrace Verbose: 0 : 22156, 4, 2022/06/19, 00:55:09.726, 18615263850, testhost.dll, BaseRunTests.RunTestInternalWithExecutors: Completed running tests for executor://xunit/VsTestRunner2/netcoreapp
TpTrace Information: 0 : 22156, 4, 2022/06/19, 00:55:09.733, 18615336591, testhost.dll, Sending test run complete
TpTrace Verbose: 0 : 22156, 4, 2022/06/19, 00:55:09.771, 18615712306, testhost.dll, TestRequestHandler.SendData:  sending data from testhost: {"Version":5,"MessageType":"TestExecution.Completed","Payload":{"TestRunCompleteArgs":{"TestRunStatistics":{"ExecutedTests":6,"Stats":{"Passed":6}},"IsCanceled":false,"IsAborted":false,"Error":null,"AttachmentSets":[],"ElapsedTimeInRunningTests":"00:00:01.0365423","Metrics":{}},"LastRunTests":{"NewTestResults":[{"TestCase":{"Id":"c37a4a35-a1e5-bd90-9e98-dca42a1239bd","FullyQualifiedName":"MyPortfolioTest.SeederTest.WriteToJsonTest","DisplayName":"MyPortfolioTest.SeederTest.WriteToJsonTest(name: \"Bond\", email: \"Bond1@gmail.com\", subject: \"Grateful God\", message: \"Feeling vibe just now\")","ExecutorUri":"executor://xunit/VsTestRunner2/netcoreapp","Source":"C:\\Users\\Decagon\\source\\repos\\Portfolio_DM\\MyPortfolioest\\bin\\Debug\\net5.0\\fine-code-coverage\\build-output\\MyPortfolioTest.dll","CodeFilePath":null,"LineNumber":0,"Properties":[]},"Attachments":[],"Outcome":1,"ErrorMessage":null,"ErrorStackTrace":null,"DisplayName":"MyPortfolioTest.SeederTest.WriteToJsonTest(name: \"Bond\", email: \"Bond1@gmail.com\", subject: \"Grateful God\", message: \"Feeling vibe just now\")","Messages":[],"ComputerName":"LAPTOP-OKIKVU38","Duration":"00:00:00.0824873","StartTime":"2022-06-18T23:55:09.6777064+00:00","EndTime":"2022-06-18T23:55:09.6778686+00:00","Properties":[]},{"TestCase":{"Id":"56c57bd4-8f0b-ce0a-6604-0f77742a899c","FullyQualifiedName":"MyPortfolioTest.SeederTest.WriteToJsonTest","DisplayName":"MyPortfolioTest.SeederTest.WriteToJsonTest(name: \"Kunle\", email: \"favourblessing1@gmail.com\", subject: \"Good\", message: \"Awesome good God\")","ExecutorUri":"executor://xunit/VsTestRunner2/netcoreapp","Source":"C:\\Users\\Decagon\\source\\repos\\Portfolio_DM\\MyPortfolioest\\bin\\Debug\\net5.0\\fine-code-coverage\\build-output\\MyPortfolioTest.dll","CodeFilePath":null,"LineNumber":0,"Properties":[]},"Attachments":[],"Outcome":1,"ErrorMessage":null,"ErrorStackTrace":null,"DisplayName":"MyPortfolioTest.SeederTest.WriteToJsonTest(name: \"Kunle\", email: \"favourblessing1@gmail.com\", subject: \"Good\", message: \"Awesome good God\")","Messages":[],"ComputerName":"LAPTOP-OKIKVU38","Duration":"00:00:00.0011563","StartTime":"2022-06-18T23:55:09.7076693+00:00","EndTime":"2022-06-18T23:55:09.7076718+00:00","Properties":[]},{"TestCase":{"Id":"488d7e6f-8cd3-43d3-d9e0-ad8dabf321ae","FullyQualifiedName":"MyPortfolioTest.SeederTest.WriteToJsonTest","DisplayName":"MyPortfolioTest.SeederTest.WriteToJsonTest(name: \"Favour\", email: \"favourblessing1@gmail.com\", subject: \"Doing Good\", message: \"Awesome good God\")","ExecutorUri":"executor://xunit/VsTestRunner2/netcoreapp","Source":"C:\\Users\\Decagon\\source\\repos\\Portfolio_DM\\MyPortfolioest\\bin\\Debug\\net5.0\\fine-code-coverage\\build-output\\MyPortfolioTest.dll","CodeFilePath":null,"LineNumber":0,"Properties":[]},"Attachments":[],"Outcome":1,"ErrorMessage":null,"ErrorStackTrace":null,"DisplayName":"MyPortfolioTest.SeederTest.WriteToJsonTest(name: \"Favour\", email: \"favourblessing1@gmail.com\", subject: \"Doing Good\", message: \"Awesome good God\")","Messages":[],"ComputerName":"LAPTOP-OKIKVU38","Duration":"00:00:00.0005870","StartTime":"2022-06-18T23:55:09.711075+00:00","EndTime":"2022-06-18T23:55:09.711077+00:00","Properties":[]},{"TestCase":{"Id":"185131a6-faa8-a295-5ae7-c1efb4e627c3","FullyQualifiedName":"MyPortfolioTest.SeederTest.ReadToJsonTest","DisplayName":"MyPortfolioTest.SeederTest.ReadToJsonTest(id: 3, imageUrl: \"../img / portfolio / GPACalculator.png\", projectLink: \"github.com/week3\")","ExecutorUri":"executor://xunit/VsTestRunner2/netcoreapp","Source":"C:\\Users\\Decagon\\source\\repos\\Portfolio_DM\\MyPortfolioest\\bin\\Debug\\net5.0\\fine-code-coverage\\build-output\\MyPortfolioTest.dll","CodeFilePath":null,"LineNumber":0,"Properties":[]},"Attachments":[],"Outcome":1,"ErrorMessage":null,"ErrorStackTrace":null,"DisplayName":"MyPortfolioTest.SeederTest.ReadToJsonTest(id: 3, imageUrl: \"../img / portfolio / GPACalculator.png\", projectLink: \"github.com/week3\")","Messages":[],"ComputerName":"LAPTOP-OKIKVU38","Duration":"00:00:00.0068019","StartTime":"2022-06-18T23:55:09.7128562+00:00","EndTime":"2022-06-18T23:55:09.712857+00:00","Properties":[]},{"TestCase":{"Id":"6f977e68-c8e4-74d8-41d3-2ab3078ca208","FullyQualifiedName":"MyPortfolioTest.SeederTest.ReadToJsonTest","DisplayName":"MyPortfolioTest.SeederTest.ReadToJsonTest(id: 1, imageUrl: \"../img / portfolio / GPACalculator.png\", projectLink: \"github.com/week1\")","ExecutorUri":"executor://xunit/VsTestRunner2/netcoreapp","Source":"C:\\Users\\Decagon\\source\\repos\\Portfolio_DM\\MyPortfolioest\\bin\\Debug\\net5.0\\fine-code-coverage\\build-output\\MyPortfolioTest.dll","CodeFilePath":null,"LineNumber":0,"Properties":[]},"Attachments":[],"Outcome":1,"ErrorMessage":null,"ErrorStackTrace":null,"DisplayName":"MyPortfolioTest.SeederTest.ReadToJsonTest(id: 1, imageUrl: \"../img / portfolio / GPACalculator.png\", projectLink: \"github.com/week1\")","Messages":[],"ComputerName":"LAPTOP-OKIKVU38","Duration":"00:00:00.0001632","StartTime":"2022-06-18T23:55:09.714532+00:00","EndTime":"2022-06-18T23:55:09.7145342+00:00","Properties":[]},{"TestCase":{"Id":"385d1872-a28a-c1dd-52fb-3781b112ce0f","FullyQualifiedName":"MyPortfolioTest.SeederTest.ReadToJsonTest","DisplayName":"MyPortfolioTest.SeederTest.ReadToJsonTest(id: 2, imageUrl: \"../img / portfolio / GPACalculator.png\", projectLink: \"github.com/week2\")","ExecutorUri":"executor://xunit/VsTestRunner2/netcoreapp","Source":"C:\\Users\\Decagon\\source\\repos\\Portfolio_DM\\MyPortfolioest\\bin\\Debug\\net5.0\\fine-code-coverage\\build-output\\MyPortfolioTest.dll","CodeFilePath":null,"LineNumber":0,"Properties":[]},"Attachments":[],"Outcome":1,"ErrorMessage":null,"ErrorStackTrace":null,"DisplayName":"MyPortfolioTest.SeederTest.ReadToJsonTest(id: 2, imageUrl: \"../img / portfolio / GPACalculator.png\", projectLink: \"github.com/week2\")","Messages":[],"ComputerName":"LAPTOP-OKIKVU38","Duration":"00:00:00.0000653","StartTime":"2022-06-18T23:55:09.7173636+00:00","EndTime":"2022-06-18T23:55:09.7173653+00:00","Properties":[]}],"TestRunStatistics":{"ExecutedTests":6,"Stats":{"Passed":6}},"ActiveTests":[]},"RunAttachments":[],"ExecutorUris":["executor://xunit/VsTestRunner2/netcoreapp"]}}
TpTrace Verbose: 0 : 22156, 4, 2022/06/19, 00:55:09.771, 18615716895, testhost.dll, BaseRunTests.RunTests: Run is complete.
TpTrace Verbose: 0 : 22156, 6, 2022/06/19, 00:55:09.773, 18615737817, testhost.dll, TcpClientExtensions.MessageLoopAsync: NotifyDataAvailable remoteEndPoint: [::ffff:127.0.0.1]:1739 localEndPoint: [::ffff:127.0.0.1]:1741
TpTrace Information: 0 : 22156, 6, 2022/06/19, 00:55:09.774, 18615739484, testhost.dll, TestRequestHandler.ProcessRequests: received message: (TestSession.Terminate) -> null
TpTrace Information: 0 : 22156, 6, 2022/06/19, 00:55:09.774, 18615739850, testhost.dll, Session End message received from server. Closing the connection.
TpTrace Information: 0 : 22156, 6, 2022/06/19, 00:55:09.774, 18615742690, testhost.dll, SocketClient.Stop: Stop communication from server endpoint: 127.0.0.1:01739
TpTrace Information: 0 : 22156, 6, 2022/06/19, 00:55:09.774, 18615743164, testhost.dll, SocketClient: Stop: Cancellation requested. Stopping message loop.
TpTrace Verbose: 0 : 22156, 6, 2022/06/19, 00:55:09.774, 18615744053, testhost.dll, LengthPrefixCommunicationChannel.Dispose: Dispose reader and writer.
TpTrace Information: 0 : 22156, 6, 2022/06/19, 00:55:09.774, 18615744450, testhost.dll, Closing the connection !
TpTrace Information: 0 : 22156, 6, 2022/06/19, 00:55:09.774, 18615746100, testhost.dll, SocketClient.PrivateStop: Stop communication from server endpoint: 127.0.0.1:01739, error:
TpTrace Verbose: 0 : 22156, 6, 2022/06/19, 00:55:09.775, 18615749230, testhost.dll, LengthPrefixCommunicationChannel.Dispose: Dispose reader and writer.
TpTrace Verbose: 0 : 22156, 6, 2022/06/19, 00:55:09.775, 18615749831, testhost.dll, TcpClientExtensions.MessageLoopAsync: exiting MessageLoopAsync remoteEndPoint: [::ffff:127.0.0.1]:1739 localEndPoint: [::ffff:127.0.0.1]:1741
TpTrace Information: 0 : 22156, 1, 2022/06/19, 00:55:09.775, 18615749249, testhost.dll, Closing the connection !
TpTrace Information: 0 : 22156, 1, 2022/06/19, 00:55:09.775, 18615750988, testhost.dll, SocketClient.Stop: Stop communication from server endpoint: 127.0.0.1:01739
TpTrace Verbose: 0 : 22156, 1, 2022/06/19, 00:55:09.775, 18615751290, testhost.dll, LengthPrefixCommunicationChannel.Dispose: Dispose reader and writer.
TpTrace Information: 0 : 22156, 1, 2022/06/19, 00:55:09.775, 18615752102, testhost.dll, Testhost process exiting.
