TpTrace Verbose: 0 : 3048, 1, 2022/06/19, 00:55:07.842, 18596421370, datacollector.dll, Version: 17.2.0-release-20220408-11
TpTrace Information: 0 : 3048, 1, 2022/06/19, 00:55:07.847, 18596477648, datacollector.dll, DataCollectorMain.Run: Starting data collector run with args: --port,1736,--parentprocessid,1948,--diag,C:\Users\Decagon\source\repos\Portfolio_DM\MyPortfolioest\bin\Debug\net5.0\fine-code-coverage\coverage-tool-output\diagnostics.datacollector.22-06-19_00-55-07_70386_5.log,--tracelevel,4
TpTrace Information: 0 : 3048, 1, 2022/06/19, 00:55:07.848, 18596478835, datacollector.dll, DataCollector: Monitoring parent process with id: '1948'
TpTrace Information: 0 : 3048, 1, 2022/06/19, 00:55:07.857, 18596572590, datacollector.dll, Trying to connect to server on socket : 127.0.0.1:1736 
TpTrace Verbose: 0 : 3048, 1, 2022/06/19, 00:55:07.864, 18596645601, datacollector.dll, SocketCommunicationManager : SetupClientAsync : Attempting to connect to the server.
TpTrace Information: 0 : 3048, 8, 2022/06/19, 00:55:07.875, 18596757363, datacollector.dll, Connected to the server successfully 
TpTrace Information: 0 : 3048, 8, 2022/06/19, 00:55:07.876, 18596758345, datacollector.dll, Using the buffer size of 16384 bytes
TpTrace Information: 0 : 3048, 1, 2022/06/19, 00:55:07.957, 18597570288, datacollector.dll, DataCollector: Start Request Processing.
TpTrace Verbose: 0 : 3048, 1, 2022/06/19, 00:55:07.957, 18597571895, datacollector.dll, SocketCommunicationManager.WaitForServerConnection took: 0 ms, with 90000 ms timeout, and finished with True.
TpTrace Information: 0 : 3048, 1, 2022/06/19, 00:55:07.960, 18597603257, datacollector.dll, DataCollectionRequestHandler.ProcessRequests: Datacollector received message: (DataCollection.BeforeTestRunStart) -> {
  "SettingsXml": "<RunSettings><RunConfiguration><ResultsDirectory>C:\\Users\\Decagon\\source\\repos\\Portfolio_DM\\MyPortfolioest\\bin\\Debug\\net5.0\\fine-code-coverage\\coverage-tool-output</ResultsDirectory><TargetPlatform>X64</TargetPlatform><TargetFrameworkVersion>.NETCoreApp,Version=v5.0</TargetFrameworkVersion><DesignMode>False</DesignMode><CollectSourceInformation>False</CollectSourceInformation><TestAdaptersPaths>C:\\Program Files\\dotnet\\sdk\\6.0.300\\Extensions</TestAdaptersPaths></RunConfiguration><LoggerRunSettings><Loggers><Logger friendlyName=\"blame\" enabled=\"True\" /><Logger friendlyName=\"Console\" uri=\"logger://microsoft/TestPlatform/ConsoleLogger/v1\" assemblyQualifiedName=\"Microsoft.VisualStudio.TestPlatform.CommandLine.Internal.ConsoleLogger, vstest.console, Version=15.0.0.0, Culture=neutral, PublicKeyToken=b03f5f7f11d50a3a\" codeBase=\"C:\\Program Files\\dotnet\\sdk\\6.0.300\\vstest.console.dll\" enabled=\"True\" /></Loggers></LoggerRunSettings><DataCollectionRunSettings><DataCollectors><DataCollector friendlyName=\"blame\" enabled=\"True\"><Configuration><ResultsDirectory>C:\\Users\\Decagon\\source\\repos\\Portfolio_DM\\MyPortfolioest\\bin\\Debug\\net5.0\\fine-code-coverage\\coverage-tool-output</ResultsDirectory></Configuration></DataCollector></DataCollectors></DataCollectionRunSettings></RunSettings>",
  "Sources": [
    "C:\\Users\\Decagon\\source\\repos\\Portfolio_DM\\MyPortfolioest\\bin\\Debug\\net5.0\\fine-code-coverage\\build-output\\MyPortfolioTest.dll"
  ],
  "IsTelemetryOptedIn": false
}
TpTrace Verbose: 0 : 3048, 1, 2022/06/19, 00:55:07.994, 18597939247, datacollector.dll, TestPluginCache: Update extensions started. Skip filter = False
TpTrace Verbose: 0 : 3048, 1, 2022/06/19, 00:55:07.994, 18597945125, datacollector.dll, TestPluginCache: Using directories for assembly resolution 'C:\Program Files\dotnet\sdk\6.0.300\Extensions'.
TpTrace Verbose: 0 : 3048, 1, 2022/06/19, 00:55:07.994, 18597945662, datacollector.dll, TestPluginCache: Updated the available extensions to 'C:\Program Files\dotnet\sdk\6.0.300\Extensions\Microsoft.TestPlatform.Extensions.BlameDataCollector.dll,C:\Program Files\dotnet\sdk\6.0.300\Extensions\Microsoft.TestPlatform.Extensions.EventLogCollector.dll'.
TpTrace Verbose: 0 : 3048, 1, 2022/06/19, 00:55:08.002, 18598024619, datacollector.dll, TestPluginCache.DiscoverTestExtensions: finding test extensions in assemblies ends with: Collector.dll TPluginInfo: Microsoft.VisualStudio.TestPlatform.Common.DataCollector.DataCollectorConfig TExtension: Microsoft.VisualStudio.TestPlatform.ObjectModel.DataCollection.DataCollector
TpTrace Verbose: 0 : 3048, 1, 2022/06/19, 00:55:08.002, 18598026737, datacollector.dll, TestPluginCache.GetExtensionPaths: Filtered extension paths: C:\Program Files\dotnet\sdk\6.0.300\Extensions\Microsoft.TestPlatform.Extensions.BlameDataCollector.dll
C:\Program Files\dotnet\sdk\6.0.300\Extensions\Microsoft.TestPlatform.Extensions.EventLogCollector.dll
TpTrace Verbose: 0 : 3048, 1, 2022/06/19, 00:55:08.002, 18598027173, datacollector.dll, TestPluginCache.GetExtensionPaths: Added default extension paths: 
TpTrace Verbose: 0 : 3048, 1, 2022/06/19, 00:55:08.002, 18598027385, datacollector.dll, TestPluginCache.GetExtensionPaths: Added unfilterableExtensionPaths: 
TpTrace Information: 0 : 3048, 1, 2022/06/19, 00:55:08.003, 18598032798, datacollector.dll, AssemblyResolver.ctor: Creating AssemblyResolver with searchDirectories C:\Program Files\dotnet\sdk\6.0.300\Extensions,C:\Program Files\dotnet\sdk\6.0.300
TpTrace Verbose: 0 : 3048, 1, 2022/06/19, 00:55:08.005, 18598054845, datacollector.dll, TestPluginCache.DiscoverTestExtensions: Discovering the extensions using extension path.
TpTrace Verbose: 0 : 3048, 1, 2022/06/19, 00:55:08.005, 18598056124, datacollector.dll, TestPluginCache.GetExtensionPaths: Filtered extension paths: C:\Program Files\dotnet\sdk\6.0.300\Extensions\Microsoft.TestPlatform.Extensions.BlameDataCollector.dll
C:\Program Files\dotnet\sdk\6.0.300\Extensions\Microsoft.TestPlatform.Extensions.EventLogCollector.dll
TpTrace Verbose: 0 : 3048, 1, 2022/06/19, 00:55:08.005, 18598056472, datacollector.dll, TestPluginCache.GetExtensionPaths: Added default extension paths: 
TpTrace Verbose: 0 : 3048, 1, 2022/06/19, 00:55:08.005, 18598056645, datacollector.dll, TestPluginCache.GetExtensionPaths: Added unfilterableExtensionPaths: 
TpTrace Verbose: 0 : 3048, 1, 2022/06/19, 00:55:08.005, 18598056969, datacollector.dll, TestPluginCache.DiscoverTestExtensions: Discovering the extensions using allExtensionPaths: C:\Program Files\dotnet\sdk\6.0.300\Extensions\Microsoft.TestPlatform.Extensions.BlameDataCollector.dll
C:\Program Files\dotnet\sdk\6.0.300\Extensions\Microsoft.TestPlatform.Extensions.EventLogCollector.dll
TpTrace Information: 0 : 3048, 1, 2022/06/19, 00:55:08.005, 18598057959, datacollector.dll, AssemblyResolver.AddSearchDirectories: Adding more searchDirectories C:\Program Files\dotnet\sdk\6.0.300\Extensions,C:\Program Files\dotnet\sdk\6.0.300
TpTrace Information: 0 : 3048, 1, 2022/06/19, 00:55:08.006, 18598058367, datacollector.dll, AssemblyResolver.AddSearchDirectories: Adding more searchDirectories C:\Program Files\dotnet\sdk\6.0.300\Extensions,C:\Program Files\dotnet\sdk\6.0.300
TpTrace Information: 0 : 3048, 1, 2022/06/19, 00:55:08.006, 18598061237, datacollector.dll, AssemblyResolver.OnResolve: Microsoft.TestPlatform.Extensions.BlameDataCollector: Resolving assembly.
TpTrace Information: 0 : 3048, 1, 2022/06/19, 00:55:08.006, 18598061802, datacollector.dll, AssemblyResolver.OnResolve: Microsoft.TestPlatform.Extensions.BlameDataCollector: Searching in: 'C:\Program Files\dotnet\sdk\6.0.300\Extensions'.
TpTrace Information: 0 : 3048, 1, 2022/06/19, 00:55:08.007, 18598069825, datacollector.dll, AssemblyResolver.OnResolve: Microsoft.TestPlatform.Extensions.BlameDataCollector: Loading assembly 'C:\Program Files\dotnet\sdk\6.0.300\Extensions\Microsoft.TestPlatform.Extensions.BlameDataCollector.dll'.
TpTrace Information: 0 : 3048, 1, 2022/06/19, 00:55:08.007, 18598075510, datacollector.dll, AssemblyResolver.OnResolve: Resolved assembly: Microsoft.TestPlatform.Extensions.BlameDataCollector, from path: C:\Program Files\dotnet\sdk\6.0.300\Extensions\Microsoft.TestPlatform.Extensions.BlameDataCollector.dll
TpTrace Verbose: 0 : 3048, 1, 2022/06/19, 00:55:08.012, 18598125019, datacollector.dll, MetadataReaderExtensionsHelper: Discovering extensions inside assembly 'Microsoft.TestPlatform.Extensions.BlameDataCollector, Version=15.0.0.0, Culture=neutral, PublicKeyToken=b03f5f7f11d50a3a' file path 'C:\Program Files\dotnet\sdk\6.0.300\Extensions\Microsoft.TestPlatform.Extensions.BlameDataCollector.dll'
TpTrace Error: 0 : 3048, 1, 2022/06/19, 00:55:08.029, 18598296231, datacollector.dll, The type "Microsoft.TestPlatform.Extensions.BlameDataCollector.BlameCollector" defined in "Microsoft.TestPlatform.Extensions.BlameDataCollector.dll" does not have ExtensionUri attribute.
TpTrace Information: 0 : 3048, 1, 2022/06/19, 00:55:08.031, 18598311421, datacollector.dll, GetTestExtensionFromType: Register extension with identifier data 'datacollector://microsoft/TestPlatform/Extensions/Blame/v1' and type 'Microsoft.TestPlatform.Extensions.BlameDataCollector.BlameCollector, Microsoft.TestPlatform.Extensions.BlameDataCollector, Version=15.0.0.0, Culture=neutral, PublicKeyToken=b03f5f7f11d50a3a' inside file 'C:\Program Files\dotnet\sdk\6.0.300\Extensions\Microsoft.TestPlatform.Extensions.BlameDataCollector.dll'
TpTrace Information: 0 : 3048, 1, 2022/06/19, 00:55:08.031, 18598313483, datacollector.dll, AssemblyResolver.OnResolve: Microsoft.TestPlatform.Extensions.EventLogCollector: Resolving assembly.
TpTrace Information: 0 : 3048, 1, 2022/06/19, 00:55:08.031, 18598314191, datacollector.dll, AssemblyResolver.OnResolve: Microsoft.TestPlatform.Extensions.EventLogCollector: Searching in: 'C:\Program Files\dotnet\sdk\6.0.300\Extensions'.
TpTrace Information: 0 : 3048, 1, 2022/06/19, 00:55:08.032, 18598322714, datacollector.dll, AssemblyResolver.OnResolve: Microsoft.TestPlatform.Extensions.EventLogCollector: Loading assembly 'C:\Program Files\dotnet\sdk\6.0.300\Extensions\Microsoft.TestPlatform.Extensions.EventLogCollector.dll'.
TpTrace Information: 0 : 3048, 1, 2022/06/19, 00:55:08.033, 18598330092, datacollector.dll, AssemblyResolver.OnResolve: Resolved assembly: Microsoft.TestPlatform.Extensions.EventLogCollector, from path: C:\Program Files\dotnet\sdk\6.0.300\Extensions\Microsoft.TestPlatform.Extensions.EventLogCollector.dll
TpTrace Verbose: 0 : 3048, 1, 2022/06/19, 00:55:08.033, 18598330970, datacollector.dll, MetadataReaderExtensionsHelper: Discovering extensions inside assembly 'Microsoft.TestPlatform.Extensions.EventLogCollector, Version=15.0.0.0, Culture=neutral, PublicKeyToken=b03f5f7f11d50a3a' file path 'C:\Program Files\dotnet\sdk\6.0.300\Extensions\Microsoft.TestPlatform.Extensions.EventLogCollector.dll'
TpTrace Error: 0 : 3048, 1, 2022/06/19, 00:55:08.036, 18598361124, datacollector.dll, The type "Microsoft.TestPlatform.Extensions.EventLogCollector.EventLogDataCollector" defined in "Microsoft.TestPlatform.Extensions.EventLogCollector.dll" does not have ExtensionUri attribute.
TpTrace Information: 0 : 3048, 1, 2022/06/19, 00:55:08.036, 18598362933, datacollector.dll, GetTestExtensionFromType: Register extension with identifier data 'datacollector://microsoft/EventLog/2.0' and type 'Microsoft.TestPlatform.Extensions.EventLogCollector.EventLogDataCollector, Microsoft.TestPlatform.Extensions.EventLogCollector, Version=15.0.0.0, Culture=neutral, PublicKeyToken=b03f5f7f11d50a3a' inside file 'C:\Program Files\dotnet\sdk\6.0.300\Extensions\Microsoft.TestPlatform.Extensions.EventLogCollector.dll'
TpTrace Verbose: 0 : 3048, 1, 2022/06/19, 00:55:08.036, 18598365056, datacollector.dll, TestPluginCache: Discovered the extensions using extension path 'C:\Program Files\dotnet\sdk\6.0.300\Extensions\Microsoft.TestPlatform.Extensions.BlameDataCollector.dll,C:\Program Files\dotnet\sdk\6.0.300\Extensions\Microsoft.TestPlatform.Extensions.EventLogCollector.dll'.
TpTrace Verbose: 0 : 3048, 1, 2022/06/19, 00:55:08.036, 18598365481, datacollector.dll, TestPluginCache: Discoverers are ''.
TpTrace Verbose: 0 : 3048, 1, 2022/06/19, 00:55:08.036, 18598365679, datacollector.dll, TestPluginCache: Executors are ''.
TpTrace Verbose: 0 : 3048, 1, 2022/06/19, 00:55:08.036, 18598365930, datacollector.dll, TestPluginCache: Executors2 are ''.
TpTrace Verbose: 0 : 3048, 1, 2022/06/19, 00:55:08.036, 18598366147, datacollector.dll, TestPluginCache: Setting providers are ''.
TpTrace Verbose: 0 : 3048, 1, 2022/06/19, 00:55:08.036, 18598366366, datacollector.dll, TestPluginCache: Loggers are ''.
TpTrace Verbose: 0 : 3048, 1, 2022/06/19, 00:55:08.036, 18598366678, datacollector.dll, TestPluginCache: TestHosts are ''.
TpTrace Verbose: 0 : 3048, 1, 2022/06/19, 00:55:08.037, 18598369244, datacollector.dll, TestPluginCache: DataCollectors are 'datacollector://microsoft/TestPlatform/Extensions/Blame/v1,datacollector://microsoft/EventLog/2.0'.
TpTrace Information: 0 : 3048, 1, 2022/06/19, 00:55:08.038, 18598384723, datacollector.dll, TestPluginManager.CreateTestExtension: Attempting to load test extension: Microsoft.TestPlatform.Extensions.BlameDataCollector.BlameCollector
TpTrace Verbose: 0 : 3048, 1, 2022/06/19, 00:55:08.046, 18598463077, datacollector.dll, MulticastDelegateUtilities.SafeInvoke: DataCollectionEvents.SessionStart: Invoking callbacks was skipped because there are no subscribers.
TpTrace Information: 0 : 3048, 1, 2022/06/19, 00:55:08.048, 18598479254, datacollector.dll, Listening on Endpoint : 127.0.0.1:1738
TpTrace Information: 0 : 3048, 1, 2022/06/19, 00:55:08.057, 18598569574, datacollector.dll, DataCollectionRequestHandler.ProcessRequests : DataCollection started.
TpTrace Information: 0 : 3048, 1, 2022/06/19, 00:55:08.087, 18598872768, datacollector.dll, DataCollectionRequestHandler.ProcessRequests: Datacollector received message: (DataCollection.TestHostLaunched) -> {
  "ProcessId": 22156
}
TpTrace Verbose: 0 : 3048, 1, 2022/06/19, 00:55:08.089, 18598888155, datacollector.dll, MulticastDelegateUtilities.SafeInvoke: DataCollectionEvents.TestHostLaunched: Invoking callback 1/1 for Microsoft.TestPlatform.Extensions.BlameDataCollector.BlameCollector.TestHostLaunchedHandler, took 0 ms.
TpTrace Information: 0 : 3048, 5, 2022/06/19, 00:55:08.291, 18600916930, datacollector.dll, Using the buffer size of 16384 bytes
TpTrace Verbose: 0 : 3048, 8, 2022/06/19, 00:55:08.291, 18600917145, datacollector.dll, SocketCommunicationManager.WaitForClientConnection took: 239 ms, with 90000 ms timeout, and finished with True.
TpTrace Information: 0 : 3048, 5, 2022/06/19, 00:55:08.291, 18600917976, datacollector.dll, Accepted Client request and set the flag
TpTrace Information: 0 : 3048, 8, 2022/06/19, 00:55:09.596, 18613967589, datacollector.dll, DataCollectionTestCaseEventHandler: Test case starting.
TpTrace Information: 0 : 3048, 8, 2022/06/19, 00:55:09.606, 18614065185, datacollector.dll, Blame Collector : Test Case Start
TpTrace Verbose: 0 : 3048, 8, 2022/06/19, 00:55:09.606, 18614067456, datacollector.dll, MulticastDelegateUtilities.SafeInvoke: DataCollectionEvents.TestCaseStart: Invoking callback 1/1 for Microsoft.TestPlatform.Extensions.BlameDataCollector.BlameCollector.EventsTestCaseStart, took 0 ms.
TpTrace Information: 0 : 3048, 8, 2022/06/19, 00:55:09.607, 18614069499, datacollector.dll, DataCollectionTestCaseEventHandler: Test case 'MyPortfolioTest.SeederTest.WriteToJsonTest(name: "Bond", email: "Bond1@gmail.com", subject: "Grateful God", message: "Feeling vibe just now") - c37a4a35-a1e5-bd90-9e98-dca42a1239bd' started.
TpTrace Information: 0 : 3048, 8, 2022/06/19, 00:55:09.683, 18614836288, datacollector.dll, DataCollectionTestCaseEventHandler: Test case completing.
TpTrace Information: 0 : 3048, 8, 2022/06/19, 00:55:09.687, 18614875330, datacollector.dll, Blame Collector: Test Case End
TpTrace Verbose: 0 : 3048, 8, 2022/06/19, 00:55:09.687, 18614877959, datacollector.dll, MulticastDelegateUtilities.SafeInvoke: DataCollectionEvents.TestCaseEnd: Invoking callback 1/1 for Microsoft.TestPlatform.Extensions.BlameDataCollector.BlameCollector.EventsTestCaseEnd, took 0 ms.
TpTrace Information: 0 : 3048, 8, 2022/06/19, 00:55:09.690, 18614904823, datacollector.dll, DataCollectionTestCaseEventHandler: Test case 'MyPortfolioTest.SeederTest.WriteToJsonTest(name: "Bond", email: "Bond1@gmail.com", subject: "Grateful God", message: "Feeling vibe just now") - c37a4a35-a1e5-bd90-9e98-dca42a1239bd' completed
TpTrace Information: 0 : 3048, 8, 2022/06/19, 00:55:09.706, 18615064890, datacollector.dll, DataCollectionTestCaseEventHandler: Test case starting.
TpTrace Information: 0 : 3048, 8, 2022/06/19, 00:55:09.707, 18615068454, datacollector.dll, Blame Collector : Test Case Start
TpTrace Verbose: 0 : 3048, 8, 2022/06/19, 00:55:09.707, 18615069227, datacollector.dll, MulticastDelegateUtilities.SafeInvoke: DataCollectionEvents.TestCaseStart: Invoking callback 1/1 for Microsoft.TestPlatform.Extensions.BlameDataCollector.BlameCollector.EventsTestCaseStart, took 0 ms.
TpTrace Information: 0 : 3048, 8, 2022/06/19, 00:55:09.707, 18615070449, datacollector.dll, DataCollectionTestCaseEventHandler: Test case 'MyPortfolioTest.SeederTest.WriteToJsonTest(name: "Kunle", email: "favourblessing1@gmail.com", subject: "Good", message: "Awesome good God") - 56c57bd4-8f0b-ce0a-6604-0f77742a899c' started.
TpTrace Information: 0 : 3048, 8, 2022/06/19, 00:55:09.708, 18615087123, datacollector.dll, DataCollectionTestCaseEventHandler: Test case completing.
TpTrace Information: 0 : 3048, 8, 2022/06/19, 00:55:09.709, 18615092323, datacollector.dll, Blame Collector: Test Case End
TpTrace Verbose: 0 : 3048, 8, 2022/06/19, 00:55:09.709, 18615093096, datacollector.dll, MulticastDelegateUtilities.SafeInvoke: DataCollectionEvents.TestCaseEnd: Invoking callback 1/1 for Microsoft.TestPlatform.Extensions.BlameDataCollector.BlameCollector.EventsTestCaseEnd, took 0 ms.
TpTrace Information: 0 : 3048, 8, 2022/06/19, 00:55:09.709, 18615094738, datacollector.dll, DataCollectionTestCaseEventHandler: Test case 'MyPortfolioTest.SeederTest.WriteToJsonTest(name: "Kunle", email: "favourblessing1@gmail.com", subject: "Good", message: "Awesome good God") - 56c57bd4-8f0b-ce0a-6604-0f77742a899c' completed
TpTrace Information: 0 : 3048, 8, 2022/06/19, 00:55:09.710, 18615103099, datacollector.dll, DataCollectionTestCaseEventHandler: Test case starting.
TpTrace Information: 0 : 3048, 8, 2022/06/19, 00:55:09.710, 18615105381, datacollector.dll, Blame Collector : Test Case Start
TpTrace Verbose: 0 : 3048, 8, 2022/06/19, 00:55:09.710, 18615105866, datacollector.dll, MulticastDelegateUtilities.SafeInvoke: DataCollectionEvents.TestCaseStart: Invoking callback 1/1 for Microsoft.TestPlatform.Extensions.BlameDataCollector.BlameCollector.EventsTestCaseStart, took 0 ms.
TpTrace Information: 0 : 3048, 8, 2022/06/19, 00:55:09.710, 18615106697, datacollector.dll, DataCollectionTestCaseEventHandler: Test case 'MyPortfolioTest.SeederTest.WriteToJsonTest(name: "Favour", email: "favourblessing1@gmail.com", subject: "Doing Good", message: "Awesome good God") - 488d7e6f-8cd3-43d3-d9e0-ad8dabf321ae' started.
TpTrace Information: 0 : 3048, 8, 2022/06/19, 00:55:09.711, 18615113536, datacollector.dll, DataCollectionTestCaseEventHandler: Test case completing.
TpTrace Information: 0 : 3048, 8, 2022/06/19, 00:55:09.711, 18615115423, datacollector.dll, Blame Collector: Test Case End
TpTrace Verbose: 0 : 3048, 8, 2022/06/19, 00:55:09.711, 18615115816, datacollector.dll, MulticastDelegateUtilities.SafeInvoke: DataCollectionEvents.TestCaseEnd: Invoking callback 1/1 for Microsoft.TestPlatform.Extensions.BlameDataCollector.BlameCollector.EventsTestCaseEnd, took 0 ms.
TpTrace Information: 0 : 3048, 8, 2022/06/19, 00:55:09.711, 18615116712, datacollector.dll, DataCollectionTestCaseEventHandler: Test case 'MyPortfolioTest.SeederTest.WriteToJsonTest(name: "Favour", email: "favourblessing1@gmail.com", subject: "Doing Good", message: "Awesome good God") - 488d7e6f-8cd3-43d3-d9e0-ad8dabf321ae' completed
TpTrace Information: 0 : 3048, 8, 2022/06/19, 00:55:09.712, 18615122322, datacollector.dll, DataCollectionTestCaseEventHandler: Test case starting.
TpTrace Information: 0 : 3048, 8, 2022/06/19, 00:55:09.712, 18615124129, datacollector.dll, Blame Collector : Test Case Start
TpTrace Verbose: 0 : 3048, 8, 2022/06/19, 00:55:09.712, 18615124647, datacollector.dll, MulticastDelegateUtilities.SafeInvoke: DataCollectionEvents.TestCaseStart: Invoking callback 1/1 for Microsoft.TestPlatform.Extensions.BlameDataCollector.BlameCollector.EventsTestCaseStart, took 0 ms.
TpTrace Information: 0 : 3048, 8, 2022/06/19, 00:55:09.712, 18615125940, datacollector.dll, DataCollectionTestCaseEventHandler: Test case 'MyPortfolioTest.SeederTest.ReadToJsonTest(id: 3, imageUrl: "../img / portfolio / GPACalculator.png", projectLink: "github.com/week3") - 185131a6-faa8-a295-5ae7-c1efb4e627c3' started.
TpTrace Information: 0 : 3048, 8, 2022/06/19, 00:55:09.713, 18615130065, datacollector.dll, DataCollectionTestCaseEventHandler: Test case completing.
TpTrace Information: 0 : 3048, 8, 2022/06/19, 00:55:09.713, 18615131978, datacollector.dll, Blame Collector: Test Case End
TpTrace Verbose: 0 : 3048, 8, 2022/06/19, 00:55:09.713, 18615132350, datacollector.dll, MulticastDelegateUtilities.SafeInvoke: DataCollectionEvents.TestCaseEnd: Invoking callback 1/1 for Microsoft.TestPlatform.Extensions.BlameDataCollector.BlameCollector.EventsTestCaseEnd, took 0 ms.
TpTrace Information: 0 : 3048, 8, 2022/06/19, 00:55:09.713, 18615133041, datacollector.dll, DataCollectionTestCaseEventHandler: Test case 'MyPortfolioTest.SeederTest.ReadToJsonTest(id: 3, imageUrl: "../img / portfolio / GPACalculator.png", projectLink: "github.com/week3") - 185131a6-faa8-a295-5ae7-c1efb4e627c3' completed
TpTrace Information: 0 : 3048, 8, 2022/06/19, 00:55:09.713, 18615137656, datacollector.dll, DataCollectionTestCaseEventHandler: Test case starting.
TpTrace Information: 0 : 3048, 8, 2022/06/19, 00:55:09.714, 18615139299, datacollector.dll, Blame Collector : Test Case Start
TpTrace Verbose: 0 : 3048, 8, 2022/06/19, 00:55:09.714, 18615139726, datacollector.dll, MulticastDelegateUtilities.SafeInvoke: DataCollectionEvents.TestCaseStart: Invoking callback 1/1 for Microsoft.TestPlatform.Extensions.BlameDataCollector.BlameCollector.EventsTestCaseStart, took 0 ms.
TpTrace Information: 0 : 3048, 8, 2022/06/19, 00:55:09.714, 18615140398, datacollector.dll, DataCollectionTestCaseEventHandler: Test case 'MyPortfolioTest.SeederTest.ReadToJsonTest(id: 1, imageUrl: "../img / portfolio / GPACalculator.png", projectLink: "github.com/week1") - 6f977e68-c8e4-74d8-41d3-2ab3078ca208' started.
TpTrace Information: 0 : 3048, 8, 2022/06/19, 00:55:09.715, 18615149858, datacollector.dll, DataCollectionTestCaseEventHandler: Test case completing.
TpTrace Information: 0 : 3048, 8, 2022/06/19, 00:55:09.715, 18615152917, datacollector.dll, Blame Collector: Test Case End
TpTrace Verbose: 0 : 3048, 8, 2022/06/19, 00:55:09.715, 18615153500, datacollector.dll, MulticastDelegateUtilities.SafeInvoke: DataCollectionEvents.TestCaseEnd: Invoking callback 1/1 for Microsoft.TestPlatform.Extensions.BlameDataCollector.BlameCollector.EventsTestCaseEnd, took 0 ms.
TpTrace Information: 0 : 3048, 8, 2022/06/19, 00:55:09.715, 18615154623, datacollector.dll, DataCollectionTestCaseEventHandler: Test case 'MyPortfolioTest.SeederTest.ReadToJsonTest(id: 1, imageUrl: "../img / portfolio / GPACalculator.png", projectLink: "github.com/week1") - 6f977e68-c8e4-74d8-41d3-2ab3078ca208' completed
TpTrace Information: 0 : 3048, 8, 2022/06/19, 00:55:09.716, 18615164819, datacollector.dll, DataCollectionTestCaseEventHandler: Test case starting.
TpTrace Information: 0 : 3048, 8, 2022/06/19, 00:55:09.717, 18615168398, datacollector.dll, Blame Collector : Test Case Start
TpTrace Verbose: 0 : 3048, 8, 2022/06/19, 00:55:09.717, 18615168958, datacollector.dll, MulticastDelegateUtilities.SafeInvoke: DataCollectionEvents.TestCaseStart: Invoking callback 1/1 for Microsoft.TestPlatform.Extensions.BlameDataCollector.BlameCollector.EventsTestCaseStart, took 0 ms.
TpTrace Information: 0 : 3048, 8, 2022/06/19, 00:55:09.717, 18615169828, datacollector.dll, DataCollectionTestCaseEventHandler: Test case 'MyPortfolioTest.SeederTest.ReadToJsonTest(id: 2, imageUrl: "../img / portfolio / GPACalculator.png", projectLink: "github.com/week2") - 385d1872-a28a-c1dd-52fb-3781b112ce0f' started.
TpTrace Information: 0 : 3048, 8, 2022/06/19, 00:55:09.717, 18615177684, datacollector.dll, DataCollectionTestCaseEventHandler: Test case completing.
TpTrace Information: 0 : 3048, 8, 2022/06/19, 00:55:09.718, 18615181411, datacollector.dll, Blame Collector: Test Case End
TpTrace Verbose: 0 : 3048, 8, 2022/06/19, 00:55:09.718, 18615182265, datacollector.dll, MulticastDelegateUtilities.SafeInvoke: DataCollectionEvents.TestCaseEnd: Invoking callback 1/1 for Microsoft.TestPlatform.Extensions.BlameDataCollector.BlameCollector.EventsTestCaseEnd, took 0 ms.
TpTrace Information: 0 : 3048, 8, 2022/06/19, 00:55:09.718, 18615183295, datacollector.dll, DataCollectionTestCaseEventHandler: Test case 'MyPortfolioTest.SeederTest.ReadToJsonTest(id: 2, imageUrl: "../img / portfolio / GPACalculator.png", projectLink: "github.com/week2") - 385d1872-a28a-c1dd-52fb-3781b112ce0f' completed
TpTrace Information: 0 : 3048, 8, 2022/06/19, 00:55:09.728, 18615287224, datacollector.dll, DataCollectionTestCaseEventHandler: Test session ended
TpTrace Information: 0 : 3048, 1, 2022/06/19, 00:55:09.838, 18616387253, datacollector.dll, DataCollectionRequestHandler.ProcessRequests: Datacollector received message: (DataCollection.AfterTestRunEnd) -> false
TpTrace Information: 0 : 3048, 1, 2022/06/19, 00:55:09.839, 18616393058, datacollector.dll, Blame Collector: Session End
TpTrace Information: 0 : 3048, 1, 2022/06/19, 00:55:09.839, 18616393484, datacollector.dll, BlameCollector.CollectDumpAndAbortTesthost: Custom path to dump directory was provided via VSTEST_DUMP_PATH. Skipping attachment upload, the caller is responsible for collecting and uploading the dumps themselves.
TpTrace Verbose: 0 : 3048, 1, 2022/06/19, 00:55:09.839, 18616394028, datacollector.dll, MulticastDelegateUtilities.SafeInvoke: DataCollectionEvents.SessionEnd: Invoking callback 1/1 for Microsoft.TestPlatform.Extensions.BlameDataCollector.BlameCollector.SessionEndedHandler, took 0 ms.
TpTrace Information: 0 : 3048, 1, 2022/06/19, 00:55:09.840, 18616398492, datacollector.dll, DataCollectionManager.CleanupPlugins: CleanupPlugins called
TpTrace Verbose: 0 : 3048, 1, 2022/06/19, 00:55:09.840, 18616398961, datacollector.dll, DataCollectionManager.CleanupPlugins: Cleaning up 1 plugins
TpTrace Verbose: 0 : 3048, 1, 2022/06/19, 00:55:09.840, 18616399537, datacollector.dll, dataCollectorInfo.DisposeDataCollector: calling Dispose() on Microsoft.TestPlatform.Extensions.BlameDataCollector.BlameCollector
TpTrace Information: 0 : 3048, 1, 2022/06/19, 00:55:09.840, 18616399973, datacollector.dll, DataCollectionManager.CleanupPlugins: CleanupPlugins finished
TpTrace Information: 0 : 3048, 1, 2022/06/19, 00:55:09.844, 18616439244, datacollector.dll, DataCollectionRequestHandler.ProcessRequests : Session End message received from server. Closing the connection.
TpTrace Information: 0 : 3048, 1, 2022/06/19, 00:55:09.844, 18616440421, datacollector.dll, Closing the connection !
TpTrace Information: 0 : 3048, 1, 2022/06/19, 00:55:09.844, 18616440725, datacollector.dll, DataCollectionRequestHandler.ProcessRequests : DataCollection completed
TpTrace Information: 0 : 3048, 1, 2022/06/19, 00:55:09.844, 18616440907, datacollector.dll, Program.Main: exiting datacollector process.
