TpTrace Verbose: 0 : 40604, 1, 2022/06/16, 21:55:09.167, 1134661183695, testhost.dll, Version: 16.9.4
TpTrace Information: 0 : 40604, 1, 2022/06/16, 21:55:09.174, 1134661241445, testhost.dll, DefaultEngineInvoker.Invoke: Testhost process started with args :[--port, 12684],[--endpoint, 127.0.0.1:012684],[--role, client],[--parentprocessid, 6116],[--diag, C:\Users\Decagon\source\repos\Portfolio_DM\MyPortfolioest\bin\Debug\net5.0\fine-code-coverage\coverage-tool-output\diagnostics.host.22-06-16_21-55-08_99068_5.log],[--tracelevel, 4],[--datacollectionport, 12683],[--telemetryoptedin, false]
TpTrace Information: 0 : 40604, 1, 2022/06/16, 21:55:09.175, 1134661258107, testhost.dll, Setting up debug trace listener.
TpTrace Verbose: 0 : 40604, 1, 2022/06/16, 21:55:09.176, 1134661261531, testhost.dll, TestPlatformTraceListener.Setup: Replacing listener 0 with TestHostTraceListener.
TpTrace Verbose: 0 : 40604, 1, 2022/06/16, 21:55:09.176, 1134661262252, testhost.dll, TestPlatformTraceListener.Setup: Added test platform trace listener.
TpTrace Information: 0 : 40604, 1, 2022/06/16, 21:55:09.176, 1134661269567, testhost.dll, DefaultEngineInvoker.SetParentProcessExitCallback: Monitoring parent process with id: '6116'
TpTrace Information: 0 : 40604, 1, 2022/06/16, 21:55:09.187, 1134661370762, testhost.dll, DefaultEngineInvoker.GetConnectionInfo: Initialize communication on endpoint address: '127.0.0.1:012684'
TpTrace Information: 0 : 40604, 1, 2022/06/16, 21:55:09.208, 1134661580487, testhost.dll, SocketClient.Start: connecting to server endpoint: 127.0.0.1:012684
TpTrace Information: 0 : 40604, 1, 2022/06/16, 21:55:09.219, 1134661693527, testhost.dll, DefaultEngineInvoker.ConnectToDatacollector: Connecting to datacollector, port: 12683
TpTrace Information: 0 : 40604, 6, 2022/06/16, 21:55:09.221, 1134661713352, testhost.dll, SocketClient.OnServerConnected: connected to server endpoint: 127.0.0.1:012684
TpTrace Verbose: 0 : 40604, 6, 2022/06/16, 21:55:09.224, 1134661741210, testhost.dll, Connected to server, and starting MessageLoopAsync
TpTrace Information: 0 : 40604, 1, 2022/06/16, 21:55:09.224, 1134661744500, testhost.dll, Trying to connect to server on socket : 127.0.0.1:12683 
TpTrace Verbose: 0 : 40604, 1, 2022/06/16, 21:55:09.224, 1134661747436, testhost.dll, SocketCommunicationManager : SetupClientAsync : Attempting to connect to the server.
TpTrace Information: 0 : 40604, 10, 2022/06/16, 21:55:09.227, 1134661772539, testhost.dll, Connected to the server successfully 
TpTrace Information: 0 : 40604, 10, 2022/06/16, 21:55:09.227, 1134661774510, testhost.dll, Using the buffer size of 16384 bytes
TpTrace Verbose: 0 : 40604, 6, 2022/06/16, 21:55:09.228, 1134661779775, testhost.dll, TcpClientExtensions.MessageLoopAsync: Polling on remoteEndPoint: [::ffff:127.0.0.1]:12684 localEndPoint: [::ffff:127.0.0.1]:12685
TpTrace Information: 0 : 40604, 1, 2022/06/16, 21:55:09.228, 1134661781689, testhost.dll, DefaultEngineInvoker.Invoke: Start Request Processing.
TpTrace Verbose: 0 : 40604, 6, 2022/06/16, 21:55:09.228, 1134661784296, testhost.dll, TcpClientExtensions.MessageLoopAsync: NotifyDataAvailable remoteEndPoint: [::ffff:127.0.0.1]:12684 localEndPoint: [::ffff:127.0.0.1]:12685
TpTrace Information: 0 : 40604, 11, 2022/06/16, 21:55:09.229, 1134661791069, testhost.dll, DefaultEngineInvoker.StartProcessingAsync: Connected to vstest.console, Starting process requests.
TpTrace Information: 0 : 40604, 6, 2022/06/16, 21:55:09.360, 1134663109573, testhost.dll, TestRequestHandler.ProcessRequests: received message: (ProtocolVersion) -> 6
TpTrace Verbose: 0 : 40604, 6, 2022/06/16, 21:55:09.409, 1134663592874, testhost.dll, TestRequestHandler.SendData:  sending data from testhost: {"Version":5,"MessageType":"TestSession.Message","Payload":{"MessageLevel":0,"Message":"Logging TestHost Diagnostics in file: C:\\Users\\Decagon\\source\\repos\\Portfolio_DM\\MyPortfolioest\\bin\\Debug\\net5.0\\fine-code-coverage\\coverage-tool-output\\diagnostics.host.22-06-16_21-55-08_99068_5.log"}}
TpTrace Verbose: 0 : 40604, 6, 2022/06/16, 21:55:09.409, 1134663594856, testhost.dll, TcpClientExtensions.MessageLoopAsync: Polling on remoteEndPoint: [::ffff:127.0.0.1]:12684 localEndPoint: [::ffff:127.0.0.1]:12685
TpTrace Verbose: 0 : 40604, 6, 2022/06/16, 21:55:09.409, 1134663595964, testhost.dll, TcpClientExtensions.MessageLoopAsync: NotifyDataAvailable remoteEndPoint: [::ffff:127.0.0.1]:12684 localEndPoint: [::ffff:127.0.0.1]:12685
TpTrace Information: 0 : 40604, 6, 2022/06/16, 21:55:09.416, 1134663669088, testhost.dll, TestRequestHandler.ProcessRequests: received message: (TestExecution.Initialize) -> [
  "C:\\Users\\Decagon\\source\\repos\\Portfolio_DM\\MyPortfolioest\\bin\\Debug\\net5.0\\fine-code-coverage\\build-output\\xunit.runner.visualstudio.dotnetcore.testadapter.dll"
]
TpTrace Information: 0 : 40604, 6, 2022/06/16, 21:55:09.417, 1134663670678, testhost.dll, Execution Session Initialize.
TpTrace Verbose: 0 : 40604, 6, 2022/06/16, 21:55:09.429, 1134663798454, testhost.dll, TcpClientExtensions.MessageLoopAsync: Polling on remoteEndPoint: [::ffff:127.0.0.1]:12684 localEndPoint: [::ffff:127.0.0.1]:12685
TpTrace Verbose: 0 : 40604, 6, 2022/06/16, 21:55:09.430, 1134663799760, testhost.dll, TcpClientExtensions.MessageLoopAsync: NotifyDataAvailable remoteEndPoint: [::ffff:127.0.0.1]:12684 localEndPoint: [::ffff:127.0.0.1]:12685
TpTrace Verbose: 0 : 40604, 4, 2022/06/16, 21:55:09.432, 1134663822296, testhost.dll, TestExecutorService: Loading the extensions
TpTrace Verbose: 0 : 40604, 4, 2022/06/16, 21:55:09.434, 1134663842029, testhost.dll, TestPluginCache.DiscoverTestExtensions: finding test extensions in assemblies ends with: TestAdapter.dll TPluginInfo: Microsoft.VisualStudio.TestPlatform.Common.ExtensionFramework.Utilities.TestExecutorPluginInformation TExtension: Microsoft.VisualStudio.TestPlatform.ObjectModel.Adapter.ITestExecutor
TpTrace Information: 0 : 40604, 6, 2022/06/16, 21:55:09.434, 1134663842654, testhost.dll, TestRequestHandler.ProcessRequests: received message: (TestExecution.StartWithSources) -> {
  "AdapterSourceMap": {
    "_none_": [
      "C:\\Users\\Decagon\\source\\repos\\Portfolio_DM\\MyPortfolioest\\bin\\Debug\\net5.0\\fine-code-coverage\\build-output\\MyPortfolioTest.dll"
    ]
  },
  "RunSettings": "<RunSettings>\r\n  <RunConfiguration>\r\n    <ResultsDirectory>C:\\Users\\Decagon\\source\\repos\\Portfolio_DM\\MyPortfolioest\\bin\\Debug\\net5.0\\fine-code-coverage\\coverage-tool-output</ResultsDirectory>\r\n    <TargetFrameworkVersion>.NETCoreApp,Version=v5.0</TargetFrameworkVersion>\r\n    <DesignMode>False</DesignMode>\r\n    <CollectSourceInformation>False</CollectSourceInformation>\r\n  </RunConfiguration>\r\n  <LoggerRunSettings>\r\n    <Loggers>\r\n      <Logger friendlyName=\"blame\" enabled=\"True\" />\r\n      <Logger friendlyName=\"Console\" uri=\"logger://microsoft/TestPlatform/ConsoleLogger/v1\" assemblyQualifiedName=\"Microsoft.VisualStudio.TestPlatform.CommandLine.Internal.ConsoleLogger, vstest.console, Version=15.0.0.0, Culture=neutral, PublicKeyToken=b03f5f7f11d50a3a\" codeBase=\"C:\\Program Files\\dotnet\\sdk\\6.0.300\\vstest.console.dll\" enabled=\"True\" />\r\n    </Loggers>\r\n  </LoggerRunSettings>\r\n  <DataCollectionRunSettings>\r\n    <DataCollectors>\r\n      <DataCollector friendlyName=\"blame\" enabled=\"True\">\r\n        <Configuration>\r\n          <ResultsDirectory>C:\\Users\\Decagon\\source\\repos\\Portfolio_DM\\MyPortfolioest\\bin\\Debug\\net5.0\\fine-code-coverage\\coverage-tool-output</ResultsDirectory>\r\n        </Configuration>\r\n      </DataCollector>\r\n    </DataCollectors>\r\n  </DataCollectionRunSettings>\r\n</RunSettings>",
  "TestExecutionContext": {
    "FrequencyOfRunStatsChangeEvent": 10,
    "RunStatsChangeEventTimeout": "00:00:01.5000000",
    "InIsolation": false,
    "KeepAlive": false,
    "AreTestCaseLevelEventsRequired": false,
    "IsDebug": false,
    "TestCaseFilter": null,
    "FilterOptions": null
  },
  "Package": null
}
TpTrace Information: 0 : 40604, 6, 2022/06/16, 21:55:09.434, 1134663845470, testhost.dll, Execution started.
TpTrace Verbose: 0 : 40604, 4, 2022/06/16, 21:55:09.435, 1134663856345, testhost.dll, TestPluginCache.GetExtensionPaths: Filtered extension paths: 
TpTrace Verbose: 0 : 40604, 4, 2022/06/16, 21:55:09.436, 1134663860577, testhost.dll, TestPluginCache.GetExtensionPaths: Added default extension paths: C:\Users\Decagon\source\repos\Portfolio_DM\MyPortfolioest\bin\Debug\net5.0\fine-code-coverage\build-output\xunit.runner.visualstudio.dotnetcore.testadapter.dll
TpTrace Verbose: 0 : 40604, 4, 2022/06/16, 21:55:09.436, 1134663861111, testhost.dll, TestPluginCache.GetExtensionPaths: Added unfilterableExtensionPaths: 
TpTrace Information: 0 : 40604, 4, 2022/06/16, 21:55:09.438, 1134663885124, testhost.dll, AssemblyResolver.ctor: Creating AssemblyResolver with searchDirectories C:\Users\Decagon\source\repos\Portfolio_DM\MyPortfolioest\bin\Debug\net5.0\fine-code-coverage\build-output
TpTrace Verbose: 0 : 40604, 4, 2022/06/16, 21:55:09.440, 1134663903700, testhost.dll, TestPluginCache.DiscoverTestExtensions: Discovering the extensions using extension path.
TpTrace Verbose: 0 : 40604, 4, 2022/06/16, 21:55:09.440, 1134663906636, testhost.dll, TestPluginCache.GetExtensionPaths: Filtered extension paths: 
TpTrace Verbose: 0 : 40604, 4, 2022/06/16, 21:55:09.440, 1134663907375, testhost.dll, TestPluginCache.GetExtensionPaths: Added default extension paths: C:\Users\Decagon\source\repos\Portfolio_DM\MyPortfolioest\bin\Debug\net5.0\fine-code-coverage\build-output\xunit.runner.visualstudio.dotnetcore.testadapter.dll
TpTrace Verbose: 0 : 40604, 4, 2022/06/16, 21:55:09.440, 1134663907870, testhost.dll, TestPluginCache.GetExtensionPaths: Added unfilterableExtensionPaths: 
TpTrace Verbose: 0 : 40604, 4, 2022/06/16, 21:55:09.440, 1134663908808, testhost.dll, TestPluginCache.DiscoverTestExtensions: Discovering the extensions using allExtensionPaths: C:\Users\Decagon\source\repos\Portfolio_DM\MyPortfolioest\bin\Debug\net5.0\fine-code-coverage\build-output\xunit.runner.visualstudio.dotnetcore.testadapter.dll
TpTrace Information: 0 : 40604, 4, 2022/06/16, 21:55:09.442, 1134663923539, testhost.dll, AssemblyResolver.AddSearchDirectories: Adding more searchDirectories C:\Users\Decagon\source\repos\Portfolio_DM\MyPortfolioest\bin\Debug\net5.0\fine-code-coverage\build-output
TpTrace Information: 0 : 40604, 4, 2022/06/16, 21:55:09.449, 1134663992565, testhost.dll, AssemblyResolver.OnResolve: xunit.runner.visualstudio.dotnetcore.testadapter: Resolving assembly.
TpTrace Information: 0 : 40604, 4, 2022/06/16, 21:55:09.451, 1134664015555, testhost.dll, AssemblyResolver.OnResolve: Resolved assembly: xunit.runner.visualstudio.dotnetcore.testadapter, from path: C:\Users\Decagon\source\repos\Portfolio_DM\MyPortfolioest\bin\Debug\net5.0\fine-code-coverage\build-output\xunit.runner.visualstudio.dotnetcore.testadapter.dll
TpTrace Information: 0 : 40604, 4, 2022/06/16, 21:55:09.456, 1134664063633, testhost.dll, AssemblyResolver.OnResolve: xunit.runner.utility.netcoreapp10: Resolving assembly.
TpTrace Information: 0 : 40604, 4, 2022/06/16, 21:55:09.457, 1134664071739, testhost.dll, AssemblyResolver.OnResolve: Resolved assembly: xunit.runner.utility.netcoreapp10, from path: C:\Users\Decagon\source\repos\Portfolio_DM\MyPortfolioest\bin\Debug\net5.0\fine-code-coverage\build-output\xunit.runner.utility.netcoreapp10.dll
TpTrace Verbose: 0 : 40604, 4, 2022/06/16, 21:55:09.463, 1134664138357, testhost.dll, TestPluginCache: Discovered the extensions using extension path ''.
TpTrace Verbose: 0 : 40604, 4, 2022/06/16, 21:55:09.464, 1134664143932, testhost.dll, TestPluginCache: Discoverers are ''.
TpTrace Verbose: 0 : 40604, 4, 2022/06/16, 21:55:09.464, 1134664144801, testhost.dll, TestPluginCache: Executors are 'executor://xunit/VsTestRunner2/netcoreapp'.
TpTrace Verbose: 0 : 40604, 4, 2022/06/16, 21:55:09.464, 1134664145568, testhost.dll, TestPluginCache: Executors2 are ''.
TpTrace Verbose: 0 : 40604, 4, 2022/06/16, 21:55:09.464, 1134664146276, testhost.dll, TestPluginCache: Setting providers are ''.
TpTrace Verbose: 0 : 40604, 4, 2022/06/16, 21:55:09.464, 1134664146978, testhost.dll, TestPluginCache: Loggers are ''.
TpTrace Verbose: 0 : 40604, 6, 2022/06/16, 21:55:09.467, 1134664173418, testhost.dll, TcpClientExtensions.MessageLoopAsync: Polling on remoteEndPoint: [::ffff:127.0.0.1]:12684 localEndPoint: [::ffff:127.0.0.1]:12685
TpTrace Verbose: 0 : 40604, 4, 2022/06/16, 21:55:09.469, 1134664190953, testhost.dll, TestPluginCache.DiscoverTestExtensions: finding test extensions in assemblies ends with: TestAdapter.dll TPluginInfo: Microsoft.VisualStudio.TestPlatform.Common.ExtensionFramework.Utilities.TestExecutorPluginInformation2 TExtension: Microsoft.VisualStudio.TestPlatform.ObjectModel.Adapter.ITestExecutor2
TpTrace Verbose: 0 : 40604, 4, 2022/06/16, 21:55:09.469, 1134664194309, testhost.dll, TestPluginCache.GetExtensionPaths: Filtered extension paths: 
TpTrace Verbose: 0 : 40604, 4, 2022/06/16, 21:55:09.469, 1134664195102, testhost.dll, TestPluginCache.GetExtensionPaths: Added default extension paths: C:\Users\Decagon\source\repos\Portfolio_DM\MyPortfolioest\bin\Debug\net5.0\fine-code-coverage\build-output\xunit.runner.visualstudio.dotnetcore.testadapter.dll
TpTrace Verbose: 0 : 40604, 4, 2022/06/16, 21:55:09.469, 1134664195428, testhost.dll, TestPluginCache.GetExtensionPaths: Added unfilterableExtensionPaths: 
TpTrace Information: 0 : 40604, 4, 2022/06/16, 21:55:09.469, 1134664196920, testhost.dll, AssemblyResolver.AddSearchDirectories: Adding more searchDirectories C:\Users\Decagon\source\repos\Portfolio_DM\MyPortfolioest\bin\Debug\net5.0\fine-code-coverage\build-output
TpTrace Verbose: 0 : 40604, 4, 2022/06/16, 21:55:09.469, 1134664197521, testhost.dll, TestPluginCache.DiscoverTestExtensions: Discovering the extensions using extension path.
TpTrace Verbose: 0 : 40604, 4, 2022/06/16, 21:55:09.469, 1134664197852, testhost.dll, TestPluginCache.GetExtensionPaths: Filtered extension paths: 
TpTrace Verbose: 0 : 40604, 4, 2022/06/16, 21:55:09.469, 1134664198097, testhost.dll, TestPluginCache.GetExtensionPaths: Added default extension paths: C:\Users\Decagon\source\repos\Portfolio_DM\MyPortfolioest\bin\Debug\net5.0\fine-code-coverage\build-output\xunit.runner.visualstudio.dotnetcore.testadapter.dll
TpTrace Verbose: 0 : 40604, 4, 2022/06/16, 21:55:09.469, 1134664198334, testhost.dll, TestPluginCache.GetExtensionPaths: Added unfilterableExtensionPaths: 
TpTrace Verbose: 0 : 40604, 4, 2022/06/16, 21:55:09.469, 1134664198591, testhost.dll, TestPluginCache.DiscoverTestExtensions: Discovering the extensions using allExtensionPaths: C:\Users\Decagon\source\repos\Portfolio_DM\MyPortfolioest\bin\Debug\net5.0\fine-code-coverage\build-output\xunit.runner.visualstudio.dotnetcore.testadapter.dll
TpTrace Information: 0 : 40604, 4, 2022/06/16, 21:55:09.469, 1134664198994, testhost.dll, AssemblyResolver.AddSearchDirectories: Adding more searchDirectories C:\Users\Decagon\source\repos\Portfolio_DM\MyPortfolioest\bin\Debug\net5.0\fine-code-coverage\build-output
TpTrace Verbose: 0 : 40604, 4, 2022/06/16, 21:55:09.470, 1134664201827, testhost.dll, TestPluginCache: Discovered the extensions using extension path ''.
TpTrace Verbose: 0 : 40604, 4, 2022/06/16, 21:55:09.470, 1134664202321, testhost.dll, TestPluginCache: Discoverers are ''.
TpTrace Verbose: 0 : 40604, 4, 2022/06/16, 21:55:09.470, 1134664202654, testhost.dll, TestPluginCache: Executors are 'executor://xunit/VsTestRunner2/netcoreapp'.
TpTrace Verbose: 0 : 40604, 4, 2022/06/16, 21:55:09.470, 1134664203203, testhost.dll, TestPluginCache: Executors2 are ''.
TpTrace Verbose: 0 : 40604, 4, 2022/06/16, 21:55:09.470, 1134664203481, testhost.dll, TestPluginCache: Setting providers are ''.
TpTrace Verbose: 0 : 40604, 4, 2022/06/16, 21:55:09.470, 1134664203706, testhost.dll, TestPluginCache: Loggers are ''.
TpTrace Information: 0 : 40604, 4, 2022/06/16, 21:55:09.475, 1134664255547, testhost.dll, TestPluginManager.CreateTestExtension: Attempting to load test extension: Xunit.Runner.VisualStudio.VsTestRunner
TpTrace Verbose: 0 : 40604, 4, 2022/06/16, 21:55:09.475, 1134664256909, testhost.dll, TestExecutorExtensionManager: Loading executor Xunit.Runner.VisualStudio.VsTestRunner
TpTrace Verbose: 0 : 40604, 4, 2022/06/16, 21:55:09.475, 1134664258182, testhost.dll, TestExecutorService: Loaded the executors
TpTrace Verbose: 0 : 40604, 4, 2022/06/16, 21:55:09.476, 1134664266261, testhost.dll, TestPluginCache.DiscoverTestExtensions: finding test extensions in assemblies ends with: TestAdapter.dll TPluginInfo: Microsoft.VisualStudio.TestPlatform.Common.ExtensionFramework.Utilities.TestSettingsProviderPluginInformation TExtension: Microsoft.VisualStudio.TestPlatform.ObjectModel.Adapter.ISettingsProvider
TpTrace Verbose: 0 : 40604, 4, 2022/06/16, 21:55:09.476, 1134664266984, testhost.dll, TestPluginCache.GetExtensionPaths: Filtered extension paths: 
TpTrace Verbose: 0 : 40604, 4, 2022/06/16, 21:55:09.476, 1134664267540, testhost.dll, TestPluginCache.GetExtensionPaths: Added default extension paths: C:\Users\Decagon\source\repos\Portfolio_DM\MyPortfolioest\bin\Debug\net5.0\fine-code-coverage\build-output\xunit.runner.visualstudio.dotnetcore.testadapter.dll
TpTrace Verbose: 0 : 40604, 4, 2022/06/16, 21:55:09.476, 1134664267716, testhost.dll, TestPluginCache.GetExtensionPaths: Added unfilterableExtensionPaths: 
TpTrace Information: 0 : 40604, 4, 2022/06/16, 21:55:09.476, 1134664268457, testhost.dll, AssemblyResolver.AddSearchDirectories: Adding more searchDirectories C:\Users\Decagon\source\repos\Portfolio_DM\MyPortfolioest\bin\Debug\net5.0\fine-code-coverage\build-output
TpTrace Verbose: 0 : 40604, 4, 2022/06/16, 21:55:09.476, 1134664268729, testhost.dll, TestPluginCache.DiscoverTestExtensions: Discovering the extensions using extension path.
TpTrace Verbose: 0 : 40604, 4, 2022/06/16, 21:55:09.476, 1134664268909, testhost.dll, TestPluginCache.GetExtensionPaths: Filtered extension paths: 
TpTrace Verbose: 0 : 40604, 4, 2022/06/16, 21:55:09.476, 1134664269064, testhost.dll, TestPluginCache.GetExtensionPaths: Added default extension paths: C:\Users\Decagon\source\repos\Portfolio_DM\MyPortfolioest\bin\Debug\net5.0\fine-code-coverage\build-output\xunit.runner.visualstudio.dotnetcore.testadapter.dll
TpTrace Verbose: 0 : 40604, 4, 2022/06/16, 21:55:09.476, 1134664269261, testhost.dll, TestPluginCache.GetExtensionPaths: Added unfilterableExtensionPaths: 
TpTrace Verbose: 0 : 40604, 4, 2022/06/16, 21:55:09.476, 1134664269432, testhost.dll, TestPluginCache.DiscoverTestExtensions: Discovering the extensions using allExtensionPaths: C:\Users\Decagon\source\repos\Portfolio_DM\MyPortfolioest\bin\Debug\net5.0\fine-code-coverage\build-output\xunit.runner.visualstudio.dotnetcore.testadapter.dll
TpTrace Information: 0 : 40604, 4, 2022/06/16, 21:55:09.477, 1134664269669, testhost.dll, AssemblyResolver.AddSearchDirectories: Adding more searchDirectories C:\Users\Decagon\source\repos\Portfolio_DM\MyPortfolioest\bin\Debug\net5.0\fine-code-coverage\build-output
TpTrace Verbose: 0 : 40604, 4, 2022/06/16, 21:55:09.477, 1134664271578, testhost.dll, TestPluginCache: Discovered the extensions using extension path ''.
TpTrace Verbose: 0 : 40604, 4, 2022/06/16, 21:55:09.477, 1134664271877, testhost.dll, TestPluginCache: Discoverers are ''.
TpTrace Verbose: 0 : 40604, 4, 2022/06/16, 21:55:09.477, 1134664272054, testhost.dll, TestPluginCache: Executors are 'executor://xunit/VsTestRunner2/netcoreapp'.
TpTrace Verbose: 0 : 40604, 4, 2022/06/16, 21:55:09.477, 1134664272252, testhost.dll, TestPluginCache: Executors2 are ''.
TpTrace Verbose: 0 : 40604, 4, 2022/06/16, 21:55:09.477, 1134664272472, testhost.dll, TestPluginCache: Setting providers are ''.
TpTrace Verbose: 0 : 40604, 4, 2022/06/16, 21:55:09.477, 1134664272635, testhost.dll, TestPluginCache: Loggers are ''.
TpTrace Verbose: 0 : 40604, 4, 2022/06/16, 21:55:09.478, 1134664280109, testhost.dll, TestExecutorService: Loaded the settings providers
TpTrace Information: 0 : 40604, 4, 2022/06/16, 21:55:09.478, 1134664280486, testhost.dll, TestExecutorService: Loaded the extensions
TpTrace Information: 0 : 40604, 4, 2022/06/16, 21:55:09.552, 1134665023081, testhost.dll, TestDiscoveryManager: Discovering tests from sources C:\Users\Decagon\source\repos\Portfolio_DM\MyPortfolioest\bin\Debug\net5.0\fine-code-coverage\build-output\MyPortfolioTest.dll
TpTrace Verbose: 0 : 40604, 4, 2022/06/16, 21:55:09.554, 1134665043805, testhost.dll, TestPluginCache.DiscoverTestExtensions: finding test extensions in assemblies ends with: TestAdapter.dll TPluginInfo: Microsoft.VisualStudio.TestPlatform.Common.ExtensionFramework.Utilities.TestDiscovererPluginInformation TExtension: Microsoft.VisualStudio.TestPlatform.ObjectModel.Adapter.ITestDiscoverer
TpTrace Verbose: 0 : 40604, 4, 2022/06/16, 21:55:09.554, 1134665044809, testhost.dll, TestPluginCache.GetExtensionPaths: Filtered extension paths: 
TpTrace Verbose: 0 : 40604, 4, 2022/06/16, 21:55:09.554, 1134665045139, testhost.dll, TestPluginCache.GetExtensionPaths: Added default extension paths: C:\Users\Decagon\source\repos\Portfolio_DM\MyPortfolioest\bin\Debug\net5.0\fine-code-coverage\build-output\xunit.runner.visualstudio.dotnetcore.testadapter.dll
TpTrace Verbose: 0 : 40604, 4, 2022/06/16, 21:55:09.554, 1134665045341, testhost.dll, TestPluginCache.GetExtensionPaths: Added unfilterableExtensionPaths: 
TpTrace Information: 0 : 40604, 4, 2022/06/16, 21:55:09.554, 1134665046247, testhost.dll, AssemblyResolver.AddSearchDirectories: Adding more searchDirectories C:\Users\Decagon\source\repos\Portfolio_DM\MyPortfolioest\bin\Debug\net5.0\fine-code-coverage\build-output
TpTrace Verbose: 0 : 40604, 4, 2022/06/16, 21:55:09.554, 1134665046606, testhost.dll, TestPluginCache.DiscoverTestExtensions: Discovering the extensions using extension path.
TpTrace Verbose: 0 : 40604, 4, 2022/06/16, 21:55:09.554, 1134665046825, testhost.dll, TestPluginCache.GetExtensionPaths: Filtered extension paths: 
TpTrace Verbose: 0 : 40604, 4, 2022/06/16, 21:55:09.554, 1134665047041, testhost.dll, TestPluginCache.GetExtensionPaths: Added default extension paths: C:\Users\Decagon\source\repos\Portfolio_DM\MyPortfolioest\bin\Debug\net5.0\fine-code-coverage\build-output\xunit.runner.visualstudio.dotnetcore.testadapter.dll
TpTrace Verbose: 0 : 40604, 4, 2022/06/16, 21:55:09.554, 1134665047225, testhost.dll, TestPluginCache.GetExtensionPaths: Added unfilterableExtensionPaths: 
TpTrace Verbose: 0 : 40604, 4, 2022/06/16, 21:55:09.554, 1134665047422, testhost.dll, TestPluginCache.DiscoverTestExtensions: Discovering the extensions using allExtensionPaths: C:\Users\Decagon\source\repos\Portfolio_DM\MyPortfolioest\bin\Debug\net5.0\fine-code-coverage\build-output\xunit.runner.visualstudio.dotnetcore.testadapter.dll
TpTrace Information: 0 : 40604, 4, 2022/06/16, 21:55:09.554, 1134665047709, testhost.dll, AssemblyResolver.AddSearchDirectories: Adding more searchDirectories C:\Users\Decagon\source\repos\Portfolio_DM\MyPortfolioest\bin\Debug\net5.0\fine-code-coverage\build-output
TpTrace Verbose: 0 : 40604, 4, 2022/06/16, 21:55:09.557, 1134665070936, testhost.dll, TestPluginCache: Discovered the extensions using extension path ''.
TpTrace Verbose: 0 : 40604, 4, 2022/06/16, 21:55:09.557, 1134665071764, testhost.dll, TestPluginCache: Discoverers are 'Xunit.Runner.VisualStudio.VsTestRunner, xunit.runner.visualstudio.dotnetcore.testadapter, Version=2.4.0.0, Culture=neutral, PublicKeyToken=8d05b1bb7a6fdb6c'.
TpTrace Verbose: 0 : 40604, 4, 2022/06/16, 21:55:09.557, 1134665072973, testhost.dll, TestPluginCache: Executors are 'executor://xunit/VsTestRunner2/netcoreapp'.
TpTrace Verbose: 0 : 40604, 4, 2022/06/16, 21:55:09.557, 1134665074061, testhost.dll, TestPluginCache: Executors2 are ''.
TpTrace Verbose: 0 : 40604, 4, 2022/06/16, 21:55:09.557, 1134665074241, testhost.dll, TestPluginCache: Setting providers are ''.
TpTrace Verbose: 0 : 40604, 4, 2022/06/16, 21:55:09.557, 1134665074420, testhost.dll, TestPluginCache: Loggers are ''.
TpTrace Information: 0 : 40604, 4, 2022/06/16, 21:55:09.566, 1134665163148, testhost.dll, PEReaderHelper.GetAssemblyType: Determined assemblyType:'Managed' for source: 'C:\Users\Decagon\source\repos\Portfolio_DM\MyPortfolioest\bin\Debug\net5.0\fine-code-coverage\build-output\MyPortfolioTest.dll'
TpTrace Verbose: 0 : 40604, 4, 2022/06/16, 21:55:09.572, 1134665222130, testhost.dll, BaseRunTests.RunTestInternalWithExecutors: Running tests for executor://xunit/VsTestRunner2/netcoreapp
TpTrace Information: 0 : 40604, 4, 2022/06/16, 21:55:09.583, 1134665338287, testhost.dll, [xUnit.net 00:00:00.00] xUnit.net VSTest Adapter v2.4.3+1b45f5407b (64-bit .NET 5.0.17)
TpTrace Verbose: 0 : 40604, 4, 2022/06/16, 21:55:09.584, 1134665340343, testhost.dll, TestRequestHandler.SendData:  sending data from testhost: {"Version":5,"MessageType":"TestSession.Message","Payload":{"MessageLevel":0,"Message":"[xUnit.net 00:00:00.00] xUnit.net VSTest Adapter v2.4.3+1b45f5407b (64-bit .NET 5.0.17)"}}
TpTrace Information: 0 : 40604, 4, 2022/06/16, 21:55:10.116, 1134670664741, testhost.dll, AssemblyResolver.OnResolve: MyPortfolio.Views: Resolving assembly.
TpTrace Information: 0 : 40604, 4, 2022/06/16, 21:55:10.117, 1134670672414, testhost.dll, AssemblyResolver.OnResolve: Resolved assembly: MyPortfolio.Views, from path: C:\Users\Decagon\source\repos\Portfolio_DM\MyPortfolioest\bin\Debug\net5.0\fine-code-coverage\build-output\MyPortfolio.Views.dll
TpTrace Information: 0 : 40604, 4, 2022/06/16, 21:55:10.118, 1134670688256, testhost.dll, AssemblyResolver.OnResolve: xunit.runner.reporters.netcoreapp10: Resolving assembly.
TpTrace Information: 0 : 40604, 4, 2022/06/16, 21:55:10.119, 1134670694385, testhost.dll, AssemblyResolver.OnResolve: Resolved assembly: xunit.runner.reporters.netcoreapp10, from path: C:\Users\Decagon\source\repos\Portfolio_DM\MyPortfolioest\bin\Debug\net5.0\fine-code-coverage\build-output\xunit.runner.reporters.netcoreapp10.dll
TpTrace Information: 0 : 40604, 4, 2022/06/16, 21:55:10.189, 1134671389931, testhost.dll, [xUnit.net 00:00:00.61]   Discovering: MyPortfolioTest
TpTrace Verbose: 0 : 40604, 4, 2022/06/16, 21:55:10.189, 1134671391971, testhost.dll, TestRequestHandler.SendData:  sending data from testhost: {"Version":5,"MessageType":"TestSession.Message","Payload":{"MessageLevel":0,"Message":"[xUnit.net 00:00:00.61]   Discovering: MyPortfolioTest"}}
TpTrace Information: 0 : 40604, 4, 2022/06/16, 21:55:10.242, 1134671923015, testhost.dll, [xUnit.net 00:00:00.66]   Discovered:  MyPortfolioTest
TpTrace Verbose: 0 : 40604, 4, 2022/06/16, 21:55:10.242, 1134671924369, testhost.dll, TestRequestHandler.SendData:  sending data from testhost: {"Version":5,"MessageType":"TestSession.Message","Payload":{"MessageLevel":0,"Message":"[xUnit.net 00:00:00.66]   Discovered:  MyPortfolioTest"}}
TpTrace Information: 0 : 40604, 4, 2022/06/16, 21:55:10.245, 1134671952613, testhost.dll, [xUnit.net 00:00:00.67]   Starting:    MyPortfolioTest
TpTrace Verbose: 0 : 40604, 4, 2022/06/16, 21:55:10.245, 1134671954283, testhost.dll, TestRequestHandler.SendData:  sending data from testhost: {"Version":5,"MessageType":"TestSession.Message","Payload":{"MessageLevel":0,"Message":"[xUnit.net 00:00:00.67]   Starting:    MyPortfolioTest"}}
TpTrace Verbose: 0 : 40604, 14, 2022/06/16, 21:55:10.297, 1134672474236, testhost.dll, TestExecutionRecorder.RecordStart: Starting test: MyPortfolioTest.SeederTest.WriteToJsonTest.
TpTrace Verbose: 0 : 40604, 14, 2022/06/16, 21:55:10.444, 1134673947561, testhost.dll, TestExecutionRecorder.RecordResult: Received result for test: MyPortfolioTest.SeederTest.WriteToJsonTest.
TpTrace Verbose: 0 : 40604, 6, 2022/06/16, 21:55:10.470, 1134674205245, testhost.dll, TcpClientExtensions.MessageLoopAsync: Polling on remoteEndPoint: [::ffff:127.0.0.1]:12684 localEndPoint: [::ffff:127.0.0.1]:12685
TpTrace Verbose: 0 : 40604, 14, 2022/06/16, 21:55:10.474, 1134674248988, testhost.dll, TestExecutionRecorder.RecordEnd: test: MyPortfolioTest.SeederTest.WriteToJsonTest execution completed.
TpTrace Warning: 0 : 40604, 14, 2022/06/16, 21:55:10.475, 1134674250638, testhost.dll, TestRunCache: InProgressTests is null
TpTrace Verbose: 0 : 40604, 14, 2022/06/16, 21:55:10.475, 1134674251461, testhost.dll, TestExecutionRecorder.RecordStart: Starting test: MyPortfolioTest.SeederTest.WriteToJsonTest.
TpTrace Verbose: 0 : 40604, 14, 2022/06/16, 21:55:10.476, 1134674268363, testhost.dll, TestExecutionRecorder.RecordResult: Received result for test: MyPortfolioTest.SeederTest.WriteToJsonTest.
TpTrace Verbose: 0 : 40604, 14, 2022/06/16, 21:55:10.478, 1134674283164, testhost.dll, TestExecutionRecorder.RecordEnd: test: MyPortfolioTest.SeederTest.WriteToJsonTest execution completed.
TpTrace Warning: 0 : 40604, 14, 2022/06/16, 21:55:10.478, 1134674284064, testhost.dll, TestRunCache: InProgressTests is null
TpTrace Verbose: 0 : 40604, 14, 2022/06/16, 21:55:10.478, 1134674284766, testhost.dll, TestExecutionRecorder.RecordStart: Starting test: MyPortfolioTest.SeederTest.WriteToJsonTest.
TpTrace Verbose: 0 : 40604, 14, 2022/06/16, 21:55:10.479, 1134674295287, testhost.dll, TestExecutionRecorder.RecordResult: Received result for test: MyPortfolioTest.SeederTest.WriteToJsonTest.
TpTrace Verbose: 0 : 40604, 14, 2022/06/16, 21:55:10.480, 1134674307580, testhost.dll, TestExecutionRecorder.RecordEnd: test: MyPortfolioTest.SeederTest.WriteToJsonTest execution completed.
TpTrace Warning: 0 : 40604, 14, 2022/06/16, 21:55:10.480, 1134674308428, testhost.dll, TestRunCache: InProgressTests is null
TpTrace Information: 0 : 40604, 4, 2022/06/16, 21:55:10.482, 1134674327074, testhost.dll, [xUnit.net 00:00:00.90]   Finished:    MyPortfolioTest
TpTrace Verbose: 0 : 40604, 4, 2022/06/16, 21:55:10.482, 1134674329069, testhost.dll, TestRequestHandler.SendData:  sending data from testhost: {"Version":5,"MessageType":"TestSession.Message","Payload":{"MessageLevel":0,"Message":"[xUnit.net 00:00:00.90]   Finished:    MyPortfolioTest"}}
TpTrace Verbose: 0 : 40604, 4, 2022/06/16, 21:55:10.488, 1134674385945, testhost.dll, BaseRunTests.RunTestInternalWithExecutors: Completed running tests for executor://xunit/VsTestRunner2/netcoreapp
TpTrace Information: 0 : 40604, 4, 2022/06/16, 21:55:10.492, 1134674419945, testhost.dll, Sending test run complete
TpTrace Verbose: 0 : 40604, 4, 2022/06/16, 21:55:10.526, 1134674768988, testhost.dll, TestRequestHandler.SendData:  sending data from testhost: {"Version":5,"MessageType":"TestExecution.Completed","Payload":{"TestRunCompleteArgs":{"TestRunStatistics":{"ExecutedTests":3,"Stats":{"Passed":3}},"IsCanceled":false,"IsAborted":false,"Error":null,"AttachmentSets":[],"ElapsedTimeInRunningTests":"00:00:00.9206550","Metrics":{}},"LastRunTests":{"NewTestResults":[{"TestCase":{"Id":"c37a4a35-a1e5-bd90-9e98-dca42a1239bd","FullyQualifiedName":"MyPortfolioTest.SeederTest.WriteToJsonTest","DisplayName":"MyPortfolioTest.SeederTest.WriteToJsonTest(name: \"Bond\", email: \"Bond1@gmail.com\", subject: \"Grateful God\", message: \"Feeling vibe just now\")","ExecutorUri":"executor://xunit/VsTestRunner2/netcoreapp","Source":"C:\\Users\\Decagon\\source\\repos\\Portfolio_DM\\MyPortfolioest\\bin\\Debug\\net5.0\\fine-code-coverage\\build-output\\MyPortfolioTest.dll","CodeFilePath":null,"LineNumber":0,"Properties":[]},"Attachments":[],"Outcome":1,"ErrorMessage":null,"ErrorStackTrace":null,"DisplayName":"MyPortfolioTest.SeederTest.WriteToJsonTest(name: \"Bond\", email: \"Bond1@gmail.com\", subject: \"Grateful God\", message: \"Feeling vibe just now\")","Messages":[],"ComputerName":"LAPTOP-OKIKVU38","Duration":"00:00:00.1242897","StartTime":"2022-06-16T20:55:10.4442226+00:00","EndTime":"2022-06-16T20:55:10.4443198+00:00","Properties":[]},{"TestCase":{"Id":"56c57bd4-8f0b-ce0a-6604-0f77742a899c","FullyQualifiedName":"MyPortfolioTest.SeederTest.WriteToJsonTest","DisplayName":"MyPortfolioTest.SeederTest.WriteToJsonTest(name: \"Kunle\", email: \"favourblessing1@gmail.com\", subject: \"Good\", message: \"Awesome good God\")","ExecutorUri":"executor://xunit/VsTestRunner2/netcoreapp","Source":"C:\\Users\\Decagon\\source\\repos\\Portfolio_DM\\MyPortfolioest\\bin\\Debug\\net5.0\\fine-code-coverage\\build-output\\MyPortfolioTest.dll","CodeFilePath":null,"LineNumber":0,"Properties":[]},"Attachments":[],"Outcome":1,"ErrorMessage":null,"ErrorStackTrace":null,"DisplayName":"MyPortfolioTest.SeederTest.WriteToJsonTest(name: \"Kunle\", email: \"favourblessing1@gmail.com\", subject: \"Good\", message: \"Awesome good God\")","Messages":[],"ComputerName":"LAPTOP-OKIKVU38","Duration":"00:00:00.0016099","StartTime":"2022-06-16T20:55:10.476846+00:00","EndTime":"2022-06-16T20:55:10.4768479+00:00","Properties":[]},{"TestCase":{"Id":"488d7e6f-8cd3-43d3-d9e0-ad8dabf321ae","FullyQualifiedName":"MyPortfolioTest.SeederTest.WriteToJsonTest","DisplayName":"MyPortfolioTest.SeederTest.WriteToJsonTest(name: \"Favour\", email: \"favourblessing1@gmail.com\", subject: \"Doing Good\", message: \"Awesome good God\")","ExecutorUri":"executor://xunit/VsTestRunner2/netcoreapp","Source":"C:\\Users\\Decagon\\source\\repos\\Portfolio_DM\\MyPortfolioest\\bin\\Debug\\net5.0\\fine-code-coverage\\build-output\\MyPortfolioTest.dll","CodeFilePath":null,"LineNumber":0,"Properties":[]},"Attachments":[],"Outcome":1,"ErrorMessage":null,"ErrorStackTrace":null,"DisplayName":"MyPortfolioTest.SeederTest.WriteToJsonTest(name: \"Favour\", email: \"favourblessing1@gmail.com\", subject: \"Doing Good\", message: \"Awesome good God\")","Messages":[],"ComputerName":"LAPTOP-OKIKVU38","Duration":"00:00:00.0012019","StartTime":"2022-06-16T20:55:10.4795477+00:00","EndTime":"2022-06-16T20:55:10.4795498+00:00","Properties":[]}],"TestRunStatistics":{"ExecutedTests":3,"Stats":{"Passed":3}},"ActiveTests":[]},"RunAttachments":[],"ExecutorUris":["executor://xunit/VsTestRunner2/netcoreapp"]}}
TpTrace Verbose: 0 : 40604, 4, 2022/06/16, 21:55:10.527, 1134674772241, testhost.dll, BaseRunTests.RunTests: Run is complete.
TpTrace Verbose: 0 : 40604, 6, 2022/06/16, 21:55:10.528, 1134674788981, testhost.dll, TcpClientExtensions.MessageLoopAsync: NotifyDataAvailable remoteEndPoint: [::ffff:127.0.0.1]:12684 localEndPoint: [::ffff:127.0.0.1]:12685
TpTrace Information: 0 : 40604, 6, 2022/06/16, 21:55:10.529, 1134674791389, testhost.dll, TestRequestHandler.ProcessRequests: received message: (TestSession.Terminate) -> null
TpTrace Information: 0 : 40604, 6, 2022/06/16, 21:55:10.529, 1134674791827, testhost.dll, Session End message received from server. Closing the connection.
TpTrace Information: 0 : 40604, 6, 2022/06/16, 21:55:10.529, 1134674796937, testhost.dll, SocketClient.Stop: Stop communication from server endpoint: 127.0.0.1:012684
TpTrace Information: 0 : 40604, 6, 2022/06/16, 21:55:10.529, 1134674797700, testhost.dll, SocketClient: Stop: Cancellation requested. Stopping message loop.
TpTrace Verbose: 0 : 40604, 6, 2022/06/16, 21:55:10.529, 1134674798806, testhost.dll, LengthPrefixCommunicationChannel.Dispose: Dispose reader and writer.
TpTrace Information: 0 : 40604, 6, 2022/06/16, 21:55:10.529, 1134674799619, testhost.dll, Closing the connection !
TpTrace Information: 0 : 40604, 6, 2022/06/16, 21:55:10.530, 1134674801779, testhost.dll, SocketClient.PrivateStop: Stop communication from server endpoint: 127.0.0.1:012684, error:
TpTrace Information: 0 : 40604, 1, 2022/06/16, 21:55:10.530, 1134674804412, testhost.dll, Closing the connection !
TpTrace Verbose: 0 : 40604, 6, 2022/06/16, 21:55:10.530, 1134674804510, testhost.dll, LengthPrefixCommunicationChannel.Dispose: Dispose reader and writer.
TpTrace Verbose: 0 : 40604, 6, 2022/06/16, 21:55:10.530, 1134674805513, testhost.dll, TcpClientExtensions.MessageLoopAsync: exiting MessageLoopAsync remoteEndPoint: [::ffff:127.0.0.1]:12684 localEndPoint: [::ffff:127.0.0.1]:12685
TpTrace Information: 0 : 40604, 1, 2022/06/16, 21:55:10.530, 1134674804913, testhost.dll, SocketClient.Stop: Stop communication from server endpoint: 127.0.0.1:012684
TpTrace Verbose: 0 : 40604, 1, 2022/06/16, 21:55:10.530, 1134674806564, testhost.dll, LengthPrefixCommunicationChannel.Dispose: Dispose reader and writer.
TpTrace Information: 0 : 40604, 1, 2022/06/16, 21:55:10.530, 1134674807510, testhost.dll, Testhost process exiting.
