TpTrace Verbose: 0 : 34088, 1, 2022/06/16, 21:55:08.763, 1134657138007, datacollector.dll, Version: 17.2.0-release-20220408-11
TpTrace Information: 0 : 34088, 1, 2022/06/16, 21:55:08.769, 1134657195777, datacollector.dll, DataCollectorMain.Run: Starting data collector run with args: --port,12681,--parentprocessid,6116,--diag,C:\Users\Decagon\source\repos\Portfolio_DM\MyPortfolioest\bin\Debug\net5.0\fine-code-coverage\coverage-tool-output\diagnostics.datacollector.22-06-16_21-55-08_62369_5.log,--tracelevel,4
TpTrace Information: 0 : 34088, 1, 2022/06/16, 21:55:08.769, 1134657196927, datacollector.dll, DataCollector: Monitoring parent process with id: '6116'
TpTrace Information: 0 : 34088, 1, 2022/06/16, 21:55:08.777, 1134657270905, datacollector.dll, Trying to connect to server on socket : 127.0.0.1:12681 
TpTrace Verbose: 0 : 34088, 1, 2022/06/16, 21:55:08.784, 1134657348198, datacollector.dll, SocketCommunicationManager : SetupClientAsync : Attempting to connect to the server.
TpTrace Information: 0 : 34088, 8, 2022/06/16, 21:55:08.795, 1134657450069, datacollector.dll, Connected to the server successfully 
TpTrace Information: 0 : 34088, 8, 2022/06/16, 21:55:08.795, 1134657451283, datacollector.dll, Using the buffer size of 16384 bytes
TpTrace Information: 0 : 34088, 1, 2022/06/16, 21:55:08.871, 1134658219245, datacollector.dll, DataCollector: Start Request Processing.
TpTrace Verbose: 0 : 34088, 1, 2022/06/16, 21:55:08.872, 1134658221076, datacollector.dll, SocketCommunicationManager.WaitForServerConnection took: 0 ms, with 90000 ms timeout, and finished with True.
TpTrace Information: 0 : 34088, 1, 2022/06/16, 21:55:08.875, 1134658255035, datacollector.dll, DataCollectionRequestHandler.ProcessRequests: Datacollector received message: (DataCollection.BeforeTestRunStart) -> {
  "SettingsXml": "<RunSettings><RunConfiguration><ResultsDirectory>C:\\Users\\Decagon\\source\\repos\\Portfolio_DM\\MyPortfolioest\\bin\\Debug\\net5.0\\fine-code-coverage\\coverage-tool-output</ResultsDirectory><TargetPlatform>X64</TargetPlatform><TargetFrameworkVersion>.NETCoreApp,Version=v5.0</TargetFrameworkVersion><DesignMode>False</DesignMode><CollectSourceInformation>False</CollectSourceInformation><TestAdaptersPaths>C:\\Program Files\\dotnet\\sdk\\6.0.300\\Extensions</TestAdaptersPaths></RunConfiguration><LoggerRunSettings><Loggers><Logger friendlyName=\"blame\" enabled=\"True\" /><Logger friendlyName=\"Console\" uri=\"logger://microsoft/TestPlatform/ConsoleLogger/v1\" assemblyQualifiedName=\"Microsoft.VisualStudio.TestPlatform.CommandLine.Internal.ConsoleLogger, vstest.console, Version=15.0.0.0, Culture=neutral, PublicKeyToken=b03f5f7f11d50a3a\" codeBase=\"C:\\Program Files\\dotnet\\sdk\\6.0.300\\vstest.console.dll\" enabled=\"True\" /></Loggers></LoggerRunSettings><DataCollectionRunSettings><DataCollectors><DataCollector friendlyName=\"blame\" enabled=\"True\"><Configuration><ResultsDirectory>C:\\Users\\Decagon\\source\\repos\\Portfolio_DM\\MyPortfolioest\\bin\\Debug\\net5.0\\fine-code-coverage\\coverage-tool-output</ResultsDirectory></Configuration></DataCollector></DataCollectors></DataCollectionRunSettings></RunSettings>",
  "Sources": [
    "C:\\Users\\Decagon\\source\\repos\\Portfolio_DM\\MyPortfolioest\\bin\\Debug\\net5.0\\fine-code-coverage\\build-output\\MyPortfolioTest.dll"
  ],
  "IsTelemetryOptedIn": false
}
TpTrace Verbose: 0 : 34088, 1, 2022/06/16, 21:55:08.922, 1134658725084, datacollector.dll, TestPluginCache: Update extensions started. Skip filter = False
TpTrace Verbose: 0 : 34088, 1, 2022/06/16, 21:55:08.923, 1134658733433, datacollector.dll, TestPluginCache: Using directories for assembly resolution 'C:\Program Files\dotnet\sdk\6.0.300\Extensions'.
TpTrace Verbose: 0 : 34088, 1, 2022/06/16, 21:55:08.923, 1134658734155, datacollector.dll, TestPluginCache: Updated the available extensions to 'C:\Program Files\dotnet\sdk\6.0.300\Extensions\Microsoft.TestPlatform.Extensions.BlameDataCollector.dll,C:\Program Files\dotnet\sdk\6.0.300\Extensions\Microsoft.TestPlatform.Extensions.EventLogCollector.dll'.
TpTrace Verbose: 0 : 34088, 1, 2022/06/16, 21:55:08.931, 1134658814860, datacollector.dll, TestPluginCache.DiscoverTestExtensions: finding test extensions in assemblies ends with: Collector.dll TPluginInfo: Microsoft.VisualStudio.TestPlatform.Common.DataCollector.DataCollectorConfig TExtension: Microsoft.VisualStudio.TestPlatform.ObjectModel.DataCollection.DataCollector
TpTrace Verbose: 0 : 34088, 1, 2022/06/16, 21:55:08.931, 1134658819091, datacollector.dll, TestPluginCache.GetExtensionPaths: Filtered extension paths: C:\Program Files\dotnet\sdk\6.0.300\Extensions\Microsoft.TestPlatform.Extensions.BlameDataCollector.dll
C:\Program Files\dotnet\sdk\6.0.300\Extensions\Microsoft.TestPlatform.Extensions.EventLogCollector.dll
TpTrace Verbose: 0 : 34088, 1, 2022/06/16, 21:55:08.931, 1134658819498, datacollector.dll, TestPluginCache.GetExtensionPaths: Added default extension paths: 
TpTrace Verbose: 0 : 34088, 1, 2022/06/16, 21:55:08.932, 1134658819690, datacollector.dll, TestPluginCache.GetExtensionPaths: Added unfilterableExtensionPaths: 
TpTrace Information: 0 : 34088, 1, 2022/06/16, 21:55:08.932, 1134658825085, datacollector.dll, AssemblyResolver.ctor: Creating AssemblyResolver with searchDirectories C:\Program Files\dotnet\sdk\6.0.300\Extensions,C:\Program Files\dotnet\sdk\6.0.300
TpTrace Verbose: 0 : 34088, 1, 2022/06/16, 21:55:08.935, 1134658852135, datacollector.dll, TestPluginCache.DiscoverTestExtensions: Discovering the extensions using extension path.
TpTrace Verbose: 0 : 34088, 1, 2022/06/16, 21:55:08.935, 1134658853794, datacollector.dll, TestPluginCache.GetExtensionPaths: Filtered extension paths: C:\Program Files\dotnet\sdk\6.0.300\Extensions\Microsoft.TestPlatform.Extensions.BlameDataCollector.dll
C:\Program Files\dotnet\sdk\6.0.300\Extensions\Microsoft.TestPlatform.Extensions.EventLogCollector.dll
TpTrace Verbose: 0 : 34088, 1, 2022/06/16, 21:55:08.935, 1134658854278, datacollector.dll, TestPluginCache.GetExtensionPaths: Added default extension paths: 
TpTrace Verbose: 0 : 34088, 1, 2022/06/16, 21:55:08.935, 1134658854490, datacollector.dll, TestPluginCache.GetExtensionPaths: Added unfilterableExtensionPaths: 
TpTrace Verbose: 0 : 34088, 1, 2022/06/16, 21:55:08.935, 1134658854901, datacollector.dll, TestPluginCache.DiscoverTestExtensions: Discovering the extensions using allExtensionPaths: C:\Program Files\dotnet\sdk\6.0.300\Extensions\Microsoft.TestPlatform.Extensions.BlameDataCollector.dll
C:\Program Files\dotnet\sdk\6.0.300\Extensions\Microsoft.TestPlatform.Extensions.EventLogCollector.dll
TpTrace Information: 0 : 34088, 1, 2022/06/16, 21:55:08.935, 1134658855916, datacollector.dll, AssemblyResolver.AddSearchDirectories: Adding more searchDirectories C:\Program Files\dotnet\sdk\6.0.300\Extensions,C:\Program Files\dotnet\sdk\6.0.300
TpTrace Information: 0 : 34088, 1, 2022/06/16, 21:55:08.935, 1134658856398, datacollector.dll, AssemblyResolver.AddSearchDirectories: Adding more searchDirectories C:\Program Files\dotnet\sdk\6.0.300\Extensions,C:\Program Files\dotnet\sdk\6.0.300
TpTrace Information: 0 : 34088, 1, 2022/06/16, 21:55:08.936, 1134658859828, datacollector.dll, AssemblyResolver.OnResolve: Microsoft.TestPlatform.Extensions.BlameDataCollector: Resolving assembly.
TpTrace Information: 0 : 34088, 1, 2022/06/16, 21:55:08.936, 1134658860527, datacollector.dll, AssemblyResolver.OnResolve: Microsoft.TestPlatform.Extensions.BlameDataCollector: Searching in: 'C:\Program Files\dotnet\sdk\6.0.300\Extensions'.
TpTrace Information: 0 : 34088, 1, 2022/06/16, 21:55:08.937, 1134658875936, datacollector.dll, AssemblyResolver.OnResolve: Microsoft.TestPlatform.Extensions.BlameDataCollector: Loading assembly 'C:\Program Files\dotnet\sdk\6.0.300\Extensions\Microsoft.TestPlatform.Extensions.BlameDataCollector.dll'.
TpTrace Information: 0 : 34088, 1, 2022/06/16, 21:55:08.939, 1134658891854, datacollector.dll, AssemblyResolver.OnResolve: Resolved assembly: Microsoft.TestPlatform.Extensions.BlameDataCollector, from path: C:\Program Files\dotnet\sdk\6.0.300\Extensions\Microsoft.TestPlatform.Extensions.BlameDataCollector.dll
TpTrace Verbose: 0 : 34088, 1, 2022/06/16, 21:55:08.945, 1134658949988, datacollector.dll, MetadataReaderExtensionsHelper: Discovering extensions inside assembly 'Microsoft.TestPlatform.Extensions.BlameDataCollector, Version=15.0.0.0, Culture=neutral, PublicKeyToken=b03f5f7f11d50a3a' file path 'C:\Program Files\dotnet\sdk\6.0.300\Extensions\Microsoft.TestPlatform.Extensions.BlameDataCollector.dll'
TpTrace Error: 0 : 34088, 1, 2022/06/16, 21:55:08.958, 1134659084473, datacollector.dll, The type "Microsoft.TestPlatform.Extensions.BlameDataCollector.BlameCollector" defined in "Microsoft.TestPlatform.Extensions.BlameDataCollector.dll" does not have ExtensionUri attribute.
TpTrace Information: 0 : 34088, 1, 2022/06/16, 21:55:08.959, 1134659093423, datacollector.dll, GetTestExtensionFromType: Register extension with identifier data 'datacollector://microsoft/TestPlatform/Extensions/Blame/v1' and type 'Microsoft.TestPlatform.Extensions.BlameDataCollector.BlameCollector, Microsoft.TestPlatform.Extensions.BlameDataCollector, Version=15.0.0.0, Culture=neutral, PublicKeyToken=b03f5f7f11d50a3a' inside file 'C:\Program Files\dotnet\sdk\6.0.300\Extensions\Microsoft.TestPlatform.Extensions.BlameDataCollector.dll'
TpTrace Information: 0 : 34088, 1, 2022/06/16, 21:55:08.959, 1134659094380, datacollector.dll, AssemblyResolver.OnResolve: Microsoft.TestPlatform.Extensions.EventLogCollector: Resolving assembly.
TpTrace Information: 0 : 34088, 1, 2022/06/16, 21:55:08.959, 1134659094708, datacollector.dll, AssemblyResolver.OnResolve: Microsoft.TestPlatform.Extensions.EventLogCollector: Searching in: 'C:\Program Files\dotnet\sdk\6.0.300\Extensions'.
TpTrace Information: 0 : 34088, 1, 2022/06/16, 21:55:08.960, 1134659102557, datacollector.dll, AssemblyResolver.OnResolve: Microsoft.TestPlatform.Extensions.EventLogCollector: Loading assembly 'C:\Program Files\dotnet\sdk\6.0.300\Extensions\Microsoft.TestPlatform.Extensions.EventLogCollector.dll'.
TpTrace Information: 0 : 34088, 1, 2022/06/16, 21:55:08.960, 1134659109338, datacollector.dll, AssemblyResolver.OnResolve: Resolved assembly: Microsoft.TestPlatform.Extensions.EventLogCollector, from path: C:\Program Files\dotnet\sdk\6.0.300\Extensions\Microsoft.TestPlatform.Extensions.EventLogCollector.dll
TpTrace Verbose: 0 : 34088, 1, 2022/06/16, 21:55:08.961, 1134659109961, datacollector.dll, MetadataReaderExtensionsHelper: Discovering extensions inside assembly 'Microsoft.TestPlatform.Extensions.EventLogCollector, Version=15.0.0.0, Culture=neutral, PublicKeyToken=b03f5f7f11d50a3a' file path 'C:\Program Files\dotnet\sdk\6.0.300\Extensions\Microsoft.TestPlatform.Extensions.EventLogCollector.dll'
TpTrace Error: 0 : 34088, 1, 2022/06/16, 21:55:08.965, 1134659152566, datacollector.dll, The type "Microsoft.TestPlatform.Extensions.EventLogCollector.EventLogDataCollector" defined in "Microsoft.TestPlatform.Extensions.EventLogCollector.dll" does not have ExtensionUri attribute.
TpTrace Information: 0 : 34088, 1, 2022/06/16, 21:55:08.965, 1134659154608, datacollector.dll, GetTestExtensionFromType: Register extension with identifier data 'datacollector://microsoft/EventLog/2.0' and type 'Microsoft.TestPlatform.Extensions.EventLogCollector.EventLogDataCollector, Microsoft.TestPlatform.Extensions.EventLogCollector, Version=15.0.0.0, Culture=neutral, PublicKeyToken=b03f5f7f11d50a3a' inside file 'C:\Program Files\dotnet\sdk\6.0.300\Extensions\Microsoft.TestPlatform.Extensions.EventLogCollector.dll'
TpTrace Verbose: 0 : 34088, 1, 2022/06/16, 21:55:08.965, 1134659157384, datacollector.dll, TestPluginCache: Discovered the extensions using extension path 'C:\Program Files\dotnet\sdk\6.0.300\Extensions\Microsoft.TestPlatform.Extensions.BlameDataCollector.dll,C:\Program Files\dotnet\sdk\6.0.300\Extensions\Microsoft.TestPlatform.Extensions.EventLogCollector.dll'.
TpTrace Verbose: 0 : 34088, 1, 2022/06/16, 21:55:08.965, 1134659158127, datacollector.dll, TestPluginCache: Discoverers are ''.
TpTrace Verbose: 0 : 34088, 1, 2022/06/16, 21:55:08.965, 1134659158377, datacollector.dll, TestPluginCache: Executors are ''.
TpTrace Verbose: 0 : 34088, 1, 2022/06/16, 21:55:08.965, 1134659158641, datacollector.dll, TestPluginCache: Executors2 are ''.
TpTrace Verbose: 0 : 34088, 1, 2022/06/16, 21:55:08.965, 1134659158885, datacollector.dll, TestPluginCache: Setting providers are ''.
TpTrace Verbose: 0 : 34088, 1, 2022/06/16, 21:55:08.965, 1134659159108, datacollector.dll, TestPluginCache: Loggers are ''.
TpTrace Verbose: 0 : 34088, 1, 2022/06/16, 21:55:08.965, 1134659159324, datacollector.dll, TestPluginCache: TestHosts are ''.
TpTrace Verbose: 0 : 34088, 1, 2022/06/16, 21:55:08.966, 1134659161591, datacollector.dll, TestPluginCache: DataCollectors are 'datacollector://microsoft/TestPlatform/Extensions/Blame/v1,datacollector://microsoft/EventLog/2.0'.
TpTrace Information: 0 : 34088, 1, 2022/06/16, 21:55:08.967, 1134659171411, datacollector.dll, TestPluginManager.CreateTestExtension: Attempting to load test extension: Microsoft.TestPlatform.Extensions.BlameDataCollector.BlameCollector
TpTrace Verbose: 0 : 34088, 1, 2022/06/16, 21:55:08.971, 1134659215810, datacollector.dll, MulticastDelegateUtilities.SafeInvoke: DataCollectionEvents.SessionStart: Invoking callbacks was skipped because there are no subscribers.
TpTrace Information: 0 : 34088, 1, 2022/06/16, 21:55:08.972, 1134659225370, datacollector.dll, Listening on Endpoint : 127.0.0.1:12683
TpTrace Information: 0 : 34088, 1, 2022/06/16, 21:55:08.978, 1134659285878, datacollector.dll, DataCollectionRequestHandler.ProcessRequests : DataCollection started.
TpTrace Information: 0 : 34088, 1, 2022/06/16, 21:55:09.001, 1134659511573, datacollector.dll, DataCollectionRequestHandler.ProcessRequests: Datacollector received message: (DataCollection.TestHostLaunched) -> {
  "ProcessId": 40604
}
TpTrace Verbose: 0 : 34088, 1, 2022/06/16, 21:55:09.002, 1134659529296, datacollector.dll, MulticastDelegateUtilities.SafeInvoke: DataCollectionEvents.TestHostLaunched: Invoking callback 1/1 for Microsoft.TestPlatform.Extensions.BlameDataCollector.BlameCollector.TestHostLaunchedHandler, took 0 ms.
TpTrace Information: 0 : 34088, 5, 2022/06/16, 21:55:09.229, 1134661792878, datacollector.dll, Using the buffer size of 16384 bytes
TpTrace Verbose: 0 : 34088, 8, 2022/06/16, 21:55:09.229, 1134661793047, datacollector.dll, SocketCommunicationManager.WaitForClientConnection took: 253 ms, with 90000 ms timeout, and finished with True.
TpTrace Information: 0 : 34088, 5, 2022/06/16, 21:55:09.229, 1134661794235, datacollector.dll, Accepted Client request and set the flag
TpTrace Information: 0 : 34088, 8, 2022/06/16, 21:55:10.319, 1134672699284, datacollector.dll, DataCollectionTestCaseEventHandler: Test case starting.
TpTrace Information: 0 : 34088, 8, 2022/06/16, 21:55:10.333, 1134672829950, datacollector.dll, Blame Collector : Test Case Start
TpTrace Verbose: 0 : 34088, 8, 2022/06/16, 21:55:10.333, 1134672834000, datacollector.dll, MulticastDelegateUtilities.SafeInvoke: DataCollectionEvents.TestCaseStart: Invoking callback 1/1 for Microsoft.TestPlatform.Extensions.BlameDataCollector.BlameCollector.EventsTestCaseStart, took 0 ms.
TpTrace Information: 0 : 34088, 8, 2022/06/16, 21:55:10.333, 1134672836388, datacollector.dll, DataCollectionTestCaseEventHandler: Test case 'MyPortfolioTest.SeederTest.WriteToJsonTest(name: "Bond", email: "Bond1@gmail.com", subject: "Grateful God", message: "Feeling vibe just now") - c37a4a35-a1e5-bd90-9e98-dca42a1239bd' started.
TpTrace Information: 0 : 34088, 8, 2022/06/16, 21:55:10.452, 1134674028871, datacollector.dll, DataCollectionTestCaseEventHandler: Test case completing.
TpTrace Information: 0 : 34088, 8, 2022/06/16, 21:55:10.457, 1134674074906, datacollector.dll, Blame Collector: Test Case End
TpTrace Verbose: 0 : 34088, 8, 2022/06/16, 21:55:10.457, 1134674077577, datacollector.dll, MulticastDelegateUtilities.SafeInvoke: DataCollectionEvents.TestCaseEnd: Invoking callback 1/1 for Microsoft.TestPlatform.Extensions.BlameDataCollector.BlameCollector.EventsTestCaseEnd, took 0 ms.
TpTrace Information: 0 : 34088, 8, 2022/06/16, 21:55:10.460, 1134674101177, datacollector.dll, DataCollectionTestCaseEventHandler: Test case 'MyPortfolioTest.SeederTest.WriteToJsonTest(name: "Bond", email: "Bond1@gmail.com", subject: "Grateful God", message: "Feeling vibe just now") - c37a4a35-a1e5-bd90-9e98-dca42a1239bd' completed
TpTrace Information: 0 : 34088, 8, 2022/06/16, 21:55:10.475, 1134674259497, datacollector.dll, DataCollectionTestCaseEventHandler: Test case starting.
TpTrace Information: 0 : 34088, 8, 2022/06/16, 21:55:10.476, 1134674263147, datacollector.dll, Blame Collector : Test Case Start
TpTrace Verbose: 0 : 34088, 8, 2022/06/16, 21:55:10.476, 1134674263931, datacollector.dll, MulticastDelegateUtilities.SafeInvoke: DataCollectionEvents.TestCaseStart: Invoking callback 1/1 for Microsoft.TestPlatform.Extensions.BlameDataCollector.BlameCollector.EventsTestCaseStart, took 0 ms.
TpTrace Information: 0 : 34088, 8, 2022/06/16, 21:55:10.476, 1134674265129, datacollector.dll, DataCollectionTestCaseEventHandler: Test case 'MyPortfolioTest.SeederTest.WriteToJsonTest(name: "Kunle", email: "favourblessing1@gmail.com", subject: "Good", message: "Awesome good God") - 56c57bd4-8f0b-ce0a-6604-0f77742a899c' started.
TpTrace Information: 0 : 34088, 8, 2022/06/16, 21:55:10.477, 1134674274845, datacollector.dll, DataCollectionTestCaseEventHandler: Test case completing.
TpTrace Information: 0 : 34088, 8, 2022/06/16, 21:55:10.477, 1134674277883, datacollector.dll, Blame Collector: Test Case End
TpTrace Verbose: 0 : 34088, 8, 2022/06/16, 21:55:10.477, 1134674278538, datacollector.dll, MulticastDelegateUtilities.SafeInvoke: DataCollectionEvents.TestCaseEnd: Invoking callback 1/1 for Microsoft.TestPlatform.Extensions.BlameDataCollector.BlameCollector.EventsTestCaseEnd, took 0 ms.
TpTrace Information: 0 : 34088, 8, 2022/06/16, 21:55:10.478, 1134674279736, datacollector.dll, DataCollectionTestCaseEventHandler: Test case 'MyPortfolioTest.SeederTest.WriteToJsonTest(name: "Kunle", email: "favourblessing1@gmail.com", subject: "Good", message: "Awesome good God") - 56c57bd4-8f0b-ce0a-6604-0f77742a899c' completed
TpTrace Information: 0 : 34088, 8, 2022/06/16, 21:55:10.479, 1134674290177, datacollector.dll, DataCollectionTestCaseEventHandler: Test case starting.
TpTrace Information: 0 : 34088, 8, 2022/06/16, 21:55:10.479, 1134674292145, datacollector.dll, Blame Collector : Test Case Start
TpTrace Verbose: 0 : 34088, 8, 2022/06/16, 21:55:10.479, 1134674292568, datacollector.dll, MulticastDelegateUtilities.SafeInvoke: DataCollectionEvents.TestCaseStart: Invoking callback 1/1 for Microsoft.TestPlatform.Extensions.BlameDataCollector.BlameCollector.EventsTestCaseStart, took 0 ms.
TpTrace Information: 0 : 34088, 8, 2022/06/16, 21:55:10.479, 1134674293417, datacollector.dll, DataCollectionTestCaseEventHandler: Test case 'MyPortfolioTest.SeederTest.WriteToJsonTest(name: "Favour", email: "favourblessing1@gmail.com", subject: "Doing Good", message: "Awesome good God") - 488d7e6f-8cd3-43d3-d9e0-ad8dabf321ae' started.
TpTrace Information: 0 : 34088, 8, 2022/06/16, 21:55:10.480, 1134674302004, datacollector.dll, DataCollectionTestCaseEventHandler: Test case completing.
TpTrace Information: 0 : 34088, 8, 2022/06/16, 21:55:10.480, 1134674304591, datacollector.dll, Blame Collector: Test Case End
TpTrace Verbose: 0 : 34088, 8, 2022/06/16, 21:55:10.480, 1134674305177, datacollector.dll, MulticastDelegateUtilities.SafeInvoke: DataCollectionEvents.TestCaseEnd: Invoking callback 1/1 for Microsoft.TestPlatform.Extensions.BlameDataCollector.BlameCollector.EventsTestCaseEnd, took 0 ms.
TpTrace Information: 0 : 34088, 8, 2022/06/16, 21:55:10.480, 1134674306341, datacollector.dll, DataCollectionTestCaseEventHandler: Test case 'MyPortfolioTest.SeederTest.WriteToJsonTest(name: "Favour", email: "favourblessing1@gmail.com", subject: "Doing Good", message: "Awesome good God") - 488d7e6f-8cd3-43d3-d9e0-ad8dabf321ae' completed
TpTrace Information: 0 : 34088, 8, 2022/06/16, 21:55:10.489, 1134674399641, datacollector.dll, DataCollectionTestCaseEventHandler: Test session ended
TpTrace Information: 0 : 34088, 1, 2022/06/16, 21:55:10.587, 1134675374750, datacollector.dll, DataCollectionRequestHandler.ProcessRequests: Datacollector received message: (DataCollection.AfterTestRunEnd) -> false
TpTrace Information: 0 : 34088, 1, 2022/06/16, 21:55:10.589, 1134675390311, datacollector.dll, Blame Collector: Session End
TpTrace Information: 0 : 34088, 1, 2022/06/16, 21:55:10.589, 1134675391247, datacollector.dll, BlameCollector.CollectDumpAndAbortTesthost: Custom path to dump directory was provided via VSTEST_DUMP_PATH. Skipping attachment upload, the caller is responsible for collecting and uploading the dumps themselves.
TpTrace Verbose: 0 : 34088, 1, 2022/06/16, 21:55:10.589, 1134675392218, datacollector.dll, MulticastDelegateUtilities.SafeInvoke: DataCollectionEvents.SessionEnd: Invoking callback 1/1 for Microsoft.TestPlatform.Extensions.BlameDataCollector.BlameCollector.SessionEndedHandler, took 0 ms.
TpTrace Information: 0 : 34088, 1, 2022/06/16, 21:55:10.589, 1134675397819, datacollector.dll, DataCollectionManager.CleanupPlugins: CleanupPlugins called
TpTrace Verbose: 0 : 34088, 1, 2022/06/16, 21:55:10.589, 1134675398298, datacollector.dll, DataCollectionManager.CleanupPlugins: Cleaning up 1 plugins
TpTrace Verbose: 0 : 34088, 1, 2022/06/16, 21:55:10.589, 1134675399042, datacollector.dll, dataCollectorInfo.DisposeDataCollector: calling Dispose() on Microsoft.TestPlatform.Extensions.BlameDataCollector.BlameCollector
TpTrace Information: 0 : 34088, 1, 2022/06/16, 21:55:10.589, 1134675399564, datacollector.dll, DataCollectionManager.CleanupPlugins: CleanupPlugins finished
TpTrace Information: 0 : 34088, 1, 2022/06/16, 21:55:10.594, 1134675445625, datacollector.dll, DataCollectionRequestHandler.ProcessRequests : Session End message received from server. Closing the connection.
TpTrace Information: 0 : 34088, 1, 2022/06/16, 21:55:10.594, 1134675447803, datacollector.dll, Closing the connection !
TpTrace Information: 0 : 34088, 1, 2022/06/16, 21:55:10.594, 1134675448230, datacollector.dll, DataCollectionRequestHandler.ProcessRequests : DataCollection completed
TpTrace Information: 0 : 34088, 1, 2022/06/16, 21:55:10.594, 1134675448503, datacollector.dll, Program.Main: exiting datacollector process.
